<?xml version="1.0" encoding="UTF-8"?>
<coverage generated="1787160839794" clover="3.2.0">
  <project timestamp="1787160839794" name="All files">
    <metrics statements="1583" coveredstatements="833" conditionals="2161" coveredconditionals="571" methods="296" coveredmethods="137" elements="4040" coveredelements="1541" complexity="0" loc="1583" ncloc="1583" packages="3" files="32" classes="32"/>
    <package name="content.help.admin">
      <metrics statements="17" coveredstatements="14" conditionals="10" coveredconditionals="9" methods="4" coveredmethods="1"/>
      <file name="general.ts" path="C:\Users\Administrator\Music\KrediApp\src\content\help\admin\general.ts">
        <metrics statements="1" coveredstatements="1" conditionals="0" coveredconditionals="0" methods="0" coveredmethods="0"/>
        <line num="3" count="1" type="stmt"/>
      </file>
      <file name="pages.ts" path="C:\Users\Administrator\Music\KrediApp\src\content\help\admin\pages.ts">
        <metrics statements="1" coveredstatements="1" conditionals="0" coveredconditionals="0" methods="0" coveredmethods="0"/>
        <line num="20" count="1" type="stmt"/>
      </file>
      <file name="resolve.ts" path="C:\Users\Administrator\Music\KrediApp\src\content\help\admin\resolve.ts">
        <metrics statements="15" coveredstatements="12" conditionals="10" coveredconditionals="9" methods="4" coveredmethods="1"/>
        <line num="1" count="1" type="stmt"/>
        <line num="2" count="1" type="stmt"/>
        <line num="5" count="1" type="stmt"/>
        <line num="8" count="1" type="stmt"/>
        <line num="26" count="1" type="stmt"/>
        <line num="27" count="8" type="cond" truecount="3" falsecount="1"/>
        <line num="28" count="8" type="cond" truecount="2" falsecount="0"/>
        <line num="30" count="7" type="stmt"/>
        <line num="31" count="43" type="cond" truecount="4" falsecount="0"/>
        <line num="33" count="0" type="stmt"/>
        <line num="36" count="1" type="stmt"/>
        <line num="37" count="0" type="stmt"/>
        <line num="40" count="1" type="stmt"/>
        <line num="41" count="0" type="stmt"/>
        <line num="44" count="1" type="stmt"/>
      </file>
    </package>
    <package name="lib">
      <metrics statements="1565" coveredstatements="818" conditionals="2151" coveredconditionals="562" methods="292" coveredmethods="136"/>
      <file name="admin-notificaciones-operativas.ts" path="C:\Users\Administrator\Music\KrediApp\src\lib\admin-notificaciones-operativas.ts">
        <metrics statements="86" coveredstatements="63" conditionals="105" coveredconditionals="43" methods="14" coveredmethods="12"/>
        <line num="7" count="1" type="stmt"/>
        <line num="14" count="1" type="stmt"/>
        <line num="28" count="6" type="stmt"/>
        <line num="29" count="6" type="stmt"/>
        <line num="33" count="3" type="stmt"/>
        <line num="34" count="3" type="cond" truecount="1" falsecount="1"/>
        <line num="38" count="9" type="cond" truecount="5" falsecount="0"/>
        <line num="39" count="7" type="stmt"/>
        <line num="40" count="7" type="cond" truecount="1" falsecount="1"/>
        <line num="42" count="2" type="cond" truecount="1" falsecount="1"/>
        <line num="43" count="0" type="stmt"/>
        <line num="44" count="0" type="cond" truecount="0" falsecount="2"/>
        <line num="46" count="2" type="cond" truecount="2" falsecount="2"/>
        <line num="47" count="2" type="stmt"/>
        <line num="48" count="2" type="cond" truecount="1" falsecount="1"/>
        <line num="50" count="0" type="stmt"/>
        <line num="54" count="1" type="stmt"/>
        <line num="55" count="1" type="cond" truecount="1" falsecount="1"/>
        <line num="56" count="1" type="stmt"/>
        <line num="61" count="3" type="cond" truecount="2" falsecount="0"/>
        <line num="62" count="2" type="stmt"/>
        <line num="64" count="1" type="stmt"/>
        <line num="65" count="1" type="cond" truecount="2" falsecount="0"/>
        <line num="76" count="3" type="cond" truecount="2" falsecount="0"/>
        <line num="77" count="2" type="stmt"/>
        <line num="79" count="1" type="stmt"/>
        <line num="80" count="1" type="stmt"/>
        <line num="81" count="1" type="cond" truecount="3" falsecount="1"/>
        <line num="82" count="1" type="cond" truecount="1" falsecount="1"/>
        <line num="85" count="1" type="cond" truecount="2" falsecount="0"/>
        <line num="87" count="1" type="stmt"/>
        <line num="88" count="1" type="stmt"/>
        <line num="96" count="1" type="cond" truecount="1" falsecount="1"/>
        <line num="98" count="1" type="stmt"/>
        <line num="99" count="1" type="stmt"/>
        <line num="100" count="8" type="stmt"/>
        <line num="102" count="1" type="stmt"/>
        <line num="105" count="1" type="stmt"/>
        <line num="112" count="1" type="stmt"/>
        <line num="119" count="1" type="stmt"/>
        <line num="123" count="3" type="cond" truecount="1" falsecount="1"/>
        <line num="124" count="3" type="stmt"/>
        <line num="126" count="3" type="cond" truecount="2" falsecount="1"/>
        <line num="128" count="3" type="cond" truecount="1" falsecount="1"/>
        <line num="130" count="3" type="cond" truecount="2" falsecount="1"/>
        <line num="133" count="3" type="cond" truecount="1" falsecount="1"/>
        <line num="134" count="3" type="stmt"/>
        <line num="143" count="1" type="stmt"/>
        <line num="148" count="0" type="stmt"/>
        <line num="149" count="0" type="cond" truecount="0" falsecount="2"/>
        <line num="151" count="0" type="cond" truecount="0" falsecount="3"/>
        <line num="152" count="0" type="stmt"/>
        <line num="161" count="1" type="stmt"/>
        <line num="166" count="2" type="stmt"/>
        <line num="167" count="2" type="cond" truecount="1" falsecount="1"/>
        <line num="169" count="2" type="cond" truecount="2" falsecount="1"/>
        <line num="171" count="2" type="cond" truecount="1" falsecount="1"/>
        <line num="172" count="2" type="stmt"/>
        <line num="184" count="1" type="stmt"/>
        <line num="189" count="1" type="stmt"/>
        <line num="191" count="1" type="cond" truecount="2" falsecount="1"/>
        <line num="193" count="1" type="cond" truecount="1" falsecount="1"/>
        <line num="194" count="1" type="stmt"/>
        <line num="207" count="1" type="stmt"/>
        <line num="211" count="0" type="stmt"/>
        <line num="212" count="0" type="cond" truecount="0" falsecount="2"/>
        <line num="215" count="0" type="cond" truecount="0" falsecount="3"/>
        <line num="217" count="0" type="cond" truecount="0" falsecount="2"/>
        <line num="219" count="0" type="cond" truecount="0" falsecount="2"/>
        <line num="220" count="0" type="cond" truecount="0" falsecount="2"/>
        <line num="222" count="0" type="cond" truecount="0" falsecount="2"/>
        <line num="223" count="0" type="stmt"/>
        <line num="235" count="0" type="cond" truecount="0" falsecount="2"/>
        <line num="237" count="0" type="cond" truecount="0" falsecount="8"/>
        <line num="238" count="0" type="stmt"/>
        <line num="247" count="0" type="cond" truecount="0" falsecount="2"/>
        <line num="248" count="0" type="cond" truecount="0" falsecount="2"/>
        <line num="250" count="0" type="cond" truecount="0" falsecount="8"/>
        <line num="251" count="0" type="stmt"/>
        <line num="263" count="0" type="stmt"/>
        <line num="266" count="1" type="stmt"/>
        <line num="269" count="1" type="stmt"/>
        <line num="270" count="1" type="stmt"/>
        <line num="271" count="2" type="stmt"/>
        <line num="272" count="3" type="stmt"/>
        <line num="275" count="2" type="stmt"/>
      </file>
      <file name="anular-pago-prestamo.ts" path="C:\Users\Administrator\Music\KrediApp\src\lib\anular-pago-prestamo.ts">
        <metrics statements="78" coveredstatements="66" conditionals="71" coveredconditionals="48" methods="7" coveredmethods="5"/>
        <line num="1" count="1" type="stmt"/>
        <line num="2" count="1" type="stmt"/>
        <line num="71" count="1" type="stmt"/>
        <line num="76" count="12" type="cond" truecount="2" falsecount="0"/>
        <line num="80" count="12" type="cond" truecount="2" falsecount="0"/>
        <line num="83" count="12" type="stmt"/>
        <line num="100" count="1" type="stmt"/>
        <line num="106" count="6" type="stmt"/>
        <line num="108" count="6" type="cond" truecount="4" falsecount="0"/>
        <line num="109" count="1" type="stmt"/>
        <line num="111" count="5" type="cond" truecount="2" falsecount="0"/>
        <line num="112" count="1" type="stmt"/>
        <line num="114" count="4" type="cond" truecount="2" falsecount="0"/>
        <line num="115" count="1" type="stmt"/>
        <line num="117" count="3" type="cond" truecount="2" falsecount="0"/>
        <line num="118" count="1" type="stmt"/>
        <line num="120" count="2" type="cond" truecount="2" falsecount="0"/>
        <line num="121" count="1" type="stmt"/>
        <line num="123" count="1" type="stmt"/>
        <line num="129" count="1" type="stmt"/>
        <line num="134" count="2" type="cond" truecount="1" falsecount="1"/>
        <line num="135" count="2" type="cond" truecount="1" falsecount="1"/>
        <line num="136" count="2" type="stmt"/>
        <line num="137" count="2" type="cond" truecount="2" falsecount="0"/>
        <line num="138" count="1" type="stmt"/>
        <line num="140" count="1" type="stmt"/>
        <line num="143" count="1" type="stmt"/>
        <line num="144" count="3" type="cond" truecount="2" falsecount="0"/>
        <line num="150" count="1" type="stmt"/>
        <line num="153" count="2" type="cond" truecount="2" falsecount="0"/>
        <line num="157" count="1" type="stmt"/>
        <line num="160" count="1" type="stmt"/>
        <line num="163" count="1" type="stmt"/>
        <line num="170" count="10" type="stmt"/>
        <line num="176" count="10" type="cond" truecount="2" falsecount="0"/>
        <line num="177" count="9" type="stmt"/>
        <line num="178" count="9" type="stmt"/>
        <line num="179" count="9" type="stmt"/>
        <line num="181" count="1" type="stmt"/>
        <line num="182" count="1" type="stmt"/>
        <line num="183" count="1" type="stmt"/>
        <line num="187" count="10" type="cond" truecount="2" falsecount="0"/>
        <line num="190" count="10" type="stmt"/>
        <line num="192" count="10" type="stmt"/>
        <line num="193" count="10" type="stmt"/>
        <line num="194" count="10" type="stmt"/>
        <line num="195" count="10" type="stmt"/>
        <line num="197" count="10" type="cond" truecount="2" falsecount="0"/>
        <line num="198" count="3" type="stmt"/>
        <line num="199" count="3" type="stmt"/>
        <line num="200" count="3" type="stmt"/>
        <line num="202" count="7" type="stmt"/>
        <line num="203" count="7" type="stmt"/>
        <line num="204" count="7" type="stmt"/>
        <line num="207" count="10" type="cond" truecount="1" falsecount="1"/>
        <line num="208" count="10" type="cond" truecount="1" falsecount="1"/>
        <line num="209" count="10" type="cond" truecount="1" falsecount="1"/>
        <line num="210" count="10" type="cond" truecount="1" falsecount="1"/>
        <line num="212" count="10" type="stmt"/>
        <line num="219" count="10" type="stmt"/>
        <line num="220" count="10" type="cond" truecount="4" falsecount="0"/>
        <line num="221" count="5" type="stmt"/>
        <line num="222" count="5" type="cond" truecount="1" falsecount="1"/>
        <line num="225" count="10" type="stmt"/>
        <line num="241" count="1" type="stmt"/>
        <line num="242" count="0" type="cond" truecount="0" falsecount="7"/>
        <line num="244" count="0" type="stmt"/>
        <line num="246" count="0" type="stmt"/>
        <line num="248" count="0" type="stmt"/>
        <line num="250" count="0" type="stmt"/>
        <line num="252" count="0" type="stmt"/>
        <line num="254" count="0" type="stmt"/>
        <line num="256" count="0" type="stmt"/>
        <line num="260" count="1" type="stmt"/>
        <line num="261" count="0" type="cond" truecount="0" falsecount="2"/>
        <line num="262" count="0" type="cond" truecount="0" falsecount="2"/>
        <line num="263" count="0" type="cond" truecount="0" falsecount="2"/>
        <line num="264" count="0" type="cond" truecount="0" falsecount="2"/>
      </file>
      <file name="aviso-acceso-vencimiento.ts" path="C:\Users\Administrator\Music\KrediApp\src\lib\aviso-acceso-vencimiento.ts">
        <metrics statements="32" coveredstatements="20" conditionals="31" coveredconditionals="22" methods="7" coveredmethods="4"/>
        <line num="7" count="1" type="stmt"/>
        <line num="9" count="1" type="stmt"/>
        <line num="12" count="1" type="stmt"/>
        <line num="14" count="1" type="stmt"/>
        <line num="16" count="1" type="stmt"/>
        <line num="20" count="1" type="stmt"/>
        <line num="21" count="5" type="cond" truecount="3" falsecount="0"/>
        <line num="28" count="1" type="stmt"/>
        <line num="29" count="9" type="cond" truecount="2" falsecount="0"/>
        <line num="32" count="1" type="stmt"/>
        <line num="36" count="4" type="stmt"/>
        <line num="39" count="1" type="stmt"/>
        <line num="40" count="0" type="stmt"/>
        <line num="43" count="1" type="stmt"/>
        <line num="47" count="0" type="cond" truecount="0" falsecount="2"/>
        <line num="48" count="0" type="stmt"/>
        <line num="49" count="0" type="stmt"/>
        <line num="50" count="0" type="cond" truecount="0" falsecount="2"/>
        <line num="51" count="0" type="stmt"/>
        <line num="52" count="0" type="cond" truecount="0" falsecount="2"/>
        <line num="53" count="0" type="stmt"/>
        <line num="55" count="0" type="stmt"/>
        <line num="60" count="1" type="cond" truecount="0" falsecount="1"/>
        <line num="61" count="0" type="stmt"/>
        <line num="62" count="0" type="stmt"/>
        <line num="68" count="1" type="stmt"/>
        <line num="73" count="5" type="cond" truecount="4" falsecount="0"/>
        <line num="74" count="3" type="cond" truecount="6" falsecount="0"/>
        <line num="76" count="2" type="cond" truecount="1" falsecount="1"/>
        <line num="77" count="2" type="cond" truecount="4" falsecount="0"/>
        <line num="78" count="2" type="cond" truecount="2" falsecount="0"/>
        <line num="80" count="0" type="stmt"/>
      </file>
      <file name="capital-formulas.ts" path="C:\Users\Administrator\Music\KrediApp\src\lib\capital-formulas.ts">
        <metrics statements="13" coveredstatements="13" conditionals="2" coveredconditionals="2" methods="6" coveredmethods="6"/>
        <line num="7" count="44" type="stmt"/>
        <line num="15" count="3" type="stmt"/>
        <line num="21" count="42" type="stmt"/>
        <line num="28" count="3" type="stmt"/>
        <line num="32" count="3" type="stmt"/>
        <line num="41" count="3" type="stmt"/>
        <line num="45" count="2" type="stmt"/>
        <line num="46" count="2" type="stmt"/>
        <line num="53" count="3" type="stmt"/>
        <line num="59" count="2" type="cond" truecount="2" falsecount="0"/>
        <line num="60" count="1" type="stmt"/>
        <line num="68" count="3" type="stmt"/>
        <line num="76" count="2" type="stmt"/>
      </file>
      <file name="capital-ruta-snapshot.ts" path="C:\Users\Administrator\Music\KrediApp\src\lib\capital-ruta-snapshot.ts">
        <metrics statements="28" coveredstatements="6" conditionals="22" coveredconditionals="0" methods="5" coveredmethods="0"/>
        <line num="6" count="1" type="stmt"/>
        <line num="13" count="1" type="stmt"/>
        <line num="29" count="0" type="stmt"/>
        <line num="37" count="1" type="stmt"/>
        <line num="41" count="0" type="stmt"/>
        <line num="47" count="1" type="stmt"/>
        <line num="51" count="0" type="cond" truecount="0" falsecount="2"/>
        <line num="53" count="0" type="cond" truecount="0" falsecount="2"/>
        <line num="54" count="0" type="cond" truecount="0" falsecount="2"/>
        <line num="55" count="0" type="cond" truecount="0" falsecount="2"/>
        <line num="56" count="0" type="cond" truecount="0" falsecount="2"/>
        <line num="58" count="0" type="cond" truecount="0" falsecount="2"/>
        <line num="59" count="0" type="stmt"/>
        <line num="67" count="0" type="stmt"/>
        <line num="81" count="1" type="stmt"/>
        <line num="87" count="0" type="stmt"/>
        <line num="88" count="0" type="stmt"/>
        <line num="89" count="0" type="stmt"/>
        <line num="96" count="1" type="stmt"/>
        <line num="103" count="0" type="cond" truecount="0" falsecount="4"/>
        <line num="109" count="0" type="cond" truecount="0" falsecount="2"/>
        <line num="110" count="0" type="stmt"/>
        <line num="111" count="0" type="stmt"/>
        <line num="112" count="0" type="stmt"/>
        <line num="113" count="0" type="stmt"/>
        <line num="114" count="0" type="stmt"/>
        <line num="117" count="0" type="stmt"/>
        <line num="119" count="0" type="stmt"/>
      </file>
      <file name="colombia-day-bounds.ts" path="C:\Users\Administrator\Music\KrediApp\src\lib\colombia-day-bounds.ts">
        <metrics statements="66" coveredstatements="50" conditionals="63" coveredconditionals="32" methods="13" coveredmethods="10"/>
        <line num="6" count="6" type="stmt"/>
        <line num="7" count="47" type="cond" truecount="2" falsecount="0"/>
        <line num="8" count="46" type="stmt"/>
        <line num="9" count="46" type="stmt"/>
        <line num="10" count="46" type="stmt"/>
        <line num="11" count="46" type="stmt"/>
        <line num="12" count="46" type="cond" truecount="4" falsecount="1"/>
        <line num="13" count="46" type="cond" truecount="5" falsecount="1"/>
        <line num="14" count="46" type="stmt"/>
        <line num="18" count="6" type="stmt"/>
        <line num="19" count="29" type="stmt"/>
        <line num="20" count="29" type="cond" truecount="1" falsecount="1"/>
        <line num="21" count="29" type="stmt"/>
        <line num="22" count="29" type="stmt"/>
        <line num="26" count="6" type="stmt"/>
        <line num="27" count="6" type="stmt"/>
        <line num="28" count="6" type="cond" truecount="1" falsecount="1"/>
        <line num="29" count="6" type="stmt"/>
        <line num="33" count="6" type="stmt"/>
        <line num="34" count="0" type="cond" truecount="0" falsecount="2"/>
        <line num="35" count="0" type="stmt"/>
        <line num="36" count="0" type="cond" truecount="0" falsecount="2"/>
        <line num="37" count="0" type="stmt"/>
        <line num="46" count="6" type="stmt"/>
        <line num="47" count="17" type="stmt"/>
        <line num="52" count="6" type="stmt"/>
        <line num="54" count="6" type="stmt"/>
        <line num="57" count="8" type="stmt"/>
        <line num="65" count="8" type="stmt"/>
        <line num="66" count="128" type="cond" truecount="6" falsecount="2"/>
        <line num="67" count="8" type="stmt"/>
        <line num="76" count="6" type="stmt"/>
        <line num="77" count="4" type="stmt"/>
        <line num="78" count="4" type="cond" truecount="1" falsecount="1"/>
        <line num="79" count="4" type="stmt"/>
        <line num="80" count="4" type="stmt"/>
        <line num="81" count="4" type="cond" truecount="1" falsecount="1"/>
        <line num="82" count="4" type="cond" truecount="1" falsecount="1"/>
        <line num="83" count="4" type="stmt"/>
        <line num="90" count="6" type="stmt"/>
        <line num="126" count="6" type="stmt"/>
        <line num="127" count="0" type="cond" truecount="0" falsecount="6"/>
        <line num="128" count="0" type="stmt"/>
        <line num="129" count="0" type="cond" truecount="0" falsecount="2"/>
        <line num="130" count="0" type="cond" truecount="0" falsecount="4"/>
        <line num="132" count="0" type="stmt"/>
        <line num="136" count="16" type="stmt"/>
        <line num="147" count="6" type="stmt"/>
        <line num="148" count="0" type="cond" truecount="0" falsecount="2"/>
        <line num="149" count="0" type="stmt"/>
        <line num="150" count="0" type="stmt"/>
        <line num="151" count="0" type="cond" truecount="0" falsecount="2"/>
        <line num="152" count="0" type="cond" truecount="0" falsecount="2"/>
        <line num="153" count="0" type="stmt"/>
        <line num="155" count="0" type="stmt"/>
        <line num="159" count="6" type="stmt"/>
        <line num="160" count="21" type="cond" truecount="2" falsecount="0"/>
        <line num="161" count="17" type="stmt"/>
        <line num="162" count="17" type="stmt"/>
        <line num="163" count="17" type="cond" truecount="2" falsecount="0"/>
        <line num="164" count="16" type="cond" truecount="2" falsecount="0"/>
        <line num="165" count="5" type="stmt"/>
        <line num="166" count="5" type="stmt"/>
        <line num="167" count="5" type="stmt"/>
        <line num="168" count="5" type="stmt"/>
        <line num="170" count="11" type="stmt"/>
      </file>
      <file name="empresa-acceso-fechas.ts" path="C:\Users\Administrator\Music\KrediApp\src\lib\empresa-acceso-fechas.ts">
        <metrics statements="27" coveredstatements="27" conditionals="38" coveredconditionals="29" methods="4" coveredmethods="4"/>
        <line num="5" count="2" type="stmt"/>
        <line num="13" count="2" type="stmt"/>
        <line num="17" count="7" type="cond" truecount="4" falsecount="0"/>
        <line num="18" count="5" type="stmt"/>
        <line num="19" count="5" type="cond" truecount="1" falsecount="1"/>
        <line num="20" count="5" type="stmt"/>
        <line num="24" count="2" type="stmt"/>
        <line num="28" count="10" type="cond" truecount="4" falsecount="0"/>
        <line num="29" count="9" type="stmt"/>
        <line num="30" count="9" type="cond" truecount="1" falsecount="1"/>
        <line num="31" count="9" type="cond" truecount="2" falsecount="0"/>
        <line num="32" count="5" type="stmt"/>
        <line num="33" count="5" type="stmt"/>
        <line num="34" count="5" type="stmt"/>
        <line num="35" count="5" type="stmt"/>
        <line num="36" count="5" type="stmt"/>
        <line num="47" count="2" type="stmt"/>
        <line num="52" count="2" type="cond" truecount="3" falsecount="1"/>
        <line num="54" count="2" type="cond" truecount="3" falsecount="1"/>
        <line num="57" count="2" type="stmt"/>
        <line num="58" count="2" type="stmt"/>
        <line num="68" count="2" type="stmt"/>
        <line num="69" count="4" type="cond" truecount="5" falsecount="0"/>
        <line num="70" count="2" type="cond" truecount="1" falsecount="1"/>
        <line num="71" count="2" type="stmt"/>
        <line num="72" count="2" type="cond" truecount="2" falsecount="0"/>
        <line num="73" count="1" type="stmt"/>
      </file>
      <file name="empresa-acceso.ts" path="C:\Users\Administrator\Music\KrediApp\src\lib\empresa-acceso.ts">
        <metrics statements="51" coveredstatements="13" conditionals="18" coveredconditionals="0" methods="11" coveredmethods="4"/>
        <line num="7" count="1" type="stmt"/>
        <line num="8" count="1" type="stmt"/>
        <line num="9" count="1" type="stmt"/>
        <line num="14" count="1" type="stmt"/>
        <line num="19" count="1" type="stmt"/>
        <line num="20" count="6" type="stmt"/>
        <line num="21" count="5" type="stmt"/>
        <line num="22" count="3" type="stmt"/>
        <line num="23" count="5" type="stmt"/>
        <line num="29" count="1" type="stmt"/>
        <line num="34" count="0" type="stmt"/>
        <line num="35" count="0" type="stmt"/>
        <line num="37" count="0" type="stmt"/>
        <line num="39" count="0" type="stmt"/>
        <line num="44" count="0" type="stmt"/>
        <line num="46" count="0" type="stmt"/>
        <line num="47" count="0" type="stmt"/>
        <line num="48" count="0" type="stmt"/>
        <line num="49" count="0" type="stmt"/>
        <line num="51" count="0" type="stmt"/>
        <line num="52" count="0" type="stmt"/>
        <line num="53" count="0" type="cond" truecount="0" falsecount="2"/>
        <line num="54" count="0" type="stmt"/>
        <line num="58" count="0" type="stmt"/>
        <line num="60" count="0" type="stmt"/>
        <line num="64" count="1" type="stmt"/>
        <line num="65" count="0" type="stmt"/>
        <line num="69" count="0" type="stmt"/>
        <line num="70" count="0" type="cond" truecount="0" falsecount="2"/>
        <line num="72" count="0" type="stmt"/>
        <line num="73" count="0" type="cond" truecount="0" falsecount="2"/>
        <line num="75" count="0" type="stmt"/>
        <line num="76" count="0" type="stmt"/>
        <line num="80" count="1" type="stmt"/>
        <line num="84" count="0" type="stmt"/>
        <line num="85" count="0" type="cond" truecount="0" falsecount="2"/>
        <line num="87" count="0" type="stmt"/>
        <line num="88" count="0" type="cond" truecount="0" falsecount="2"/>
        <line num="89" count="0" type="cond" truecount="0" falsecount="2"/>
        <line num="91" count="0" type="stmt"/>
        <line num="92" count="0" type="stmt"/>
        <line num="96" count="1" type="stmt"/>
        <line num="97" count="0" type="stmt"/>
        <line num="100" count="0" type="stmt"/>
        <line num="106" count="0" type="stmt"/>
        <line num="108" count="0" type="stmt"/>
        <line num="109" count="0" type="stmt"/>
        <line num="110" count="0" type="cond" truecount="0" falsecount="4"/>
        <line num="111" count="0" type="stmt"/>
        <line num="112" count="0" type="stmt"/>
        <line num="115" count="0" type="stmt"/>
      </file>
      <file name="empresa-api.ts" path="C:\Users\Administrator\Music\KrediApp\src\lib\empresa-api.ts">
        <metrics statements="361" coveredstatements="69" conditionals="983" coveredconditionals="13" methods="82" coveredmethods="3"/>
        <line num="6" count="1" type="stmt"/>
        <line num="12" count="1" type="stmt"/>
        <line num="13" count="0" type="stmt"/>
        <line num="14" count="0" type="stmt"/>
        <line num="19" count="0" type="stmt"/>
        <line num="77" count="1" type="stmt"/>
        <line num="78" count="0" type="cond" truecount="0" falsecount="4"/>
        <line num="79" count="0" type="stmt"/>
        <line num="80" count="0" type="cond" truecount="0" falsecount="2"/>
        <line num="81" count="0" type="stmt"/>
        <line num="88" count="1" type="stmt"/>
        <line num="89" count="4" type="cond" truecount="3" falsecount="1"/>
        <line num="90" count="4" type="stmt"/>
        <line num="91" count="4" type="cond" truecount="1" falsecount="1"/>
        <line num="92" count="0" type="stmt"/>
        <line num="99" count="1" type="stmt"/>
        <line num="100" count="0" type="cond" truecount="0" falsecount="4"/>
        <line num="101" count="0" type="stmt"/>
        <line num="102" count="0" type="cond" truecount="0" falsecount="2"/>
        <line num="183" count="0" type="stmt"/>
        <line num="187" count="0" type="stmt"/>
        <line num="201" count="0" type="cond" truecount="0" falsecount="2"/>
        <line num="202" count="0" type="stmt"/>
        <line num="203" count="0" type="cond" truecount="0" falsecount="2"/>
        <line num="204" count="0" type="cond" truecount="0" falsecount="2"/>
        <line num="208" count="0" type="cond" truecount="0" falsecount="2"/>
        <line num="209" count="0" type="stmt"/>
        <line num="210" count="0" type="cond" truecount="0" falsecount="2"/>
        <line num="211" count="0" type="cond" truecount="0" falsecount="2"/>
        <line num="214" count="0" type="stmt"/>
        <line num="215" count="0" type="stmt"/>
        <line num="216" count="0" type="stmt"/>
        <line num="218" count="0" type="stmt"/>
        <line num="219" count="0" type="stmt"/>
        <line num="227" count="1" type="stmt"/>
        <line num="231" count="0" type="stmt"/>
        <line num="232" count="0" type="cond" truecount="0" falsecount="6"/>
        <line num="233" count="0" type="stmt"/>
        <line num="234" count="0" type="cond" truecount="0" falsecount="2"/>
        <line num="235" count="0" type="stmt"/>
        <line num="236" count="0" type="stmt"/>
        <line num="237" count="0" type="cond" truecount="0" falsecount="6"/>
        <line num="238" count="0" type="cond" truecount="0" falsecount="4"/>
        <line num="256" count="1" type="stmt"/>
        <line num="257" count="0" type="stmt"/>
        <line num="258" count="0" type="stmt"/>
        <line num="259" count="0" type="cond" truecount="0" falsecount="6"/>
        <line num="260" count="0" type="cond" truecount="0" falsecount="4"/>
        <line num="264" count="1" type="stmt"/>
        <line num="269" count="0" type="stmt"/>
        <line num="280" count="0" type="stmt"/>
        <line num="281" count="0" type="cond" truecount="0" falsecount="6"/>
        <line num="282" count="0" type="stmt"/>
        <line num="305" count="1" type="stmt"/>
        <line num="314" count="0" type="stmt"/>
        <line num="315" count="0" type="cond" truecount="0" falsecount="6"/>
        <line num="316" count="0" type="stmt"/>
        <line num="318" count="0" type="stmt"/>
        <line num="322" count="0" type="stmt"/>
        <line num="323" count="0" type="cond" truecount="0" falsecount="6"/>
        <line num="324" count="0" type="stmt"/>
        <line num="332" count="1" type="stmt"/>
        <line num="337" count="0" type="stmt"/>
        <line num="338" count="0" type="stmt"/>
        <line num="339" count="0" type="cond" truecount="0" falsecount="6"/>
        <line num="340" count="0" type="stmt"/>
        <line num="359" count="1" type="stmt"/>
        <line num="362" count="0" type="stmt"/>
        <line num="363" count="0" type="stmt"/>
        <line num="364" count="0" type="cond" truecount="0" falsecount="6"/>
        <line num="365" count="0" type="cond" truecount="0" falsecount="2"/>
        <line num="368" count="1" type="stmt"/>
        <line num="372" count="0" type="stmt"/>
        <line num="377" count="0" type="stmt"/>
        <line num="378" count="0" type="cond" truecount="0" falsecount="6"/>
        <line num="379" count="0" type="stmt"/>
        <line num="386" count="1" type="stmt"/>
        <line num="391" count="0" type="stmt"/>
        <line num="399" count="0" type="stmt"/>
        <line num="400" count="0" type="cond" truecount="0" falsecount="6"/>
        <line num="445" count="1" type="stmt"/>
        <line num="460" count="0" type="stmt"/>
        <line num="464" count="0" type="stmt"/>
        <line num="465" count="0" type="cond" truecount="0" falsecount="6"/>
        <line num="466" count="0" type="stmt"/>
        <line num="479" count="1" type="stmt"/>
        <line num="484" count="0" type="stmt"/>
        <line num="488" count="0" type="stmt"/>
        <line num="492" count="0" type="stmt"/>
        <line num="493" count="0" type="cond" truecount="0" falsecount="6"/>
        <line num="494" count="0" type="stmt"/>
        <line num="506" count="1" type="stmt"/>
        <line num="509" count="0" type="stmt"/>
        <line num="510" count="0" type="stmt"/>
        <line num="511" count="0" type="cond" truecount="0" falsecount="6"/>
        <line num="512" count="0" type="cond" truecount="0" falsecount="4"/>
        <line num="515" count="1" type="stmt"/>
        <line num="518" count="0" type="stmt"/>
        <line num="519" count="0" type="stmt"/>
        <line num="520" count="0" type="cond" truecount="0" falsecount="6"/>
        <line num="521" count="0" type="cond" truecount="0" falsecount="2"/>
        <line num="524" count="1" type="stmt"/>
        <line num="528" count="0" type="stmt"/>
        <line num="533" count="0" type="stmt"/>
        <line num="534" count="0" type="cond" truecount="0" falsecount="6"/>
        <line num="535" count="0" type="cond" truecount="0" falsecount="4"/>
        <line num="538" count="1" type="stmt"/>
        <line num="543" count="0" type="stmt"/>
        <line num="551" count="0" type="stmt"/>
        <line num="552" count="0" type="cond" truecount="0" falsecount="6"/>
        <line num="656" count="0" type="cond" truecount="0" falsecount="2"/>
        <line num="657" count="0" type="stmt"/>
        <line num="674" count="1" type="stmt"/>
        <line num="689" count="0" type="stmt"/>
        <line num="693" count="0" type="stmt"/>
        <line num="694" count="0" type="cond" truecount="0" falsecount="6"/>
        <line num="695" count="0" type="cond" truecount="0" falsecount="6"/>
        <line num="696" count="0" type="stmt"/>
        <line num="703" count="0" type="cond" truecount="0" falsecount="6"/>
        <line num="706" count="0" type="stmt"/>
        <line num="707" count="0" type="stmt"/>
        <line num="716" count="0" type="cond" truecount="0" falsecount="6"/>
        <line num="719" count="0" type="stmt"/>
        <line num="720" count="0" type="stmt"/>
        <line num="736" count="0" type="stmt"/>
        <line num="776" count="1" type="stmt"/>
        <line num="780" count="0" type="stmt"/>
        <line num="784" count="0" type="stmt"/>
        <line num="785" count="0" type="cond" truecount="0" falsecount="6"/>
        <line num="786" count="0" type="stmt"/>
        <line num="793" count="1" type="stmt"/>
        <line num="797" count="0" type="stmt"/>
        <line num="802" count="0" type="stmt"/>
        <line num="803" count="0" type="cond" truecount="0" falsecount="6"/>
        <line num="806" count="1" type="stmt"/>
        <line num="809" count="0" type="stmt"/>
        <line num="810" count="0" type="stmt"/>
        <line num="811" count="0" type="cond" truecount="0" falsecount="6"/>
        <line num="813" count="0" type="cond" truecount="0" falsecount="2"/>
        <line num="814" count="0" type="stmt"/>
        <line num="838" count="0" type="cond" truecount="0" falsecount="2"/>
        <line num="839" count="0" type="stmt"/>
        <line num="847" count="0" type="cond" truecount="0" falsecount="2"/>
        <line num="848" count="0" type="stmt"/>
        <line num="865" count="0" type="cond" truecount="0" falsecount="2"/>
        <line num="868" count="0" type="stmt"/>
        <line num="869" count="0" type="stmt"/>
        <line num="879" count="0" type="cond" truecount="0" falsecount="2"/>
        <line num="880" count="0" type="stmt"/>
        <line num="881" count="0" type="stmt"/>
        <line num="897" count="0" type="stmt"/>
        <line num="940" count="1" type="stmt"/>
        <line num="944" count="0" type="cond" truecount="0" falsecount="2"/>
        <line num="947" count="0" type="stmt"/>
        <line num="948" count="0" type="stmt"/>
        <line num="949" count="0" type="cond" truecount="0" falsecount="6"/>
        <line num="950" count="0" type="cond" truecount="0" falsecount="2"/>
        <line num="951" count="0" type="stmt"/>
        <line num="967" count="0" type="stmt"/>
        <line num="974" count="1" type="stmt"/>
        <line num="978" count="0" type="stmt"/>
        <line num="982" count="0" type="stmt"/>
        <line num="983" count="0" type="cond" truecount="0" falsecount="6"/>
        <line num="984" count="0" type="stmt"/>
        <line num="987" count="1" type="stmt"/>
        <line num="992" count="0" type="stmt"/>
        <line num="993" count="0" type="cond" truecount="0" falsecount="2"/>
        <line num="994" count="0" type="cond" truecount="0" falsecount="6"/>
        <line num="995" count="0" type="cond" truecount="0" falsecount="2"/>
        <line num="996" count="0" type="stmt"/>
        <line num="997" count="0" type="stmt"/>
        <line num="998" count="0" type="cond" truecount="0" falsecount="6"/>
        <line num="999" count="0" type="cond" truecount="0" falsecount="4"/>
        <line num="1003" count="1" type="stmt"/>
        <line num="1007" count="0" type="stmt"/>
        <line num="1008" count="0" type="stmt"/>
        <line num="1009" count="0" type="stmt"/>
        <line num="1010" count="0" type="stmt"/>
        <line num="1011" count="0" type="cond" truecount="0" falsecount="6"/>
        <line num="1012" count="0" type="cond" truecount="0" falsecount="4"/>
        <line num="1015" count="1" type="stmt"/>
        <line num="1026" count="0" type="stmt"/>
        <line num="1030" count="0" type="stmt"/>
        <line num="1031" count="0" type="cond" truecount="0" falsecount="6"/>
        <line num="1032" count="0" type="stmt"/>
        <line num="1036" count="1" type="stmt"/>
        <line num="1047" count="0" type="stmt"/>
        <line num="1051" count="0" type="stmt"/>
        <line num="1052" count="0" type="cond" truecount="0" falsecount="6"/>
        <line num="1056" count="1" type="stmt"/>
        <line num="1057" count="0" type="stmt"/>
        <line num="1060" count="0" type="stmt"/>
        <line num="1061" count="0" type="cond" truecount="0" falsecount="6"/>
        <line num="1064" count="1" type="stmt"/>
        <line num="1065" count="0" type="stmt"/>
        <line num="1066" count="0" type="stmt"/>
        <line num="1067" count="0" type="cond" truecount="0" falsecount="6"/>
        <line num="1068" count="0" type="cond" truecount="0" falsecount="4"/>
        <line num="1089" count="1" type="stmt"/>
        <line num="1094" count="0" type="stmt"/>
        <line num="1095" count="0" type="cond" truecount="0" falsecount="4"/>
        <line num="1096" count="0" type="stmt"/>
        <line num="1100" count="0" type="stmt"/>
        <line num="1101" count="0" type="cond" truecount="0" falsecount="6"/>
        <line num="1102" count="0" type="cond" truecount="0" falsecount="2"/>
        <line num="1114" count="1" type="stmt"/>
        <line num="1121" count="1" type="stmt"/>
        <line num="1125" count="0" type="stmt"/>
        <line num="1130" count="0" type="cond" truecount="0" falsecount="2"/>
        <line num="1132" count="0" type="stmt"/>
        <line num="1133" count="0" type="stmt"/>
        <line num="1134" count="0" type="stmt"/>
        <line num="1135" count="0" type="stmt"/>
        <line num="1145" count="0" type="stmt"/>
        <line num="1146" count="0" type="cond" truecount="0" falsecount="2"/>
        <line num="1147" count="0" type="cond" truecount="0" falsecount="2"/>
        <line num="1148" count="0" type="stmt"/>
        <line num="1153" count="1" type="stmt"/>
        <line num="1154" count="0" type="stmt"/>
        <line num="1157" count="0" type="stmt"/>
        <line num="1158" count="0" type="cond" truecount="0" falsecount="6"/>
        <line num="1162" count="1" type="stmt"/>
        <line num="1166" count="33" type="cond" truecount="2" falsecount="0"/>
        <line num="1170" count="1" type="stmt"/>
        <line num="1174" count="33" type="cond" truecount="2" falsecount="0"/>
        <line num="1175" count="15" type="cond" truecount="2" falsecount="0"/>
        <line num="1176" count="8" type="cond" truecount="3" falsecount="1"/>
        <line num="1180" count="1" type="stmt"/>
        <line num="1196" count="0" type="stmt"/>
        <line num="1200" count="0" type="cond" truecount="0" falsecount="2"/>
        <line num="1201" count="0" type="cond" truecount="0" falsecount="2"/>
        <line num="1202" count="0" type="stmt"/>
        <line num="1204" count="0" type="stmt"/>
        <line num="1208" count="1" type="stmt"/>
        <line num="1209" count="0" type="stmt"/>
        <line num="1210" count="0" type="stmt"/>
        <line num="1211" count="0" type="cond" truecount="0" falsecount="6"/>
        <line num="1212" count="0" type="cond" truecount="0" falsecount="4"/>
        <line num="1216" count="1" type="stmt"/>
        <line num="1229" count="0" type="stmt"/>
        <line num="1233" count="0" type="stmt"/>
        <line num="1234" count="0" type="cond" truecount="0" falsecount="6"/>
        <line num="1235" count="0" type="stmt"/>
        <line num="1244" count="1" type="stmt"/>
        <line num="1256" count="0" type="stmt"/>
        <line num="1267" count="0" type="stmt"/>
        <line num="1268" count="0" type="cond" truecount="0" falsecount="6"/>
        <line num="1276" count="1" type="stmt"/>
        <line num="1287" count="0" type="stmt"/>
        <line num="1298" count="0" type="stmt"/>
        <line num="1299" count="0" type="cond" truecount="0" falsecount="6"/>
        <line num="1300" count="0" type="stmt"/>
        <line num="1307" count="1" type="stmt"/>
        <line num="1326" count="0" type="stmt"/>
        <line num="1330" count="0" type="stmt"/>
        <line num="1331" count="0" type="cond" truecount="0" falsecount="6"/>
        <line num="1332" count="0" type="stmt"/>
        <line num="1339" count="1" type="stmt"/>
        <line num="1344" count="0" type="stmt"/>
        <line num="1352" count="0" type="stmt"/>
        <line num="1353" count="0" type="cond" truecount="0" falsecount="6"/>
        <line num="1356" count="1" type="stmt"/>
        <line num="1357" count="0" type="stmt"/>
        <line num="1358" count="0" type="stmt"/>
        <line num="1359" count="0" type="cond" truecount="0" falsecount="6"/>
        <line num="1360" count="0" type="cond" truecount="0" falsecount="4"/>
        <line num="1364" count="1" type="stmt"/>
        <line num="1365" count="0" type="stmt"/>
        <line num="1366" count="0" type="stmt"/>
        <line num="1367" count="0" type="cond" truecount="0" falsecount="6"/>
        <line num="1368" count="0" type="cond" truecount="0" falsecount="2"/>
        <line num="1380" count="1" type="stmt"/>
        <line num="1384" count="0" type="stmt"/>
        <line num="1388" count="0" type="stmt"/>
        <line num="1389" count="0" type="cond" truecount="0" falsecount="6"/>
        <line num="1390" count="0" type="cond" truecount="0" falsecount="2"/>
        <line num="1393" count="1" type="stmt"/>
        <line num="1397" count="0" type="cond" truecount="0" falsecount="2"/>
        <line num="1400" count="0" type="stmt"/>
        <line num="1401" count="0" type="stmt"/>
        <line num="1402" count="0" type="cond" truecount="0" falsecount="6"/>
        <line num="1403" count="0" type="cond" truecount="0" falsecount="4"/>
        <line num="1407" count="1" type="stmt"/>
        <line num="1411" count="0" type="stmt"/>
        <line num="1415" count="0" type="stmt"/>
        <line num="1416" count="0" type="cond" truecount="0" falsecount="6"/>
        <line num="1417" count="0" type="stmt"/>
        <line num="1434" count="1" type="stmt"/>
        <line num="1438" count="0" type="cond" truecount="0" falsecount="2"/>
        <line num="1441" count="0" type="stmt"/>
        <line num="1442" count="0" type="stmt"/>
        <line num="1443" count="0" type="cond" truecount="0" falsecount="6"/>
        <line num="1444" count="0" type="cond" truecount="0" falsecount="2"/>
        <line num="1448" count="1" type="stmt"/>
        <line num="1452" count="0" type="stmt"/>
        <line num="1456" count="0" type="stmt"/>
        <line num="1457" count="0" type="cond" truecount="0" falsecount="6"/>
        <line num="1458" count="0" type="stmt"/>
        <line num="1475" count="1" type="stmt"/>
        <line num="1479" count="0" type="cond" truecount="0" falsecount="2"/>
        <line num="1482" count="0" type="stmt"/>
        <line num="1483" count="0" type="stmt"/>
        <line num="1484" count="0" type="cond" truecount="0" falsecount="6"/>
        <line num="1485" count="0" type="cond" truecount="0" falsecount="2"/>
        <line num="1514" count="1" type="stmt"/>
        <line num="1515" count="0" type="stmt"/>
        <line num="1516" count="0" type="stmt"/>
        <line num="1517" count="0" type="cond" truecount="0" falsecount="6"/>
        <line num="1518" count="0" type="cond" truecount="0" falsecount="4"/>
        <line num="1523" count="0" type="stmt"/>
        <line num="1530" count="1" type="stmt"/>
        <line num="1544" count="0" type="stmt"/>
        <line num="1548" count="0" type="stmt"/>
        <line num="1549" count="0" type="cond" truecount="0" falsecount="6"/>
        <line num="1550" count="0" type="stmt"/>
        <line num="1554" count="1" type="stmt"/>
        <line num="1559" count="0" type="stmt"/>
        <line num="1563" count="0" type="stmt"/>
        <line num="1564" count="0" type="cond" truecount="0" falsecount="6"/>
        <line num="1568" count="1" type="stmt"/>
        <line num="1579" count="0" type="stmt"/>
        <line num="1583" count="0" type="stmt"/>
        <line num="1584" count="0" type="cond" truecount="0" falsecount="6"/>
        <line num="1588" count="1" type="stmt"/>
        <line num="1593" count="0" type="stmt"/>
        <line num="1597" count="0" type="stmt"/>
        <line num="1598" count="0" type="cond" truecount="0" falsecount="6"/>
        <line num="1651" count="1" type="stmt"/>
        <line num="1652" count="0" type="stmt"/>
        <line num="1653" count="0" type="stmt"/>
        <line num="1654" count="0" type="cond" truecount="0" falsecount="6"/>
        <line num="1655" count="0" type="cond" truecount="0" falsecount="4"/>
        <line num="1658" count="1" type="stmt"/>
        <line num="1659" count="0" type="stmt"/>
        <line num="1660" count="0" type="stmt"/>
        <line num="1661" count="0" type="cond" truecount="0" falsecount="6"/>
        <line num="1662" count="0" type="stmt"/>
        <line num="1665" count="1" type="stmt"/>
        <line num="1668" count="0" type="stmt"/>
        <line num="1673" count="0" type="stmt"/>
        <line num="1674" count="0" type="cond" truecount="0" falsecount="6"/>
        <line num="1675" count="0" type="stmt"/>
        <line num="1678" count="1" type="stmt"/>
        <line num="1688" count="0" type="stmt"/>
        <line num="1693" count="0" type="stmt"/>
        <line num="1694" count="0" type="cond" truecount="0" falsecount="6"/>
        <line num="1695" count="0" type="stmt"/>
        <line num="1706" count="1" type="stmt"/>
        <line num="1710" count="0" type="stmt"/>
        <line num="1714" count="0" type="cond" truecount="0" falsecount="2"/>
        <line num="1715" count="0" type="stmt"/>
        <line num="1716" count="0" type="cond" truecount="0" falsecount="4"/>
        <line num="1718" count="0" type="stmt"/>
        <line num="1719" count="0" type="stmt"/>
        <line num="1720" count="0" type="stmt"/>
        <line num="1721" count="0" type="stmt"/>
        <line num="1722" count="0" type="stmt"/>
        <line num="1723" count="0" type="stmt"/>
        <line num="1724" count="0" type="stmt"/>
        <line num="1725" count="0" type="stmt"/>
        <line num="1726" count="0" type="stmt"/>
      </file>
      <file name="empresas-db.ts" path="C:\Users\Administrator\Music\KrediApp\src\lib\empresas-db.ts">
        <metrics statements="29" coveredstatements="29" conditionals="0" coveredconditionals="0" methods="0" coveredmethods="0"/>
        <line num="5" count="4" type="stmt"/>
        <line num="6" count="4" type="stmt"/>
        <line num="7" count="4" type="stmt"/>
        <line num="8" count="4" type="stmt"/>
        <line num="9" count="4" type="stmt"/>
        <line num="10" count="4" type="stmt"/>
        <line num="13" count="4" type="stmt"/>
        <line num="16" count="4" type="stmt"/>
        <line num="19" count="4" type="stmt"/>
        <line num="22" count="4" type="stmt"/>
        <line num="25" count="4" type="stmt"/>
        <line num="28" count="4" type="stmt"/>
        <line num="31" count="4" type="stmt"/>
        <line num="34" count="4" type="stmt"/>
        <line num="37" count="4" type="stmt"/>
        <line num="40" count="4" type="stmt"/>
        <line num="43" count="4" type="stmt"/>
        <line num="46" count="4" type="stmt"/>
        <line num="52" count="4" type="stmt"/>
        <line num="55" count="4" type="stmt"/>
        <line num="58" count="4" type="stmt"/>
        <line num="64" count="4" type="stmt"/>
        <line num="70" count="4" type="stmt"/>
        <line num="76" count="4" type="stmt"/>
        <line num="78" count="4" type="stmt"/>
        <line num="81" count="4" type="stmt"/>
        <line num="84" count="4" type="stmt"/>
        <line num="87" count="4" type="stmt"/>
        <line num="90" count="4" type="stmt"/>
      </file>
      <file name="fcm-gasto-topic.ts" path="C:\Users\Administrator\Music\KrediApp\src\lib\fcm-gasto-topic.ts">
        <metrics statements="7" coveredstatements="7" conditionals="10" coveredconditionals="6" methods="2" coveredmethods="2"/>
        <line num="7" count="1" type="stmt"/>
        <line num="8" count="1" type="stmt"/>
        <line num="9" count="2" type="cond" truecount="3" falsecount="1"/>
        <line num="12" count="1" type="cond" truecount="1" falsecount="1"/>
        <line num="13" count="1" type="cond" truecount="1" falsecount="1"/>
        <line num="14" count="1" type="stmt"/>
        <line num="15" count="1" type="cond" truecount="1" falsecount="1"/>
      </file>
      <file name="fcm-token-registry.ts" path="C:\Users\Administrator\Music\KrediApp\src\lib\fcm-token-registry.ts">
        <metrics statements="40" coveredstatements="13" conditionals="14" coveredconditionals="4" methods="7" coveredmethods="5"/>
        <line num="1" count="1" type="stmt"/>
        <line num="4" count="1" type="stmt"/>
        <line num="5" count="1" type="stmt"/>
        <line num="7" count="1" type="stmt"/>
        <line num="9" count="1" type="stmt"/>
        <line num="10" count="3" type="cond" truecount="2" falsecount="0"/>
        <line num="11" count="5" type="cond" truecount="2" falsecount="0"/>
        <line num="14" count="1" type="stmt"/>
        <line num="15" count="3" type="stmt"/>
        <line num="18" count="1" type="stmt"/>
        <line num="19" count="5" type="stmt"/>
        <line num="27" count="1" type="stmt"/>
        <line num="33" count="0" type="stmt"/>
        <line num="34" count="0" type="stmt"/>
        <line num="35" count="0" type="cond" truecount="0" falsecount="4"/>
        <line num="36" count="0" type="stmt"/>
        <line num="38" count="0" type="stmt"/>
        <line num="46" count="0" type="stmt"/>
        <line num="47" count="0" type="stmt"/>
        <line num="48" count="0" type="stmt"/>
        <line num="49" count="0" type="stmt"/>
        <line num="50" count="0" type="stmt"/>
        <line num="51" count="0" type="stmt"/>
        <line num="58" count="0" type="stmt"/>
        <line num="61" count="0" type="stmt"/>
        <line num="64" count="1" type="stmt"/>
        <line num="70" count="0" type="stmt"/>
        <line num="71" count="0" type="stmt"/>
        <line num="72" count="0" type="cond" truecount="0" falsecount="4"/>
        <line num="73" count="0" type="stmt"/>
        <line num="75" count="0" type="cond" truecount="0" falsecount="2"/>
        <line num="76" count="0" type="stmt"/>
        <line num="85" count="0" type="stmt"/>
        <line num="86" count="0" type="stmt"/>
        <line num="87" count="0" type="stmt"/>
        <line num="88" count="0" type="stmt"/>
        <line num="89" count="0" type="stmt"/>
        <line num="90" count="0" type="stmt"/>
        <line num="97" count="0" type="stmt"/>
        <line num="100" count="0" type="stmt"/>
      </file>
      <file name="fcm-topics.ts" path="C:\Users\Administrator\Music\KrediApp\src\lib\fcm-topics.ts">
        <metrics statements="3" coveredstatements="3" conditionals="0" coveredconditionals="0" methods="1" coveredmethods="1"/>
        <line num="2" count="1" type="stmt"/>
        <line num="5" count="1" type="stmt"/>
        <line num="6" count="1" type="stmt"/>
      </file>
      <file name="financial-ledger.ts" path="C:\Users\Administrator\Music\KrediApp\src\lib\financial-ledger.ts">
        <metrics statements="120" coveredstatements="36" conditionals="137" coveredconditionals="35" methods="17" coveredmethods="3"/>
        <line num="20" count="1" type="stmt"/>
        <line num="21" count="1" type="stmt"/>
        <line num="71" count="0" type="stmt"/>
        <line num="74" count="1" type="stmt"/>
        <line num="75" count="3" type="stmt"/>
        <line num="79" count="0" type="stmt"/>
        <line num="83" count="0" type="stmt"/>
        <line num="87" count="0" type="stmt"/>
        <line num="93" count="0" type="stmt"/>
        <line num="99" count="0" type="cond" truecount="0" falsecount="4"/>
        <line num="100" count="0" type="cond" truecount="0" falsecount="4"/>
        <line num="101" count="0" type="cond" truecount="0" falsecount="4"/>
        <line num="102" count="0" type="cond" truecount="0" falsecount="4"/>
        <line num="103" count="0" type="stmt"/>
        <line num="119" count="1" type="stmt"/>
        <line num="125" count="0" type="cond" truecount="0" falsecount="2"/>
        <line num="126" count="0" type="cond" truecount="0" falsecount="2"/>
        <line num="128" count="0" type="stmt"/>
        <line num="129" count="0" type="stmt"/>
        <line num="131" count="0" type="stmt"/>
        <line num="132" count="0" type="stmt"/>
        <line num="133" count="0" type="cond" truecount="0" falsecount="2"/>
        <line num="134" count="0" type="stmt"/>
        <line num="145" count="0" type="stmt"/>
        <line num="147" count="0" type="stmt"/>
        <line num="158" count="0" type="stmt"/>
        <line num="159" count="0" type="cond" truecount="0" falsecount="2"/>
        <line num="161" count="0" type="stmt"/>
        <line num="162" count="0" type="stmt"/>
        <line num="165" count="0" type="stmt"/>
        <line num="166" count="0" type="stmt"/>
        <line num="168" count="0" type="stmt"/>
        <line num="169" count="0" type="stmt"/>
        <line num="193" count="0" type="cond" truecount="0" falsecount="2"/>
        <line num="194" count="0" type="stmt"/>
        <line num="209" count="0" type="stmt"/>
        <line num="218" count="0" type="stmt"/>
        <line num="225" count="1" type="stmt"/>
        <line num="230" count="0" type="cond" truecount="0" falsecount="2"/>
        <line num="231" count="0" type="stmt"/>
        <line num="234" count="0" type="stmt"/>
        <line num="235" count="0" type="stmt"/>
        <line num="236" count="0" type="stmt"/>
        <line num="238" count="0" type="stmt"/>
        <line num="239" count="0" type="stmt"/>
        <line num="240" count="0" type="cond" truecount="0" falsecount="2"/>
        <line num="241" count="0" type="stmt"/>
        <line num="242" count="0" type="stmt"/>
        <line num="245" count="0" type="stmt"/>
        <line num="246" count="0" type="stmt"/>
        <line num="247" count="0" type="cond" truecount="0" falsecount="2"/>
        <line num="248" count="0" type="stmt"/>
        <line num="249" count="0" type="stmt"/>
        <line num="251" count="0" type="stmt"/>
        <line num="252" count="0" type="cond" truecount="0" falsecount="2"/>
        <line num="253" count="0" type="stmt"/>
        <line num="254" count="0" type="stmt"/>
        <line num="257" count="0" type="stmt"/>
        <line num="277" count="0" type="stmt"/>
        <line num="278" count="0" type="stmt"/>
        <line num="280" count="0" type="stmt"/>
        <line num="281" count="0" type="stmt"/>
        <line num="282" count="0" type="stmt"/>
        <line num="283" count="0" type="stmt"/>
        <line num="298" count="0" type="stmt"/>
        <line num="304" count="1" type="stmt"/>
        <line num="311" count="0" type="stmt"/>
        <line num="312" count="0" type="cond" truecount="0" falsecount="5"/>
        <line num="313" count="0" type="stmt"/>
        <line num="314" count="0" type="stmt"/>
        <line num="323" count="0" type="stmt"/>
        <line num="331" count="1" type="stmt"/>
        <line num="336" count="0" type="stmt"/>
        <line num="337" count="0" type="cond" truecount="0" falsecount="2"/>
        <line num="339" count="0" type="stmt"/>
        <line num="340" count="0" type="stmt"/>
        <line num="341" count="0" type="stmt"/>
        <line num="342" count="0" type="cond" truecount="0" falsecount="2"/>
        <line num="343" count="0" type="stmt"/>
        <line num="353" count="0" type="stmt"/>
        <line num="356" count="0" type="stmt"/>
        <line num="357" count="0" type="stmt"/>
        <line num="361" count="1" type="stmt"/>
        <line num="364" count="0" type="stmt"/>
        <line num="368" count="1" type="stmt"/>
        <line num="371" count="0" type="stmt"/>
        <line num="377" count="0" type="cond" truecount="0" falsecount="2"/>
        <line num="379" count="0" type="stmt"/>
        <line num="393" count="0" type="cond" truecount="0" falsecount="2"/>
        <line num="395" count="0" type="stmt"/>
        <line num="400" count="0" type="cond" truecount="0" falsecount="2"/>
        <line num="401" count="0" type="stmt"/>
        <line num="409" count="1" type="stmt"/>
        <line num="421" count="4" type="cond" truecount="2" falsecount="0"/>
        <line num="424" count="4" type="cond" truecount="2" falsecount="0"/>
        <line num="427" count="4" type="cond" truecount="2" falsecount="0"/>
        <line num="429" count="3" type="cond" truecount="2" falsecount="0"/>
        <line num="430" count="3" type="stmt"/>
        <line num="435" count="3" type="stmt"/>
        <line num="437" count="3" type="cond" truecount="1" falsecount="1"/>
        <line num="438" count="3" type="stmt"/>
        <line num="454" count="3" type="cond" truecount="2" falsecount="0"/>
        <line num="455" count="2" type="stmt"/>
        <line num="471" count="1" type="cond" truecount="1" falsecount="1"/>
        <line num="476" count="1" type="stmt"/>
        <line num="479" count="3" type="stmt"/>
        <line num="485" count="1" type="stmt"/>
        <line num="497" count="1" type="cond" truecount="1" falsecount="1"/>
        <line num="500" count="1" type="cond" truecount="1" falsecount="1"/>
        <line num="503" count="1" type="cond" truecount="1" falsecount="1"/>
        <line num="505" count="1" type="cond" truecount="1" falsecount="1"/>
        <line num="506" count="1" type="stmt"/>
        <line num="511" count="1" type="stmt"/>
        <line num="513" count="1" type="cond" truecount="1" falsecount="1"/>
        <line num="514" count="1" type="stmt"/>
        <line num="528" count="1" type="cond" truecount="1" falsecount="1"/>
        <line num="529" count="1" type="stmt"/>
        <line num="546" count="0" type="cond" truecount="0" falsecount="2"/>
        <line num="550" count="0" type="stmt"/>
        <line num="553" count="1" type="stmt"/>
      </file>
      <file name="firebase-admin.ts" path="C:\Users\Administrator\Music\KrediApp\src\lib\firebase-admin.ts">
        <metrics statements="24" coveredstatements="13" conditionals="32" coveredconditionals="9" methods="5" coveredmethods="0"/>
        <line num="1" count="1" type="stmt"/>
        <line num="3" count="1" type="stmt"/>
        <line num="5" count="1" type="stmt"/>
        <line num="7" count="1" type="stmt"/>
        <line num="9" count="1" type="stmt"/>
        <line num="11" count="1" type="cond" truecount="3" falsecount="1"/>
        <line num="12" count="1" type="cond" truecount="3" falsecount="1"/>
        <line num="13" count="1" type="cond" truecount="3" falsecount="1"/>
        <line num="14" count="1" type="stmt"/>
        <line num="17" count="0" type="stmt"/>
        <line num="18" count="0" type="cond" truecount="0" falsecount="2"/>
        <line num="19" count="0" type="cond" truecount="0" falsecount="5"/>
        <line num="20" count="0" type="stmt"/>
        <line num="22" count="0" type="stmt"/>
        <line num="27" count="1" type="stmt"/>
        <line num="28" count="0" type="stmt"/>
        <line num="31" count="1" type="stmt"/>
        <line num="32" count="0" type="stmt"/>
        <line num="35" count="1" type="stmt"/>
        <line num="36" count="0" type="stmt"/>
        <line num="40" count="1" type="stmt"/>
        <line num="41" count="0" type="stmt"/>
        <line num="43" count="0" type="cond" truecount="0" falsecount="7"/>
        <line num="46" count="0" type="cond" truecount="0" falsecount="2"/>
      </file>
      <file name="gastos-periodo-filter.ts" path="C:\Users\Administrator\Music\KrediApp\src\lib\gastos-periodo-filter.ts">
        <metrics statements="80" coveredstatements="67" conditionals="92" coveredconditionals="53" methods="24" coveredmethods="20"/>
        <line num="2" count="3" type="stmt"/>
        <line num="42" count="3" type="stmt"/>
        <line num="46" count="18" type="stmt"/>
        <line num="47" count="18" type="cond" truecount="2" falsecount="0"/>
        <line num="51" count="3" type="stmt"/>
        <line num="56" count="2" type="cond" truecount="2" falsecount="0"/>
        <line num="57" count="3" type="stmt"/>
        <line num="59" count="3" type="stmt"/>
        <line num="63" count="6" type="stmt"/>
        <line num="67" count="13" type="cond" truecount="1" falsecount="1"/>
        <line num="68" count="13" type="stmt"/>
        <line num="69" count="13" type="cond" truecount="1" falsecount="1"/>
        <line num="76" count="3" type="stmt"/>
        <line num="81" count="9" type="stmt"/>
        <line num="82" count="9" type="cond" truecount="1" falsecount="1"/>
        <line num="84" count="9" type="stmt"/>
        <line num="85" count="9" type="stmt"/>
        <line num="86" count="9" type="stmt"/>
        <line num="88" count="9" type="cond" truecount="4" falsecount="0"/>
        <line num="90" count="6" type="stmt"/>
        <line num="91" count="6" type="stmt"/>
        <line num="92" count="6" type="stmt"/>
        <line num="93" count="6" type="cond" truecount="3" falsecount="1"/>
        <line num="95" count="6" type="cond" truecount="1" falsecount="1"/>
        <line num="96" count="0" type="cond" truecount="0" falsecount="2"/>
        <line num="99" count="6" type="stmt"/>
        <line num="102" count="3" type="stmt"/>
        <line num="107" count="9" type="stmt"/>
        <line num="111" count="3" type="stmt"/>
        <line num="115" count="4" type="stmt"/>
        <line num="116" count="3" type="cond" truecount="1" falsecount="1"/>
        <line num="117" count="3" type="stmt"/>
        <line num="120" count="3" type="stmt"/>
        <line num="123" count="2" type="cond" truecount="3" falsecount="1"/>
        <line num="127" count="3" type="stmt"/>
        <line num="132" count="0" type="stmt"/>
        <line num="133" count="0" type="cond" truecount="0" falsecount="2"/>
        <line num="134" count="0" type="stmt"/>
        <line num="137" count="3" type="stmt"/>
        <line num="140" count="0" type="stmt"/>
        <line num="144" count="3" type="stmt"/>
        <line num="149" count="3" type="cond" truecount="3" falsecount="1"/>
        <line num="151" count="3" type="cond" truecount="2" falsecount="0"/>
        <line num="152" count="2" type="stmt"/>
        <line num="153" count="2" type="cond" truecount="4" falsecount="2"/>
        <line num="154" count="2" type="stmt"/>
        <line num="155" count="2" type="cond" truecount="1" falsecount="1"/>
        <line num="156" count="2" type="stmt"/>
        <line num="164" count="2" type="stmt"/>
        <line num="165" count="1" type="cond" truecount="4" falsecount="2"/>
        <line num="166" count="1" type="stmt"/>
        <line num="167" count="1" type="cond" truecount="1" falsecount="1"/>
        <line num="168" count="1" type="cond" truecount="4" falsecount="2"/>
        <line num="170" count="1" type="stmt"/>
        <line num="178" count="3" type="stmt"/>
        <line num="185" count="17" type="cond" truecount="2" falsecount="0"/>
        <line num="186" count="5" type="cond" truecount="2" falsecount="0"/>
        <line num="187" count="5" type="stmt"/>
        <line num="189" count="3" type="stmt"/>
        <line num="190" count="3" type="cond" truecount="1" falsecount="1"/>
        <line num="191" count="3" type="stmt"/>
        <line num="194" count="3" type="stmt"/>
        <line num="197" count="1" type="stmt"/>
        <line num="199" count="3" type="cond" truecount="1" falsecount="1"/>
        <line num="200" count="3" type="cond" truecount="3" falsecount="1"/>
        <line num="201" count="3" type="cond" truecount="2" falsecount="0"/>
        <line num="202" count="2" type="cond" truecount="2" falsecount="0"/>
        <line num="203" count="1" type="stmt"/>
        <line num="204" count="3" type="stmt"/>
        <line num="205" count="3" type="stmt"/>
        <line num="212" count="6" type="stmt"/>
        <line num="215" count="3" type="stmt"/>
        <line num="220" count="0" type="cond" truecount="0" falsecount="2"/>
        <line num="221" count="0" type="cond" truecount="0" falsecount="2"/>
        <line num="222" count="0" type="cond" truecount="0" falsecount="2"/>
        <line num="223" count="0" type="cond" truecount="0" falsecount="4"/>
        <line num="224" count="0" type="stmt"/>
        <line num="226" count="0" type="cond" truecount="0" falsecount="2"/>
        <line num="227" count="0" type="stmt"/>
        <line num="229" count="0" type="stmt"/>
      </file>
      <file name="pagos-diarios-filter.ts" path="C:\Users\Administrator\Music\KrediApp\src\lib\pagos-diarios-filter.ts">
        <metrics statements="24" coveredstatements="24" conditionals="36" coveredconditionals="34" methods="8" coveredmethods="8"/>
        <line num="11" count="1" type="stmt"/>
        <line num="15" count="17" type="cond" truecount="2" falsecount="0"/>
        <line num="16" count="11" type="stmt"/>
        <line num="19" count="1" type="stmt"/>
        <line num="20" count="28" type="cond" truecount="2" falsecount="0"/>
        <line num="21" count="22" type="stmt"/>
        <line num="24" count="1" type="stmt"/>
        <line num="28" count="5" type="cond" truecount="8" falsecount="0"/>
        <line num="29" count="5" type="cond" truecount="8" falsecount="0"/>
        <line num="31" count="5" type="stmt"/>
        <line num="32" count="25" type="cond" truecount="2" falsecount="0"/>
        <line num="36" count="1" type="stmt"/>
        <line num="39" count="7" type="cond" truecount="2" falsecount="0"/>
        <line num="40" count="7" type="cond" truecount="2" falsecount="0"/>
        <line num="41" count="7" type="cond" truecount="2" falsecount="0"/>
        <line num="43" count="2" type="stmt"/>
        <line num="44" count="2" type="stmt"/>
        <line num="45" count="2" type="stmt"/>
        <line num="46" count="3" type="stmt"/>
        <line num="47" count="3" type="cond" truecount="1" falsecount="1"/>
        <line num="48" count="3" type="cond" truecount="3" falsecount="1"/>
        <line num="49" count="3" type="cond" truecount="2" falsecount="0"/>
        <line num="50" count="1" type="stmt"/>
        <line num="53" count="2" type="stmt"/>
      </file>
      <file name="prestamo-display.ts" path="C:\Users\Administrator\Music\KrediApp\src\lib\prestamo-display.ts">
        <metrics statements="52" coveredstatements="14" conditionals="73" coveredconditionals="9" methods="10" coveredmethods="2"/>
        <line num="2" count="2" type="stmt"/>
        <line num="10" count="0" type="cond" truecount="0" falsecount="4"/>
        <line num="11" count="0" type="cond" truecount="0" falsecount="1"/>
        <line num="12" count="0" type="stmt"/>
        <line num="13" count="0" type="stmt"/>
        <line num="14" count="0" type="cond" truecount="0" falsecount="2"/>
        <line num="18" count="2" type="stmt"/>
        <line num="19" count="0" type="stmt"/>
        <line num="20" count="0" type="cond" truecount="0" falsecount="4"/>
        <line num="21" count="0" type="stmt"/>
        <line num="23" count="0" type="cond" truecount="0" falsecount="2"/>
        <line num="24" count="0" type="cond" truecount="0" falsecount="2"/>
        <line num="25" count="0" type="cond" truecount="0" falsecount="2"/>
        <line num="26" count="0" type="stmt"/>
        <line num="32" count="2" type="stmt"/>
        <line num="33" count="42" type="cond" truecount="7" falsecount="1"/>
        <line num="37" count="2" type="stmt"/>
        <line num="41" count="2" type="stmt"/>
        <line num="42" count="2" type="stmt"/>
        <line num="43" count="2" type="cond" truecount="2" falsecount="0"/>
        <line num="47" count="2" type="stmt"/>
        <line num="48" count="0" type="stmt"/>
        <line num="49" count="0" type="cond" truecount="0" falsecount="2"/>
        <line num="50" count="0" type="stmt"/>
        <line num="54" count="2" type="stmt"/>
        <line num="58" count="0" type="stmt"/>
        <line num="62" count="2" type="stmt"/>
        <line num="66" count="0" type="stmt"/>
        <line num="67" count="0" type="stmt"/>
        <line num="68" count="0" type="cond" truecount="0" falsecount="2"/>
        <line num="69" count="0" type="cond" truecount="0" falsecount="6"/>
        <line num="70" count="0" type="cond" truecount="0" falsecount="2"/>
        <line num="71" count="0" type="cond" truecount="0" falsecount="4"/>
        <line num="72" count="0" type="cond" truecount="0" falsecount="4"/>
        <line num="74" count="0" type="stmt"/>
        <line num="77" count="2" type="stmt"/>
        <line num="78" count="0" type="cond" truecount="0" falsecount="2"/>
        <line num="79" count="0" type="stmt"/>
        <line num="83" count="2" type="stmt"/>
        <line num="86" count="0" type="cond" truecount="0" falsecount="5"/>
        <line num="87" count="0" type="stmt"/>
        <line num="89" count="0" type="stmt"/>
        <line num="93" count="2" type="stmt"/>
        <line num="97" count="0" type="cond" truecount="0" falsecount="4"/>
        <line num="98" count="0" type="cond" truecount="0" falsecount="4"/>
        <line num="99" count="0" type="cond" truecount="0" falsecount="4"/>
        <line num="100" count="0" type="stmt"/>
        <line num="101" count="0" type="stmt"/>
        <line num="102" count="0" type="stmt"/>
        <line num="103" count="0" type="cond" truecount="0" falsecount="2"/>
        <line num="104" count="0" type="cond" truecount="0" falsecount="2"/>
        <line num="105" count="0" type="cond" truecount="0" falsecount="2"/>
      </file>
      <file name="prestamo-estado.ts" path="C:\Users\Administrator\Music\KrediApp\src\lib\prestamo-estado.ts">
        <metrics statements="26" coveredstatements="26" conditionals="22" coveredconditionals="21" methods="7" coveredmethods="7"/>
        <line num="3" count="3" type="stmt"/>
        <line num="6" count="3" type="stmt"/>
        <line num="7" count="30" type="cond" truecount="2" falsecount="0"/>
        <line num="8" count="21" type="cond" truecount="2" falsecount="0"/>
        <line num="9" count="15" type="stmt"/>
        <line num="13" count="3" type="stmt"/>
        <line num="17" count="10" type="cond" truecount="5" falsecount="1"/>
        <line num="21" count="3" type="stmt"/>
        <line num="22" count="37" type="cond" truecount="2" falsecount="0"/>
        <line num="26" count="3" type="stmt"/>
        <line num="27" count="2" type="stmt"/>
        <line num="31" count="3" type="stmt"/>
        <line num="36" count="4" type="cond" truecount="2" falsecount="0"/>
        <line num="37" count="3" type="cond" truecount="2" falsecount="0"/>
        <line num="38" count="2" type="stmt"/>
        <line num="57" count="3" type="stmt"/>
        <line num="60" count="4" type="stmt"/>
        <line num="62" count="4" type="cond" truecount="2" falsecount="0"/>
        <line num="63" count="2" type="stmt"/>
        <line num="66" count="2" type="cond" truecount="2" falsecount="0"/>
        <line num="67" count="1" type="stmt"/>
        <line num="70" count="1" type="stmt"/>
        <line num="74" count="3" type="stmt"/>
        <line num="75" count="4" type="stmt"/>
        <line num="76" count="4" type="cond" truecount="2" falsecount="0"/>
        <line num="77" count="2" type="stmt"/>
      </file>
      <file name="prestamo-list-filter.ts" path="C:\Users\Administrator\Music\KrediApp\src\lib\prestamo-list-filter.ts">
        <metrics statements="71" coveredstatements="65" conditionals="93" coveredconditionals="75" methods="16" coveredmethods="14"/>
        <line num="2" count="1" type="stmt"/>
        <line num="4" count="1" type="stmt"/>
        <line num="39" count="1" type="stmt"/>
        <line num="44" count="6" type="cond" truecount="1" falsecount="1"/>
        <line num="45" count="6" type="cond" truecount="5" falsecount="1"/>
        <line num="46" count="6" type="cond" truecount="3" falsecount="1"/>
        <line num="49" count="1" type="stmt"/>
        <line num="50" count="10" type="stmt"/>
        <line num="51" count="10" type="stmt"/>
        <line num="52" count="34" type="cond" truecount="2" falsecount="0"/>
        <line num="53" count="31" type="stmt"/>
        <line num="54" count="31" type="stmt"/>
        <line num="66" count="1" type="stmt"/>
        <line num="71" count="5" type="cond" truecount="6" falsecount="0"/>
        <line num="72" count="3" type="stmt"/>
        <line num="73" count="3" type="stmt"/>
        <line num="74" count="6" type="stmt"/>
        <line num="75" count="6" type="cond" truecount="1" falsecount="1"/>
        <line num="76" count="6" type="cond" truecount="3" falsecount="1"/>
        <line num="77" count="6" type="cond" truecount="3" falsecount="1"/>
        <line num="78" count="6" type="cond" truecount="2" falsecount="0"/>
        <line num="79" count="6" type="cond" truecount="3" falsecount="0"/>
        <line num="97" count="1" type="stmt"/>
        <line num="109" count="8" type="stmt"/>
        <line num="112" count="8" type="stmt"/>
        <line num="115" count="8" type="stmt"/>
        <line num="118" count="8" type="cond" truecount="2" falsecount="0"/>
        <line num="119" count="4" type="stmt"/>
        <line num="123" count="8" type="stmt"/>
        <line num="124" count="8" type="stmt"/>
        <line num="125" count="27" type="stmt"/>
        <line num="126" count="27" type="cond" truecount="2" falsecount="0"/>
        <line num="127" count="13" type="cond" truecount="2" falsecount="0"/>
        <line num="128" count="6" type="cond" truecount="1" falsecount="1"/>
        <line num="129" count="27" type="cond" truecount="5" falsecount="1"/>
        <line num="134" count="8" type="cond" truecount="4" falsecount="1"/>
        <line num="136" count="8" type="stmt"/>
        <line num="137" count="2" type="stmt"/>
        <line num="139" count="8" type="stmt"/>
        <line num="140" count="2" type="stmt"/>
        <line num="142" count="0" type="stmt"/>
        <line num="143" count="0" type="stmt"/>
        <line num="145" count="1" type="stmt"/>
        <line num="146" count="4" type="cond" truecount="3" falsecount="1"/>
        <line num="148" count="1" type="stmt"/>
        <line num="150" count="3" type="stmt"/>
        <line num="153" count="8" type="stmt"/>
        <line num="167" count="1" type="stmt"/>
        <line num="178" count="3" type="stmt"/>
        <line num="181" count="3" type="cond" truecount="1" falsecount="1"/>
        <line num="182" count="0" type="stmt"/>
        <line num="183" count="3" type="cond" truecount="1" falsecount="1"/>
        <line num="184" count="0" type="stmt"/>
        <line num="185" count="3" type="cond" truecount="2" falsecount="0"/>
        <line num="186" count="3" type="stmt"/>
        <line num="187" count="1" type="cond" truecount="1" falsecount="1"/>
        <line num="188" count="1" type="stmt"/>
        <line num="189" count="2" type="cond" truecount="3" falsecount="1"/>
        <line num="192" count="0" type="stmt"/>
        <line num="195" count="3" type="stmt"/>
        <line num="197" count="3" type="cond" truecount="1" falsecount="1"/>
        <line num="198" count="0" type="stmt"/>
        <line num="201" count="3" type="cond" truecount="6" falsecount="0"/>
        <line num="202" count="1" type="stmt"/>
        <line num="203" count="1" type="stmt"/>
        <line num="204" count="2" type="stmt"/>
        <line num="205" count="2" type="cond" truecount="1" falsecount="1"/>
        <line num="206" count="2" type="cond" truecount="3" falsecount="1"/>
        <line num="207" count="2" type="cond" truecount="3" falsecount="1"/>
        <line num="208" count="2" type="cond" truecount="2" falsecount="0"/>
        <line num="209" count="2" type="cond" truecount="3" falsecount="0"/>
      </file>
      <file name="prestamo-periodo-filter.ts" path="C:\Users\Administrator\Music\KrediApp\src\lib\prestamo-periodo-filter.ts">
        <metrics statements="45" coveredstatements="23" conditionals="51" coveredconditionals="14" methods="10" coveredmethods="5"/>
        <line num="7" count="2" type="stmt"/>
        <line num="18" count="0" type="cond" truecount="0" falsecount="2"/>
        <line num="19" count="0" type="stmt"/>
        <line num="20" count="0" type="cond" truecount="0" falsecount="2"/>
        <line num="22" count="2" type="stmt"/>
        <line num="33" count="2" type="stmt"/>
        <line num="35" count="2" type="stmt"/>
        <line num="38" count="40" type="stmt"/>
        <line num="41" count="2" type="stmt"/>
        <line num="48" count="1" type="stmt"/>
        <line num="49" count="1" type="cond" truecount="1" falsecount="1"/>
        <line num="50" count="0" type="cond" truecount="0" falsecount="2"/>
        <line num="51" count="0" type="stmt"/>
        <line num="52" count="0" type="cond" truecount="0" falsecount="2"/>
        <line num="53" count="0" type="stmt"/>
        <line num="57" count="2" type="stmt"/>
        <line num="62" count="0" type="stmt"/>
        <line num="63" count="0" type="cond" truecount="0" falsecount="2"/>
        <line num="65" count="0" type="stmt"/>
        <line num="66" count="0" type="stmt"/>
        <line num="67" count="0" type="cond" truecount="0" falsecount="2"/>
        <line num="69" count="0" type="cond" truecount="0" falsecount="4"/>
        <line num="71" count="0" type="cond" truecount="0" falsecount="2"/>
        <line num="72" count="0" type="cond" truecount="0" falsecount="2"/>
        <line num="73" count="0" type="stmt"/>
        <line num="74" count="0" type="cond" truecount="0" falsecount="2"/>
        <line num="76" count="0" type="stmt"/>
        <line num="79" count="2" type="stmt"/>
        <line num="86" count="13" type="stmt"/>
        <line num="87" count="39" type="stmt"/>
        <line num="95" count="2" type="stmt"/>
        <line num="102" count="2" type="cond" truecount="1" falsecount="1"/>
        <line num="103" count="2" type="cond" truecount="1" falsecount="1"/>
        <line num="104" count="2" type="cond" truecount="2" falsecount="0"/>
        <line num="105" count="1" type="cond" truecount="2" falsecount="2"/>
        <line num="106" count="0" type="stmt"/>
        <line num="108" count="1" type="cond" truecount="1" falsecount="1"/>
        <line num="109" count="1" type="cond" truecount="1" falsecount="1"/>
        <line num="110" count="0" type="stmt"/>
        <line num="112" count="1" type="cond" truecount="1" falsecount="1"/>
        <line num="113" count="1" type="cond" truecount="1" falsecount="1"/>
        <line num="114" count="1" type="cond" truecount="1" falsecount="1"/>
        <line num="115" count="1" type="stmt"/>
        <line num="117" count="0" type="cond" truecount="0" falsecount="2"/>
        <line num="118" count="0" type="stmt"/>
      </file>
      <file name="resolver-estado-solicitudes-empleado.ts" path="C:\Users\Administrator\Music\KrediApp\src\lib\resolver-estado-solicitudes-empleado.ts">
        <metrics statements="10" coveredstatements="10" conditionals="22" coveredconditionals="18" methods="2" coveredmethods="2"/>
        <line num="14" count="1" type="stmt"/>
        <line num="17" count="5" type="cond" truecount="2" falsecount="0"/>
        <line num="18" count="1" type="stmt"/>
        <line num="21" count="4" type="stmt"/>
        <line num="22" count="4" type="cond" truecount="12" falsecount="4"/>
        <line num="25" count="4" type="cond" truecount="2" falsecount="0"/>
        <line num="26" count="1" type="stmt"/>
        <line num="28" count="3" type="cond" truecount="2" falsecount="0"/>
        <line num="29" count="1" type="stmt"/>
        <line num="31" count="2" type="stmt"/>
      </file>
      <file name="ruta-dia-prioridad.ts" path="C:\Users\Administrator\Music\KrediApp\src\lib\ruta-dia-prioridad.ts">
        <metrics statements="21" coveredstatements="19" conditionals="18" coveredconditionals="14" methods="4" coveredmethods="4"/>
        <line num="7" count="1" type="stmt"/>
        <line num="9" count="1" type="stmt"/>
        <line num="10" count="3" type="cond" truecount="2" falsecount="0"/>
        <line num="11" count="2" type="stmt"/>
        <line num="12" count="2" type="stmt"/>
        <line num="13" count="2" type="stmt"/>
        <line num="14" count="2" type="cond" truecount="2" falsecount="0"/>
        <line num="17" count="1" type="stmt"/>
        <line num="21" count="6" type="cond" truecount="2" falsecount="0"/>
        <line num="22" count="4" type="cond" truecount="4" falsecount="0"/>
        <line num="23" count="2" type="cond" truecount="1" falsecount="1"/>
        <line num="24" count="2" type="stmt"/>
        <line num="25" count="2" type="stmt"/>
        <line num="26" count="2" type="stmt"/>
        <line num="27" count="2" type="cond" truecount="1" falsecount="1"/>
        <line num="28" count="0" type="cond" truecount="0" falsecount="2"/>
        <line num="29" count="0" type="stmt"/>
        <line num="32" count="1" type="stmt"/>
        <line num="33" count="2" type="stmt"/>
        <line num="36" count="1" type="stmt"/>
        <line num="37" count="2" type="cond" truecount="2" falsecount="0"/>
      </file>
      <file name="ruta-financiera-admin.ts" path="C:\Users\Administrator\Music\KrediApp\src\lib\ruta-financiera-admin.ts">
        <metrics statements="119" coveredstatements="18" conditionals="102" coveredconditionals="0" methods="16" coveredmethods="2"/>
        <line num="6" count="1" type="stmt"/>
        <line num="13" count="1" type="stmt"/>
        <line num="18" count="1" type="stmt"/>
        <line num="19" count="1" type="stmt"/>
        <line num="20" count="1" type="stmt"/>
        <line num="26" count="1" type="stmt"/>
        <line num="27" count="83" type="stmt"/>
        <line num="28" count="11" type="stmt"/>
        <line num="29" count="1" type="stmt"/>
        <line num="31" count="1" type="stmt"/>
        <line num="33" count="1" type="stmt"/>
        <line num="35" count="1" type="stmt"/>
        <line num="42" count="1" type="stmt"/>
        <line num="48" count="0" type="cond" truecount="0" falsecount="4"/>
        <line num="49" count="0" type="cond" truecount="0" falsecount="2"/>
        <line num="51" count="0" type="stmt"/>
        <line num="57" count="0" type="stmt"/>
        <line num="58" count="0" type="cond" truecount="0" falsecount="2"/>
        <line num="60" count="0" type="stmt"/>
        <line num="61" count="0" type="cond" truecount="0" falsecount="2"/>
        <line num="62" count="0" type="cond" truecount="0" falsecount="2"/>
        <line num="63" count="0" type="cond" truecount="0" falsecount="2"/>
        <line num="64" count="0" type="cond" truecount="0" falsecount="2"/>
        <line num="65" count="0" type="stmt"/>
        <line num="72" count="0" type="cond" truecount="0" falsecount="2"/>
        <line num="74" count="0" type="stmt"/>
        <line num="75" count="0" type="stmt"/>
        <line num="77" count="0" type="stmt"/>
        <line num="83" count="0" type="cond" truecount="0" falsecount="2"/>
        <line num="84" count="0" type="stmt"/>
        <line num="87" count="0" type="stmt"/>
        <line num="94" count="0" type="stmt"/>
        <line num="95" count="0" type="cond" truecount="0" falsecount="2"/>
        <line num="96" count="0" type="stmt"/>
        <line num="104" count="1" type="stmt"/>
        <line num="111" count="0" type="cond" truecount="0" falsecount="5"/>
        <line num="112" count="0" type="cond" truecount="0" falsecount="4"/>
        <line num="113" count="0" type="stmt"/>
        <line num="116" count="0" type="stmt"/>
        <line num="122" count="0" type="stmt"/>
        <line num="123" count="0" type="stmt"/>
        <line num="124" count="0" type="cond" truecount="0" falsecount="2"/>
        <line num="126" count="0" type="stmt"/>
        <line num="127" count="0" type="cond" truecount="0" falsecount="2"/>
        <line num="128" count="0" type="stmt"/>
        <line num="131" count="0" type="cond" truecount="0" falsecount="2"/>
        <line num="133" count="0" type="cond" truecount="0" falsecount="2"/>
        <line num="134" count="0" type="cond" truecount="0" falsecount="2"/>
        <line num="135" count="0" type="cond" truecount="0" falsecount="2"/>
        <line num="136" count="0" type="cond" truecount="0" falsecount="2"/>
        <line num="138" count="0" type="cond" truecount="0" falsecount="2"/>
        <line num="139" count="0" type="stmt"/>
        <line num="142" count="0" type="stmt"/>
        <line num="143" count="0" type="stmt"/>
        <line num="150" count="0" type="stmt"/>
        <line num="157" count="0" type="stmt"/>
        <line num="160" count="0" type="stmt"/>
        <line num="161" count="0" type="cond" truecount="0" falsecount="2"/>
        <line num="162" count="0" type="stmt"/>
        <line num="165" count="0" type="stmt"/>
        <line num="176" count="1" type="stmt"/>
        <line num="177" count="0" type="cond" truecount="0" falsecount="2"/>
        <line num="178" count="0" type="cond" truecount="0" falsecount="2"/>
        <line num="179" count="0" type="cond" truecount="0" falsecount="2"/>
        <line num="180" count="0" type="cond" truecount="0" falsecount="2"/>
        <line num="181" count="0" type="stmt"/>
        <line num="183" count="0" type="cond" truecount="0" falsecount="2"/>
        <line num="184" count="0" type="stmt"/>
        <line num="186" count="0" type="cond" truecount="0" falsecount="2"/>
        <line num="187" count="0" type="stmt"/>
        <line num="189" count="0" type="stmt"/>
        <line num="196" count="1" type="stmt"/>
        <line num="207" count="0" type="stmt"/>
        <line num="209" count="0" type="cond" truecount="0" falsecount="2"/>
        <line num="210" count="0" type="cond" truecount="0" falsecount="2"/>
        <line num="212" count="0" type="stmt"/>
        <line num="213" count="0" type="stmt"/>
        <line num="215" count="0" type="cond" truecount="0" falsecount="2"/>
        <line num="217" count="0" type="cond" truecount="0" falsecount="2"/>
        <line num="218" count="0" type="cond" truecount="0" falsecount="2"/>
        <line num="219" count="0" type="cond" truecount="0" falsecount="2"/>
        <line num="220" count="0" type="cond" truecount="0" falsecount="2"/>
        <line num="221" count="0" type="cond" truecount="0" falsecount="2"/>
        <line num="223" count="0" type="stmt"/>
        <line num="232" count="0" type="stmt"/>
        <line num="237" count="0" type="stmt"/>
        <line num="245" count="0" type="stmt"/>
        <line num="252" count="1" type="stmt"/>
        <line num="259" count="0" type="cond" truecount="0" falsecount="5"/>
        <line num="260" count="0" type="cond" truecount="0" falsecount="2"/>
        <line num="262" count="0" type="stmt"/>
        <line num="267" count="0" type="stmt"/>
        <line num="273" count="0" type="stmt"/>
        <line num="274" count="0" type="stmt"/>
        <line num="275" count="0" type="stmt"/>
        <line num="276" count="0" type="stmt"/>
        <line num="280" count="0" type="stmt"/>
        <line num="290" count="0" type="cond" truecount="0" falsecount="2"/>
        <line num="291" count="0" type="stmt"/>
        <line num="294" count="0" type="stmt"/>
        <line num="295" count="0" type="cond" truecount="0" falsecount="2"/>
        <line num="296" count="0" type="stmt"/>
        <line num="308" count="1" type="stmt"/>
        <line num="317" count="0" type="stmt"/>
        <line num="319" count="0" type="cond" truecount="0" falsecount="2"/>
        <line num="321" count="0" type="stmt"/>
        <line num="322" count="0" type="cond" truecount="0" falsecount="2"/>
        <line num="323" count="0" type="cond" truecount="0" falsecount="2"/>
        <line num="324" count="0" type="cond" truecount="0" falsecount="2"/>
        <line num="325" count="0" type="cond" truecount="0" falsecount="2"/>
        <line num="327" count="0" type="cond" truecount="0" falsecount="2"/>
        <line num="329" count="0" type="stmt"/>
        <line num="330" count="0" type="stmt"/>
        <line num="333" count="0" type="stmt"/>
        <line num="339" count="0" type="stmt"/>
        <line num="345" count="0" type="cond" truecount="0" falsecount="2"/>
        <line num="346" count="0" type="stmt"/>
        <line num="349" count="0" type="stmt"/>
        <line num="356" count="0" type="stmt"/>
      </file>
      <file name="ruta-financiera-compute.ts" path="C:\Users\Administrator\Music\KrediApp\src\lib\ruta-financiera-compute.ts">
        <metrics statements="98" coveredstatements="94" conditionals="72" coveredconditionals="63" methods="7" coveredmethods="7"/>
        <line num="5" count="2" type="stmt"/>
        <line num="7" count="2" type="stmt"/>
        <line num="8" count="347" type="stmt"/>
        <line num="12" count="2" type="stmt"/>
        <line num="13" count="53" type="stmt"/>
        <line num="14" count="53" type="cond" truecount="2" falsecount="0"/>
        <line num="15" count="24" type="stmt"/>
        <line num="25" count="2" type="stmt"/>
        <line num="31" count="26" type="cond" truecount="2" falsecount="0"/>
        <line num="32" count="24" type="cond" truecount="1" falsecount="1"/>
        <line num="33" count="0" type="stmt"/>
        <line num="36" count="24" type="stmt"/>
        <line num="37" count="24" type="cond" truecount="2" falsecount="0"/>
        <line num="38" count="3" type="stmt"/>
        <line num="41" count="21" type="cond" truecount="4" falsecount="0"/>
        <line num="42" count="3" type="stmt"/>
        <line num="43" count="3" type="stmt"/>
        <line num="44" count="3" type="stmt"/>
        <line num="47" count="3" type="stmt"/>
        <line num="50" count="3" type="stmt"/>
        <line num="51" count="3" type="stmt"/>
        <line num="52" count="3" type="stmt"/>
        <line num="55" count="18" type="stmt"/>
        <line num="56" count="18" type="stmt"/>
        <line num="57" count="18" type="stmt"/>
        <line num="58" count="18" type="stmt"/>
        <line num="76" count="2" type="stmt"/>
        <line num="83" count="9" type="cond" truecount="2" falsecount="0"/>
        <line num="85" count="9" type="cond" truecount="2" falsecount="0"/>
        <line num="86" count="9" type="cond" truecount="2" falsecount="0"/>
        <line num="87" count="9" type="cond" truecount="2" falsecount="0"/>
        <line num="88" count="9" type="cond" truecount="2" falsecount="0"/>
        <line num="91" count="9" type="stmt"/>
        <line num="98" count="9" type="stmt"/>
        <line num="99" count="9" type="stmt"/>
        <line num="100" count="9" type="stmt"/>
        <line num="102" count="9" type="stmt"/>
        <line num="103" count="9" type="stmt"/>
        <line num="104" count="9" type="stmt"/>
        <line num="105" count="9" type="stmt"/>
        <line num="112" count="9" type="cond" truecount="3" falsecount="1"/>
        <line num="113" count="0" type="stmt"/>
        <line num="116" count="9" type="stmt"/>
        <line num="145" count="2" type="stmt"/>
        <line num="152" count="8" type="cond" truecount="2" falsecount="0"/>
        <line num="154" count="8" type="cond" truecount="2" falsecount="0"/>
        <line num="155" count="8" type="cond" truecount="2" falsecount="0"/>
        <line num="156" count="8" type="cond" truecount="2" falsecount="0"/>
        <line num="157" count="8" type="cond" truecount="2" falsecount="0"/>
        <line num="160" count="8" type="stmt"/>
        <line num="167" count="8" type="stmt"/>
        <line num="168" count="8" type="stmt"/>
        <line num="169" count="8" type="stmt"/>
        <line num="171" count="8" type="stmt"/>
        <line num="172" count="8" type="stmt"/>
        <line num="173" count="8" type="stmt"/>
        <line num="174" count="8" type="stmt"/>
        <line num="181" count="8" type="cond" truecount="5" falsecount="0"/>
        <line num="182" count="1" type="stmt"/>
        <line num="185" count="7" type="stmt"/>
        <line num="209" count="2" type="stmt"/>
        <line num="216" count="8" type="cond" truecount="2" falsecount="0"/>
        <line num="217" count="1" type="stmt"/>
        <line num="219" count="7" type="cond" truecount="3" falsecount="1"/>
        <line num="220" count="0" type="stmt"/>
        <line num="222" count="7" type="cond" truecount="4" falsecount="0"/>
        <line num="223" count="1" type="stmt"/>
        <line num="226" count="6" type="cond" truecount="1" falsecount="1"/>
        <line num="228" count="6" type="cond" truecount="1" falsecount="1"/>
        <line num="229" count="6" type="cond" truecount="1" falsecount="1"/>
        <line num="230" count="6" type="cond" truecount="1" falsecount="1"/>
        <line num="231" count="6" type="cond" truecount="1" falsecount="1"/>
        <line num="233" count="6" type="stmt"/>
        <line num="234" count="6" type="stmt"/>
        <line num="238" count="6" type="cond" truecount="2" falsecount="0"/>
        <line num="239" count="3" type="stmt"/>
        <line num="240" count="3" type="stmt"/>
        <line num="241" count="3" type="stmt"/>
        <line num="242" count="3" type="stmt"/>
        <line num="243" count="3" type="stmt"/>
        <line num="244" count="3" type="stmt"/>
        <line num="246" count="3" type="stmt"/>
        <line num="247" count="3" type="stmt"/>
        <line num="248" count="3" type="cond" truecount="2" falsecount="0"/>
        <line num="251" count="6" type="stmt"/>
        <line num="257" count="6" type="stmt"/>
        <line num="276" count="2" type="stmt"/>
        <line num="284" count="3" type="cond" truecount="1" falsecount="0"/>
        <line num="286" count="3" type="cond" truecount="2" falsecount="0"/>
        <line num="287" count="2" type="cond" truecount="2" falsecount="0"/>
        <line num="289" count="1" type="stmt"/>
        <line num="296" count="1" type="stmt"/>
        <line num="297" count="1" type="stmt"/>
        <line num="298" count="1" type="stmt"/>
        <line num="299" count="1" type="stmt"/>
        <line num="306" count="1" type="cond" truecount="1" falsecount="1"/>
        <line num="307" count="0" type="stmt"/>
        <line num="310" count="1" type="stmt"/>
      </file>
      <file name="sync-custom-claims.ts" path="C:\Users\Administrator\Music\KrediApp\src\lib\sync-custom-claims.ts">
        <metrics statements="28" coveredstatements="4" conditionals="20" coveredconditionals="0" methods="1" coveredmethods="0"/>
        <line num="8" count="1" type="stmt"/>
        <line num="9" count="1" type="stmt"/>
        <line num="10" count="1" type="stmt"/>
        <line num="25" count="1" type="stmt"/>
        <line num="26" count="0" type="stmt"/>
        <line num="27" count="0" type="stmt"/>
        <line num="29" count="0" type="stmt"/>
        <line num="30" count="0" type="cond" truecount="0" falsecount="2"/>
        <line num="31" count="0" type="stmt"/>
        <line num="32" count="0" type="stmt"/>
        <line num="37" count="0" type="stmt"/>
        <line num="38" count="0" type="stmt"/>
        <line num="41" count="0" type="stmt"/>
        <line num="42" count="0" type="cond" truecount="0" falsecount="2"/>
        <line num="43" count="0" type="stmt"/>
        <line num="44" count="0" type="stmt"/>
        <line num="47" count="0" type="stmt"/>
        <line num="48" count="0" type="stmt"/>
        <line num="49" count="0" type="cond" truecount="0" falsecount="2"/>
        <line num="55" count="0" type="stmt"/>
        <line num="56" count="0" type="stmt"/>
        <line num="59" count="0" type="cond" truecount="0" falsecount="2"/>
        <line num="60" count="0" type="stmt"/>
        <line num="66" count="0" type="stmt"/>
        <line num="67" count="0" type="stmt"/>
        <line num="68" count="0" type="cond" truecount="0" falsecount="4"/>
        <line num="69" count="0" type="cond" truecount="0" falsecount="4"/>
        <line num="71" count="0" type="stmt"/>
      </file>
      <file name="total-prestamos-activos.ts" path="C:\Users\Administrator\Music\KrediApp\src\lib\total-prestamos-activos.ts">
        <metrics statements="20" coveredstatements="20" conditionals="20" coveredconditionals="17" methods="3" coveredmethods="3"/>
        <line num="6" count="1" type="stmt"/>
        <line num="16" count="1" type="stmt"/>
        <line num="20" count="6" type="stmt"/>
        <line num="23" count="6" type="stmt"/>
        <line num="26" count="6" type="cond" truecount="4" falsecount="0"/>
        <line num="27" count="4" type="cond" truecount="4" falsecount="0"/>
        <line num="28" count="3" type="stmt"/>
        <line num="34" count="1" type="stmt"/>
        <line num="35" count="3" type="stmt"/>
        <line num="38" count="3" type="cond" truecount="2" falsecount="0"/>
        <line num="42" count="1" type="stmt"/>
        <line num="50" count="3" type="stmt"/>
        <line num="51" count="3" type="cond" truecount="1" falsecount="1"/>
        <line num="52" count="3" type="stmt"/>
        <line num="53" count="3" type="stmt"/>
        <line num="54" count="18" type="cond" truecount="1" falsecount="1"/>
        <line num="55" count="18" type="cond" truecount="2" falsecount="0"/>
        <line num="56" count="6" type="cond" truecount="2" falsecount="0"/>
        <line num="62" count="3" type="stmt"/>
        <line num="65" count="3" type="stmt"/>
      </file>
      <file name="tu-caja-del-dia.ts" path="C:\Users\Administrator\Music\KrediApp\src\lib\tu-caja-del-dia.ts">
        <metrics statements="6" coveredstatements="6" conditionals="4" coveredconditionals="1" methods="3" coveredmethods="3"/>
        <line num="6" count="1" type="stmt"/>
        <line num="12" count="7" type="stmt"/>
        <line num="24" count="1" type="stmt"/>
        <line num="30" count="5" type="stmt"/>
        <line num="42" count="1" type="stmt"/>
        <line num="51" count="3" type="stmt"/>
      </file>
    </package>
    <package name="types">
      <metrics statements="1" coveredstatements="1" conditionals="0" coveredconditionals="0" methods="0" coveredmethods="0"/>
      <file name="superAdmin.ts" path="C:\Users\Administrator\Music\KrediApp\src\types\superAdmin.ts">
        <metrics statements="1" coveredstatements="1" conditionals="0" coveredconditionals="0" methods="0" coveredmethods="0"/>
        <line num="7" count="1" type="stmt"/>
      </file>
    </package>
  </project>
</coverage>
