{"C:\\Users\\Administrator\\Music\\KrediApp\\src\\content\\help\\admin\\general.ts": {"path":"C:\\Users\\Administrator\\Music\\KrediApp\\src\\content\\help\\admin\\general.ts","statementMap":{"0":{"start":{"line":3,"column":13},"end":{"line":35,"column":2}}},"fnMap":{},"branchMap":{},"s":{"0":1},"f":{},"b":{}}
,"C:\\Users\\Administrator\\Music\\KrediApp\\src\\content\\help\\admin\\pages.ts": {"path":"C:\\Users\\Administrator\\Music\\KrediApp\\src\\content\\help\\admin\\pages.ts","statementMap":{"0":{"start":{"line":20,"column":13},"end":{"line":265,"column":2}}},"fnMap":{},"branchMap":{},"s":{"0":1},"f":{},"b":{}}
,"C:\\Users\\Administrator\\Music\\KrediApp\\src\\content\\help\\admin\\resolve.ts": {"path":"C:\\Users\\Administrator\\Music\\KrediApp\\src\\content\\help\\admin\\resolve.ts","statementMap":{"0":{"start":{"line":26,"column":0},"end":{"line":26,"column":16}},"1":{"start":{"line":36,"column":0},"end":{"line":36,"column":16}},"2":{"start":{"line":40,"column":0},"end":{"line":40,"column":16}},"3":{"start":{"line":1,"column":0},"end":{"line":1,"column":9}},"4":{"start":{"line":44,"column":9},"end":{"line":1,"column":47}},"5":{"start":{"line":2,"column":0},"end":{"line":2,"column":66}},"6":{"start":{"line":5,"column":27},"end":{"line":5,"column":45}},"7":{"start":{"line":8,"column":73},"end":{"line":24,"column":2}},"8":{"start":{"line":27,"column":15},"end":{"line":27,"column":29}},"9":{"start":{"line":28,"column":2},"end":{"line":28,"column":60}},"10":{"start":{"line":28,"column":44},"end":{"line":28,"column":60}},"11":{"start":{"line":30,"column":2},"end":{"line":32,"column":3}},"12":{"start":{"line":31,"column":4},"end":{"line":31,"column":69}},"13":{"start":{"line":31,"column":58},"end":{"line":31,"column":69}},"14":{"start":{"line":33,"column":2},"end":{"line":33,"column":18}},"15":{"start":{"line":37,"column":2},"end":{"line":37,"column":31}},"16":{"start":{"line":41,"column":2},"end":{"line":41,"column":61}}},"fnMap":{"0":{"name":"(anonymous_0)","decl":{"start":{"line":44,"column":9},"end":{"line":44,"column":27}},"loc":{"start":{"line":44,"column":9},"end":{"line":1,"column":47}}},"1":{"name":"resolveAdminHelpPageKey","decl":{"start":{"line":26,"column":16},"end":{"line":26,"column":39}},"loc":{"start":{"line":26,"column":75},"end":{"line":34,"column":1}}},"2":{"name":"getAdminHelpPage","decl":{"start":{"line":36,"column":16},"end":{"line":36,"column":32}},"loc":{"start":{"line":36,"column":54},"end":{"line":38,"column":1}}},"3":{"name":"getAdminHelpForPathname","decl":{"start":{"line":40,"column":16},"end":{"line":40,"column":39}},"loc":{"start":{"line":40,"column":75},"end":{"line":42,"column":1}}}},"branchMap":{"0":{"loc":{"start":{"line":27,"column":15},"end":{"line":27,"column":29}},"type":"cond-expr","locations":[{"start":{"line":27,"column":15},"end":{"line":27,"column":23}},{"start":{"line":27,"column":27},"end":{"line":27,"column":29}}]},"1":{"loc":{"start":{"line":27,"column":15},"end":{"line":27,"column":27}},"type":"binary-expr","locations":[{"start":{"line":27,"column":15},"end":{"line":27,"column":27}},{"start":{"line":27,"column":15},"end":{"line":27,"column":27}}]},"2":{"loc":{"start":{"line":28,"column":2},"end":{"line":28,"column":60}},"type":"if","locations":[{"start":{"line":28,"column":2},"end":{"line":28,"column":60}},{"start":{},"end":{}}]},"3":{"loc":{"start":{"line":31,"column":4},"end":{"line":31,"column":69}},"type":"if","locations":[{"start":{"line":31,"column":4},"end":{"line":31,"column":69}},{"start":{},"end":{}}]},"4":{"loc":{"start":{"line":31,"column":8},"end":{"line":31,"column":56}},"type":"binary-expr","locations":[{"start":{"line":31,"column":8},"end":{"line":31,"column":23}},{"start":{"line":31,"column":27},"end":{"line":31,"column":56}}]}},"s":{"0":1,"1":1,"2":1,"3":1,"4":1,"5":1,"6":1,"7":1,"8":8,"9":8,"10":1,"11":7,"12":43,"13":7,"14":0,"15":0,"16":0},"f":{"0":0,"1":8,"2":0,"3":0},"b":{"0":[8,0],"1":[8,8],"2":[1,7],"3":[7,36],"4":[43,37]}}
,"C:\\Users\\Administrator\\Music\\KrediApp\\src\\lib\\admin-notificaciones-operativas.ts": {"path":"C:\\Users\\Administrator\\Music\\KrediApp\\src\\lib\\admin-notificaciones-operativas.ts","statementMap":{"0":{"start":{"line":119,"column":0},"end":{"line":119,"column":16}},"1":{"start":{"line":143,"column":0},"end":{"line":143,"column":16}},"2":{"start":{"line":161,"column":0},"end":{"line":161,"column":16}},"3":{"start":{"line":184,"column":0},"end":{"line":184,"column":16}},"4":{"start":{"line":207,"column":0},"end":{"line":207,"column":16}},"5":{"start":{"line":266,"column":0},"end":{"line":266,"column":16}},"6":{"start":{"line":7,"column":0},"end":{"line":7,"column":null}},"7":{"start":{"line":14,"column":13},"end":{"line":15,"column":42}},"8":{"start":{"line":28,"column":12},"end":{"line":28,"column":41}},"9":{"start":{"line":29,"column":2},"end":{"line":29,"column":98}},"10":{"start":{"line":33,"column":12},"end":{"line":33,"column":20}},"11":{"start":{"line":34,"column":2},"end":{"line":34,"column":70}},"12":{"start":{"line":38,"column":2},"end":{"line":41,"column":3}},"13":{"start":{"line":39,"column":16},"end":{"line":39,"column":63}},"14":{"start":{"line":40,"column":4},"end":{"line":40,"column":39}},"15":{"start":{"line":40,"column":29},"end":{"line":40,"column":39}},"16":{"start":{"line":42,"column":2},"end":{"line":45,"column":3}},"17":{"start":{"line":43,"column":15},"end":{"line":43,"column":30}},"18":{"start":{"line":44,"column":4},"end":{"line":44,"column":39}},"19":{"start":{"line":44,"column":29},"end":{"line":44,"column":39}},"20":{"start":{"line":46,"column":2},"end":{"line":49,"column":3}},"21":{"start":{"line":47,"column":15},"end":{"line":47,"column":40}},"22":{"start":{"line":48,"column":4},"end":{"line":48,"column":39}},"23":{"start":{"line":48,"column":29},"end":{"line":48,"column":39}},"24":{"start":{"line":50,"column":2},"end":{"line":50,"column":20}},"25":{"start":{"line":54,"column":13},"end":{"line":54,"column":35}},"26":{"start":{"line":55,"column":2},"end":{"line":55,"column":40}},"27":{"start":{"line":55,"column":28},"end":{"line":55,"column":40}},"28":{"start":{"line":56,"column":2},"end":{"line":56,"column":36}},"29":{"start":{"line":61,"column":2},"end":{"line":63,"column":3}},"30":{"start":{"line":62,"column":4},"end":{"line":62,"column":63}},"31":{"start":{"line":64,"column":14},"end":{"line":64,"column":76}},"32":{"start":{"line":65,"column":2},"end":{"line":65,"column":54}},"33":{"start":{"line":76,"column":2},"end":{"line":78,"column":3}},"34":{"start":{"line":77,"column":4},"end":{"line":77,"column":42}},"35":{"start":{"line":79,"column":18},"end":{"line":79,"column":45}},"36":{"start":{"line":80,"column":14},"end":{"line":80,"column":35}},"37":{"start":{"line":81,"column":20},"end":{"line":81,"column":56}},"38":{"start":{"line":82,"column":2},"end":{"line":82,"column":40}},"39":{"start":{"line":82,"column":25},"end":{"line":82,"column":40}},"40":{"start":{"line":85,"column":4},"end":{"line":94,"column":8}},"41":{"start":{"line":87,"column":16},"end":{"line":87,"column":33}},"42":{"start":{"line":88,"column":6},"end":{"line":93,"column":8}},"43":{"start":{"line":96,"column":2},"end":{"line":96,"column":33}},"44":{"start":{"line":96,"column":18},"end":{"line":96,"column":33}},"45":{"start":{"line":98,"column":10},"end":{"line":98,"column":11}},"46":{"start":{"line":99,"column":2},"end":{"line":101,"column":3}},"47":{"start":{"line":99,"column":15},"end":{"line":99,"column":16}},"48":{"start":{"line":100,"column":4},"end":{"line":100,"column":47}},"49":{"start":{"line":102,"column":2},"end":{"line":102,"column":70}},"50":{"start":{"line":105,"column":46},"end":{"line":110,"column":2}},"51":{"start":{"line":112,"column":46},"end":{"line":117,"column":2}},"52":{"start":{"line":123,"column":2},"end":{"line":123,"column":46}},"53":{"start":{"line":123,"column":34},"end":{"line":123,"column":46}},"54":{"start":{"line":124,"column":13},"end":{"line":124,"column":48}},"55":{"start":{"line":126,"column":4},"end":{"line":127,"column":16}},"56":{"start":{"line":128,"column":16},"end":{"line":128,"column":63}},"57":{"start":{"line":130,"column":4},"end":{"line":131,"column":21}},"58":{"start":{"line":133,"column":4},"end":{"line":133,"column":74}},"59":{"start":{"line":134,"column":2},"end":{"line":140,"column":4}},"60":{"start":{"line":148,"column":13},"end":{"line":148,"column":48}},"61":{"start":{"line":149,"column":2},"end":{"line":149,"column":44}},"62":{"start":{"line":149,"column":32},"end":{"line":149,"column":44}},"63":{"start":{"line":151,"column":4},"end":{"line":151,"column":72}},"64":{"start":{"line":152,"column":2},"end":{"line":158,"column":4}},"65":{"start":{"line":166,"column":13},"end":{"line":166,"column":43}},"66":{"start":{"line":167,"column":2},"end":{"line":167,"column":44}},"67":{"start":{"line":167,"column":32},"end":{"line":167,"column":44}},"68":{"start":{"line":169,"column":4},"end":{"line":170,"column":13}},"69":{"start":{"line":171,"column":16},"end":{"line":171,"column":63}},"70":{"start":{"line":172,"column":2},"end":{"line":181,"column":4}},"71":{"start":{"line":189,"column":13},"end":{"line":189,"column":43}},"72":{"start":{"line":191,"column":4},"end":{"line":192,"column":13}},"73":{"start":{"line":193,"column":16},"end":{"line":193,"column":63}},"74":{"start":{"line":194,"column":2},"end":{"line":204,"column":4}},"75":{"start":{"line":211,"column":13},"end":{"line":211,"column":40}},"76":{"start":{"line":212,"column":2},"end":{"line":212,"column":44}},"77":{"start":{"line":212,"column":32},"end":{"line":212,"column":44}},"78":{"start":{"line":215,"column":4},"end":{"line":216,"column":13}},"79":{"start":{"line":217,"column":15},"end":{"line":217,"column":65}},"80":{"start":{"line":219,"column":2},"end":{"line":233,"column":3}},"81":{"start":{"line":220,"column":18},"end":{"line":220,"column":65}},"82":{"start":{"line":222,"column":6},"end":{"line":222,"column":72}},"83":{"start":{"line":223,"column":4},"end":{"line":232,"column":6}},"84":{"start":{"line":235,"column":2},"end":{"line":245,"column":3}},"85":{"start":{"line":237,"column":6},"end":{"line":237,"column":78}},"86":{"start":{"line":238,"column":4},"end":{"line":244,"column":6}},"87":{"start":{"line":247,"column":2},"end":{"line":261,"column":3}},"88":{"start":{"line":248,"column":18},"end":{"line":248,"column":65}},"89":{"start":{"line":250,"column":6},"end":{"line":250,"column":79}},"90":{"start":{"line":251,"column":4},"end":{"line":260,"column":6}},"91":{"start":{"line":263,"column":2},"end":{"line":263,"column":14}},"92":{"start":{"line":269,"column":15},"end":{"line":269,"column":57}},"93":{"start":{"line":270,"column":2},"end":{"line":274,"column":3}},"94":{"start":{"line":271,"column":4},"end":{"line":273,"column":5}},"95":{"start":{"line":272,"column":6},"end":{"line":272,"column":30}},"96":{"start":{"line":275,"column":2},"end":{"line":275,"column":63}},"97":{"start":{"line":275,"column":50},"end":{"line":275,"column":61}}},"fnMap":{"0":{"name":"formatMontoCOP","decl":{"start":{"line":27,"column":9},"end":{"line":27,"column":23}},"loc":{"start":{"line":27,"column":37},"end":{"line":30,"column":1}}},"1":{"name":"truncateBody","decl":{"start":{"line":32,"column":9},"end":{"line":32,"column":21}},"loc":{"start":{"line":32,"column":44},"end":{"line":35,"column":1}}},"2":{"name":"tsFromFirestore","decl":{"start":{"line":37,"column":9},"end":{"line":37,"column":24}},"loc":{"start":{"line":37,"column":39},"end":{"line":51,"column":1}}},"3":{"name":"fechaIsoDesdeFirestore","decl":{"start":{"line":53,"column":9},"end":{"line":53,"column":31}},"loc":{"start":{"line":53,"column":46},"end":{"line":57,"column":1}}},"4":{"name":"esGastoOperativoHoy","decl":{"start":{"line":60,"column":9},"end":{"line":60,"column":28}},"loc":{"start":{"line":60,"column":58},"end":{"line":66,"column":1}}},"5":{"name":"atGastoParaCampanita","decl":{"start":{"line":72,"column":9},"end":{"line":72,"column":29}},"loc":{"start":{"line":74,"column":31},"end":{"line":103,"column":1}}},"6":{"name":"(anonymous_6)","decl":{"start":{"line":86,"column":5},"end":{"line":86,"column":8}},"loc":{"start":{"line":86,"column":10},"end":{"line":94,"column":5}}},"7":{"name":"mapGastoEmpleadoNotif","decl":{"start":{"line":119,"column":16},"end":{"line":119,"column":37}},"loc":{"start":{"line":121,"column":31},"end":{"line":141,"column":1}}},"8":{"name":"mapClienteEmpleadoNotif","decl":{"start":{"line":143,"column":16},"end":{"line":143,"column":39}},"loc":{"start":{"line":146,"column":24},"end":{"line":159,"column":1}}},"9":{"name":"mapPrestamoEmpleadoNotif","decl":{"start":{"line":161,"column":16},"end":{"line":161,"column":40}},"loc":{"start":{"line":164,"column":24},"end":{"line":182,"column":1}}},"10":{"name":"mapSolicitudPrestamoNotif","decl":{"start":{"line":184,"column":16},"end":{"line":184,"column":41}},"loc":{"start":{"line":187,"column":24},"end":{"line":205,"column":1}}},"11":{"name":"mapPagoEmpleadoNotif","decl":{"start":{"line":207,"column":16},"end":{"line":207,"column":36}},"loc":{"start":{"line":209,"column":31},"end":{"line":264,"column":1}}},"12":{"name":"mergeAdminOperativoNotifs","decl":{"start":{"line":266,"column":16},"end":{"line":266,"column":41}},"loc":{"start":{"line":267,"column":38},"end":{"line":276,"column":1}}},"13":{"name":"(anonymous_13)","decl":{"start":{"line":275,"column":40},"end":{"line":275,"column":41}},"loc":{"start":{"line":275,"column":50},"end":{"line":275,"column":61}}}},"branchMap":{"0":{"loc":{"start":{"line":34,"column":9},"end":{"line":34,"column":69}},"type":"cond-expr","locations":[{"start":{"line":34,"column":27},"end":{"line":34,"column":28}},{"start":{"line":34,"column":31},"end":{"line":34,"column":69}}]},"1":{"loc":{"start":{"line":38,"column":2},"end":{"line":41,"column":3}},"type":"if","locations":[{"start":{"line":38,"column":2},"end":{"line":41,"column":3}},{"start":{},"end":{}}]},"2":{"loc":{"start":{"line":38,"column":6},"end":{"line":38,"column":63}},"type":"binary-expr","locations":[{"start":{"line":38,"column":6},"end":{"line":38,"column":11}},{"start":{"line":38,"column":15},"end":{"line":38,"column":40}},{"start":{"line":38,"column":44},"end":{"line":38,"column":63}}]},"3":{"loc":{"start":{"line":40,"column":4},"end":{"line":40,"column":39}},"type":"if","locations":[{"start":{"line":40,"column":4},"end":{"line":40,"column":39}},{"start":{},"end":{}}]},"4":{"loc":{"start":{"line":42,"column":2},"end":{"line":45,"column":3}},"type":"if","locations":[{"start":{"line":42,"column":2},"end":{"line":45,"column":3}},{"start":{},"end":{}}]},"5":{"loc":{"start":{"line":44,"column":4},"end":{"line":44,"column":39}},"type":"if","locations":[{"start":{"line":44,"column":4},"end":{"line":44,"column":39}},{"start":{},"end":{}}]},"6":{"loc":{"start":{"line":46,"column":2},"end":{"line":49,"column":3}},"type":"if","locations":[{"start":{"line":46,"column":2},"end":{"line":49,"column":3}},{"start":{},"end":{}}]},"7":{"loc":{"start":{"line":46,"column":6},"end":{"line":46,"column":60}},"type":"binary-expr","locations":[{"start":{"line":46,"column":6},"end":{"line":46,"column":31}},{"start":{"line":46,"column":35},"end":{"line":46,"column":60}}]},"8":{"loc":{"start":{"line":48,"column":4},"end":{"line":48,"column":39}},"type":"if","locations":[{"start":{"line":48,"column":4},"end":{"line":48,"column":39}},{"start":{},"end":{}}]},"9":{"loc":{"start":{"line":55,"column":2},"end":{"line":55,"column":40}},"type":"if","locations":[{"start":{"line":55,"column":2},"end":{"line":55,"column":40}},{"start":{},"end":{}}]},"10":{"loc":{"start":{"line":61,"column":2},"end":{"line":63,"column":3}},"type":"if","locations":[{"start":{"line":61,"column":2},"end":{"line":63,"column":3}},{"start":{},"end":{}}]},"11":{"loc":{"start":{"line":65,"column":9},"end":{"line":65,"column":53}},"type":"binary-expr","locations":[{"start":{"line":65,"column":9},"end":{"line":65,"column":20}},{"start":{"line":65,"column":24},"end":{"line":65,"column":53}}]},"12":{"loc":{"start":{"line":76,"column":2},"end":{"line":78,"column":3}},"type":"if","locations":[{"start":{"line":76,"column":2},"end":{"line":78,"column":3}},{"start":{},"end":{}}]},"13":{"loc":{"start":{"line":81,"column":20},"end":{"line":81,"column":56}},"type":"cond-expr","locations":[{"start":{"line":81,"column":45},"end":{"line":81,"column":47}},{"start":{"line":81,"column":45},"end":{"line":81,"column":56}}]},"14":{"loc":{"start":{"line":81,"column":20},"end":{"line":81,"column":47}},"type":"binary-expr","locations":[{"start":{"line":81,"column":20},"end":{"line":81,"column":47}},{"start":{"line":81,"column":45},"end":{"line":81,"column":47}}]},"15":{"loc":{"start":{"line":82,"column":2},"end":{"line":82,"column":40}},"type":"if","locations":[{"start":{"line":82,"column":2},"end":{"line":82,"column":40}},{"start":{},"end":{}}]},"16":{"loc":{"start":{"line":85,"column":4},"end":{"line":94,"column":8}},"type":"binary-expr","locations":[{"start":{"line":85,"column":4},"end":{"line":85,"column":25}},{"start":{"line":86,"column":4},"end":{"line":94,"column":8}}]},"17":{"loc":{"start":{"line":89,"column":8},"end":{"line":92,"column":36}},"type":"binary-expr","locations":[{"start":{"line":89,"column":8},"end":{"line":89,"column":29}},{"start":{"line":90,"column":8},"end":{"line":90,"column":31}},{"start":{"line":91,"column":8},"end":{"line":91,"column":31}},{"start":{"line":92,"column":8},"end":{"line":92,"column":36}}]},"18":{"loc":{"start":{"line":96,"column":2},"end":{"line":96,"column":33}},"type":"if","locations":[{"start":{"line":96,"column":2},"end":{"line":96,"column":33}},{"start":{},"end":{}}]},"19":{"loc":{"start":{"line":123,"column":2},"end":{"line":123,"column":46}},"type":"if","locations":[{"start":{"line":123,"column":2},"end":{"line":123,"column":46}},{"start":{},"end":{}}]},"20":{"loc":{"start":{"line":126,"column":4},"end":{"line":127,"column":16}},"type":"binary-expr","locations":[{"start":{"line":126,"column":5},"end":{"line":126,"column":45}},{"start":{"line":126,"column":49},"end":{"line":126,"column":76}},{"start":{"line":127,"column":4},"end":{"line":127,"column":16}}]},"21":{"loc":{"start":{"line":128,"column":16},"end":{"line":128,"column":63}},"type":"cond-expr","locations":[{"start":{"line":128,"column":49},"end":{"line":128,"column":59}},{"start":{"line":128,"column":62},"end":{"line":128,"column":63}}]},"22":{"loc":{"start":{"line":130,"column":4},"end":{"line":131,"column":21}},"type":"binary-expr","locations":[{"start":{"line":130,"column":5},"end":{"line":130,"column":41}},{"start":{"line":130,"column":45},"end":{"line":130,"column":68}},{"start":{"line":131,"column":4},"end":{"line":131,"column":21}}]},"23":{"loc":{"start":{"line":133,"column":4},"end":{"line":133,"column":74}},"type":"cond-expr","locations":[{"start":{"line":133,"column":30},"end":{"line":133,"column":60}},{"start":{"line":133,"column":63},"end":{"line":133,"column":74}}]},"24":{"loc":{"start":{"line":149,"column":2},"end":{"line":149,"column":44}},"type":"if","locations":[{"start":{"line":149,"column":2},"end":{"line":149,"column":44}},{"start":{},"end":{}}]},"25":{"loc":{"start":{"line":151,"column":4},"end":{"line":151,"column":72}},"type":"binary-expr","locations":[{"start":{"line":151,"column":5},"end":{"line":151,"column":36}},{"start":{"line":151,"column":40},"end":{"line":151,"column":58}},{"start":{"line":151,"column":63},"end":{"line":151,"column":72}}]},"26":{"loc":{"start":{"line":167,"column":2},"end":{"line":167,"column":44}},"type":"if","locations":[{"start":{"line":167,"column":2},"end":{"line":167,"column":44}},{"start":{},"end":{}}]},"27":{"loc":{"start":{"line":169,"column":4},"end":{"line":170,"column":13}},"type":"binary-expr","locations":[{"start":{"line":169,"column":5},"end":{"line":169,"column":43}},{"start":{"line":169,"column":47},"end":{"line":169,"column":72}},{"start":{"line":170,"column":4},"end":{"line":170,"column":13}}]},"28":{"loc":{"start":{"line":171,"column":16},"end":{"line":171,"column":63}},"type":"cond-expr","locations":[{"start":{"line":171,"column":49},"end":{"line":171,"column":59}},{"start":{"line":171,"column":62},"end":{"line":171,"column":63}}]},"29":{"loc":{"start":{"line":191,"column":4},"end":{"line":192,"column":13}},"type":"binary-expr","locations":[{"start":{"line":191,"column":5},"end":{"line":191,"column":43}},{"start":{"line":191,"column":47},"end":{"line":191,"column":72}},{"start":{"line":192,"column":4},"end":{"line":192,"column":13}}]},"30":{"loc":{"start":{"line":193,"column":16},"end":{"line":193,"column":63}},"type":"cond-expr","locations":[{"start":{"line":193,"column":49},"end":{"line":193,"column":59}},{"start":{"line":193,"column":62},"end":{"line":193,"column":63}}]},"31":{"loc":{"start":{"line":212,"column":2},"end":{"line":212,"column":44}},"type":"if","locations":[{"start":{"line":212,"column":2},"end":{"line":212,"column":44}},{"start":{},"end":{}}]},"32":{"loc":{"start":{"line":215,"column":4},"end":{"line":216,"column":13}},"type":"binary-expr","locations":[{"start":{"line":215,"column":5},"end":{"line":215,"column":43}},{"start":{"line":215,"column":47},"end":{"line":215,"column":72}},{"start":{"line":216,"column":4},"end":{"line":216,"column":13}}]},"33":{"loc":{"start":{"line":217,"column":15},"end":{"line":217,"column":65}},"type":"cond-expr","locations":[{"start":{"line":217,"column":47},"end":{"line":217,"column":56}},{"start":{"line":217,"column":59},"end":{"line":217,"column":65}}]},"34":{"loc":{"start":{"line":219,"column":2},"end":{"line":233,"column":3}},"type":"if","locations":[{"start":{"line":219,"column":2},"end":{"line":233,"column":3}},{"start":{},"end":{}}]},"35":{"loc":{"start":{"line":220,"column":18},"end":{"line":220,"column":65}},"type":"cond-expr","locations":[{"start":{"line":220,"column":51},"end":{"line":220,"column":61}},{"start":{"line":220,"column":64},"end":{"line":220,"column":65}}]},"36":{"loc":{"start":{"line":222,"column":6},"end":{"line":222,"column":72}},"type":"cond-expr","locations":[{"start":{"line":222,"column":44},"end":{"line":222,"column":59}},{"start":{"line":222,"column":62},"end":{"line":222,"column":72}}]},"37":{"loc":{"start":{"line":235,"column":2},"end":{"line":245,"column":3}},"type":"if","locations":[{"start":{"line":235,"column":2},"end":{"line":245,"column":3}},{"start":{},"end":{}}]},"38":{"loc":{"start":{"line":237,"column":6},"end":{"line":237,"column":78}},"type":"cond-expr","locations":[{"start":{"line":237,"column":56},"end":{"line":237,"column":60}},{"start":{"line":237,"column":60},"end":{"line":237,"column":78}}]},"39":{"loc":{"start":{"line":237,"column":6},"end":{"line":237,"column":60}},"type":"binary-expr","locations":[{"start":{"line":237,"column":6},"end":{"line":237,"column":60}},{"start":{"line":237,"column":56},"end":{"line":237,"column":60}}]},"40":{"loc":{"start":{"line":237,"column":20},"end":{"line":237,"column":55}},"type":"cond-expr","locations":[{"start":{"line":237,"column":49},"end":{"line":237,"column":53}},{"start":{"line":237,"column":53},"end":{"line":237,"column":55}}]},"41":{"loc":{"start":{"line":237,"column":20},"end":{"line":237,"column":53}},"type":"binary-expr","locations":[{"start":{"line":237,"column":20},"end":{"line":237,"column":53}},{"start":{"line":237,"column":49},"end":{"line":237,"column":53}}]},"42":{"loc":{"start":{"line":247,"column":2},"end":{"line":261,"column":3}},"type":"if","locations":[{"start":{"line":247,"column":2},"end":{"line":261,"column":3}},{"start":{},"end":{}}]},"43":{"loc":{"start":{"line":248,"column":18},"end":{"line":248,"column":65}},"type":"cond-expr","locations":[{"start":{"line":248,"column":51},"end":{"line":248,"column":61}},{"start":{"line":248,"column":64},"end":{"line":248,"column":65}}]},"44":{"loc":{"start":{"line":250,"column":6},"end":{"line":250,"column":79}},"type":"cond-expr","locations":[{"start":{"line":250,"column":57},"end":{"line":250,"column":61}},{"start":{"line":250,"column":61},"end":{"line":250,"column":79}}]},"45":{"loc":{"start":{"line":250,"column":6},"end":{"line":250,"column":61}},"type":"binary-expr","locations":[{"start":{"line":250,"column":6},"end":{"line":250,"column":61}},{"start":{"line":250,"column":57},"end":{"line":250,"column":61}}]},"46":{"loc":{"start":{"line":250,"column":20},"end":{"line":250,"column":56}},"type":"cond-expr","locations":[{"start":{"line":250,"column":50},"end":{"line":250,"column":54}},{"start":{"line":250,"column":54},"end":{"line":250,"column":56}}]},"47":{"loc":{"start":{"line":250,"column":20},"end":{"line":250,"column":54}},"type":"binary-expr","locations":[{"start":{"line":250,"column":20},"end":{"line":250,"column":54}},{"start":{"line":250,"column":50},"end":{"line":250,"column":54}}]}},"s":{"0":1,"1":1,"2":1,"3":1,"4":1,"5":1,"6":1,"7":1,"8":6,"9":6,"10":3,"11":3,"12":9,"13":7,"14":7,"15":7,"16":2,"17":0,"18":0,"19":0,"20":2,"21":2,"22":2,"23":2,"24":0,"25":1,"26":1,"27":0,"28":1,"29":3,"30":2,"31":1,"32":1,"33":3,"34":2,"35":1,"36":1,"37":1,"38":1,"39":0,"40":1,"41":1,"42":1,"43":1,"44":0,"45":1,"46":1,"47":1,"48":8,"49":1,"50":1,"51":1,"52":3,"53":0,"54":3,"55":3,"56":3,"57":3,"58":3,"59":3,"60":0,"61":0,"62":0,"63":0,"64":0,"65":2,"66":2,"67":0,"68":2,"69":2,"70":2,"71":1,"72":1,"73":1,"74":1,"75":0,"76":0,"77":0,"78":0,"79":0,"80":0,"81":0,"82":0,"83":0,"84":0,"85":0,"86":0,"87":0,"88":0,"89":0,"90":0,"91":0,"92":1,"93":1,"94":2,"95":3,"96":1,"97":2},"f":{"0":6,"1":3,"2":9,"3":1,"4":3,"5":3,"6":1,"7":3,"8":0,"9":2,"10":1,"11":0,"12":1,"13":2},"b":{"0":[3,0],"1":[7,2],"2":[9,9,7],"3":[7,0],"4":[0,2],"5":[0,0],"6":[2,0],"7":[2,0],"8":[2,0],"9":[0,1],"10":[2,1],"11":[1,1],"12":[2,1],"13":[0,1],"14":[1,1],"15":[0,1],"16":[1,1],"17":[1,1,1,1],"18":[0,1],"19":[0,3],"20":[3,3,0],"21":[3,0],"22":[3,3,0],"23":[0,3],"24":[0,0],"25":[0,0,0],"26":[0,2],"27":[2,2,0],"28":[2,0],"29":[1,1,0],"30":[1,0],"31":[0,0],"32":[0,0,0],"33":[0,0],"34":[0,0],"35":[0,0],"36":[0,0],"37":[0,0],"38":[0,0],"39":[0,0],"40":[0,0],"41":[0,0],"42":[0,0],"43":[0,0],"44":[0,0],"45":[0,0],"46":[0,0],"47":[0,0]}}
,"C:\\Users\\Administrator\\Music\\KrediApp\\src\\lib\\anular-pago-prestamo.ts": {"path":"C:\\Users\\Administrator\\Music\\KrediApp\\src\\lib\\anular-pago-prestamo.ts","statementMap":{"0":{"start":{"line":71,"column":0},"end":{"line":71,"column":16}},"1":{"start":{"line":100,"column":0},"end":{"line":100,"column":16}},"2":{"start":{"line":114,"column":0},"end":{"line":114,"column":16}},"3":{"start":{"line":134,"column":0},"end":{"line":134,"column":16}},"4":{"start":{"line":209,"column":0},"end":{"line":209,"column":16}},"5":{"start":{"line":228,"column":0},"end":{"line":228,"column":16}},"6":{"start":{"line":1,"column":0},"end":{"line":1,"column":66}},"7":{"start":{"line":2,"column":0},"end":{"line":2,"column":76}},"8":{"start":{"line":77,"column":68},"end":{"line":77,"column":74}},"9":{"start":{"line":79,"column":2},"end":{"line":81,"column":3}},"10":{"start":{"line":80,"column":4},"end":{"line":80,"column":28}},"11":{"start":{"line":82,"column":2},"end":{"line":84,"column":3}},"12":{"start":{"line":83,"column":4},"end":{"line":83,"column":32}},"13":{"start":{"line":85,"column":2},"end":{"line":87,"column":3}},"14":{"start":{"line":86,"column":4},"end":{"line":86,"column":43}},"15":{"start":{"line":88,"column":2},"end":{"line":90,"column":3}},"16":{"start":{"line":89,"column":4},"end":{"line":89,"column":31}},"17":{"start":{"line":91,"column":2},"end":{"line":93,"column":3}},"18":{"start":{"line":92,"column":4},"end":{"line":92,"column":30}},"19":{"start":{"line":94,"column":2},"end":{"line":94,"column":14}},"20":{"start":{"line":105,"column":2},"end":{"line":105,"column":40}},"21":{"start":{"line":105,"column":28},"end":{"line":105,"column":40}},"22":{"start":{"line":106,"column":2},"end":{"line":106,"column":66}},"23":{"start":{"line":106,"column":54},"end":{"line":106,"column":66}},"24":{"start":{"line":107,"column":15},"end":{"line":107,"column":93}},"25":{"start":{"line":108,"column":2},"end":{"line":110,"column":3}},"26":{"start":{"line":109,"column":4},"end":{"line":109,"column":34}},"27":{"start":{"line":111,"column":2},"end":{"line":111,"column":14}},"28":{"start":{"line":115,"column":2},"end":{"line":122,"column":3}},"29":{"start":{"line":121,"column":4},"end":{"line":121,"column":23}},"30":{"start":{"line":124,"column":2},"end":{"line":129,"column":3}},"31":{"start":{"line":128,"column":4},"end":{"line":128,"column":22}},"32":{"start":{"line":131,"column":2},"end":{"line":131,"column":47}},"33":{"start":{"line":141,"column":51},"end":{"line":141,"column":57}},"34":{"start":{"line":147,"column":2},"end":{"line":155,"column":3}},"35":{"start":{"line":148,"column":4},"end":{"line":148,"column":60}},"36":{"start":{"line":149,"column":4},"end":{"line":149,"column":58}},"37":{"start":{"line":150,"column":4},"end":{"line":150,"column":52}},"38":{"start":{"line":152,"column":4},"end":{"line":152,"column":71}},"39":{"start":{"line":153,"column":4},"end":{"line":153,"column":27}},"40":{"start":{"line":154,"column":4},"end":{"line":154,"column":35}},"41":{"start":{"line":158,"column":4},"end":{"line":158,"column":68}},"42":{"start":{"line":160,"column":22},"end":{"line":160,"column":35}},"43":{"start":{"line":161,"column":29},"end":{"line":161,"column":48}},"44":{"start":{"line":162,"column":26},"end":{"line":162,"column":42}},"45":{"start":{"line":163,"column":24},"end":{"line":163,"column":38}},"46":{"start":{"line":165,"column":2},"end":{"line":173,"column":3}},"47":{"start":{"line":166,"column":4},"end":{"line":166,"column":55}},"48":{"start":{"line":167,"column":4},"end":{"line":167,"column":69}},"49":{"start":{"line":168,"column":4},"end":{"line":168,"column":79}},"50":{"start":{"line":170,"column":4},"end":{"line":170,"column":68}},"51":{"start":{"line":171,"column":4},"end":{"line":171,"column":69}},"52":{"start":{"line":172,"column":4},"end":{"line":172,"column":79}},"53":{"start":{"line":175,"column":2},"end":{"line":175,"column":51}},"54":{"start":{"line":175,"column":29},"end":{"line":175,"column":51}},"55":{"start":{"line":176,"column":2},"end":{"line":176,"column":47}},"56":{"start":{"line":176,"column":27},"end":{"line":176,"column":47}},"57":{"start":{"line":177,"column":2},"end":{"line":177,"column":43}},"58":{"start":{"line":177,"column":25},"end":{"line":177,"column":43}},"59":{"start":{"line":178,"column":2},"end":{"line":178,"column":57}},"60":{"start":{"line":178,"column":32},"end":{"line":178,"column":57}},"61":{"start":{"line":180,"column":28},"end":{"line":185,"column":4}},"62":{"start":{"line":187,"column":41},"end":{"line":187,"column":45}},"63":{"start":{"line":188,"column":2},"end":{"line":191,"column":3}},"64":{"start":{"line":189,"column":4},"end":{"line":189,"column":67}},"65":{"start":{"line":190,"column":4},"end":{"line":190,"column":53}},"66":{"start":{"line":190,"column":31},"end":{"line":190,"column":53}},"67":{"start":{"line":193,"column":2},"end":{"line":206,"column":4}},"68":{"start":{"line":210,"column":2},"end":{"line":225,"column":3}},"69":{"start":{"line":212,"column":6},"end":{"line":212,"column":41}},"70":{"start":{"line":214,"column":6},"end":{"line":214,"column":67}},"71":{"start":{"line":216,"column":6},"end":{"line":216,"column":137}},"72":{"start":{"line":218,"column":6},"end":{"line":218,"column":133}},"73":{"start":{"line":220,"column":6},"end":{"line":220,"column":93}},"74":{"start":{"line":222,"column":6},"end":{"line":222,"column":126}},"75":{"start":{"line":224,"column":6},"end":{"line":224,"column":93}},"76":{"start":{"line":229,"column":2},"end":{"line":229,"column":75}},"77":{"start":{"line":229,"column":48},"end":{"line":229,"column":75}},"78":{"start":{"line":230,"column":14},"end":{"line":230,"column":74}},"79":{"start":{"line":231,"column":17},"end":{"line":231,"column":71}},"80":{"start":{"line":232,"column":2},"end":{"line":232,"column":55}}},"fnMap":{"0":{"name":"validarElegibilidadAnulacion","decl":{"start":{"line":71,"column":16},"end":{"line":71,"column":44}},"loc":{"start":{"line":76,"column":1},"end":{"line":95,"column":1}}},"1":{"name":"validarCoherenciaPrestamoConPago","decl":{"start":{"line":100,"column":16},"end":{"line":100,"column":48}},"loc":{"start":{"line":103,"column":21},"end":{"line":112,"column":1}}},"2":{"name":"determinarModoReversion","decl":{"start":{"line":114,"column":16},"end":{"line":114,"column":39}},"loc":{"start":{"line":114,"column":55},"end":{"line":132,"column":1}}},"3":{"name":"calcularReversion","decl":{"start":{"line":134,"column":16},"end":{"line":134,"column":33}},"loc":{"start":{"line":140,"column":1},"end":{"line":207,"column":1}}},"4":{"name":"mensajeElegibilidad","decl":{"start":{"line":209,"column":16},"end":{"line":209,"column":35}},"loc":{"start":{"line":209,"column":69},"end":{"line":226,"column":1}}},"5":{"name":"inferirAcreditaCajaRuta","decl":{"start":{"line":228,"column":16},"end":{"line":228,"column":39}},"loc":{"start":{"line":228,"column":67},"end":{"line":233,"column":1}}}},"branchMap":{"0":{"loc":{"start":{"line":79,"column":2},"end":{"line":81,"column":3}},"type":"if","locations":[{"start":{"line":79,"column":2},"end":{"line":81,"column":3}},{"start":{},"end":{}}]},"1":{"loc":{"start":{"line":79,"column":6},"end":{"line":79,"column":59}},"type":"binary-expr","locations":[{"start":{"line":79,"column":6},"end":{"line":79,"column":30}},{"start":{"line":79,"column":34},"end":{"line":79,"column":59}}]},"2":{"loc":{"start":{"line":82,"column":2},"end":{"line":84,"column":3}},"type":"if","locations":[{"start":{"line":82,"column":2},"end":{"line":84,"column":3}},{"start":{},"end":{}}]},"3":{"loc":{"start":{"line":85,"column":2},"end":{"line":87,"column":3}},"type":"if","locations":[{"start":{"line":85,"column":2},"end":{"line":87,"column":3}},{"start":{},"end":{}}]},"4":{"loc":{"start":{"line":88,"column":2},"end":{"line":90,"column":3}},"type":"if","locations":[{"start":{"line":88,"column":2},"end":{"line":90,"column":3}},{"start":{},"end":{}}]},"5":{"loc":{"start":{"line":91,"column":2},"end":{"line":93,"column":3}},"type":"if","locations":[{"start":{"line":91,"column":2},"end":{"line":93,"column":3}},{"start":{},"end":{}}]},"6":{"loc":{"start":{"line":105,"column":2},"end":{"line":105,"column":40}},"type":"if","locations":[{"start":{"line":105,"column":2},"end":{"line":105,"column":40}},{"start":{},"end":{}}]},"7":{"loc":{"start":{"line":106,"column":2},"end":{"line":106,"column":66}},"type":"if","locations":[{"start":{"line":106,"column":2},"end":{"line":106,"column":66}},{"start":{},"end":{}}]},"8":{"loc":{"start":{"line":108,"column":2},"end":{"line":110,"column":3}},"type":"if","locations":[{"start":{"line":108,"column":2},"end":{"line":110,"column":3}},{"start":{},"end":{}}]},"9":{"loc":{"start":{"line":115,"column":2},"end":{"line":122,"column":3}},"type":"if","locations":[{"start":{"line":115,"column":2},"end":{"line":122,"column":3}},{"start":{},"end":{}}]},"10":{"loc":{"start":{"line":116,"column":4},"end":{"line":119,"column":48}},"type":"binary-expr","locations":[{"start":{"line":116,"column":4},"end":{"line":116,"column":41}},{"start":{"line":117,"column":4},"end":{"line":117,"column":48}},{"start":{"line":118,"column":4},"end":{"line":118,"column":47}},{"start":{"line":119,"column":4},"end":{"line":119,"column":48}}]},"11":{"loc":{"start":{"line":124,"column":2},"end":{"line":129,"column":3}},"type":"if","locations":[{"start":{"line":124,"column":2},"end":{"line":129,"column":3}},{"start":{},"end":{}}]},"12":{"loc":{"start":{"line":125,"column":4},"end":{"line":126,"column":42}},"type":"binary-expr","locations":[{"start":{"line":125,"column":4},"end":{"line":125,"column":41}},{"start":{"line":126,"column":4},"end":{"line":126,"column":42}}]},"13":{"loc":{"start":{"line":147,"column":2},"end":{"line":155,"column":3}},"type":"if","locations":[{"start":{"line":147,"column":2},"end":{"line":155,"column":3}},{"start":{"line":151,"column":9},"end":{"line":155,"column":3}}]},"14":{"loc":{"start":{"line":158,"column":4},"end":{"line":158,"column":68}},"type":"binary-expr","locations":[{"start":{"line":158,"column":4},"end":{"line":158,"column":32}},{"start":{"line":158,"column":36},"end":{"line":158,"column":68}}]},"15":{"loc":{"start":{"line":165,"column":2},"end":{"line":173,"column":3}},"type":"if","locations":[{"start":{"line":165,"column":2},"end":{"line":173,"column":3}},{"start":{"line":169,"column":9},"end":{"line":173,"column":3}}]},"16":{"loc":{"start":{"line":175,"column":2},"end":{"line":175,"column":51}},"type":"if","locations":[{"start":{"line":175,"column":2},"end":{"line":175,"column":51}},{"start":{},"end":{}}]},"17":{"loc":{"start":{"line":176,"column":2},"end":{"line":176,"column":47}},"type":"if","locations":[{"start":{"line":176,"column":2},"end":{"line":176,"column":47}},{"start":{},"end":{}}]},"18":{"loc":{"start":{"line":177,"column":2},"end":{"line":177,"column":43}},"type":"if","locations":[{"start":{"line":177,"column":2},"end":{"line":177,"column":43}},{"start":{},"end":{}}]},"19":{"loc":{"start":{"line":178,"column":2},"end":{"line":178,"column":57}},"type":"if","locations":[{"start":{"line":178,"column":2},"end":{"line":178,"column":57}},{"start":{},"end":{}}]},"20":{"loc":{"start":{"line":188,"column":2},"end":{"line":191,"column":3}},"type":"if","locations":[{"start":{"line":188,"column":2},"end":{"line":191,"column":3}},{"start":{},"end":{}}]},"21":{"loc":{"start":{"line":188,"column":6},"end":{"line":188,"column":49}},"type":"binary-expr","locations":[{"start":{"line":188,"column":6},"end":{"line":188,"column":28}},{"start":{"line":188,"column":32},"end":{"line":188,"column":49}}]},"22":{"loc":{"start":{"line":190,"column":4},"end":{"line":190,"column":53}},"type":"if","locations":[{"start":{"line":190,"column":4},"end":{"line":190,"column":53}},{"start":{},"end":{}}]},"23":{"loc":{"start":{"line":205,"column":33},"end":{"line":205,"column":64}},"type":"cond-expr","locations":[{"start":{"line":205,"column":59},"end":{"line":205,"column":63}},{"start":{"line":205,"column":63},"end":{"line":205,"column":64}}]},"24":{"loc":{"start":{"line":205,"column":33},"end":{"line":205,"column":63}},"type":"binary-expr","locations":[{"start":{"line":205,"column":33},"end":{"line":205,"column":63}},{"start":{"line":205,"column":59},"end":{"line":205,"column":63}}]},"25":{"loc":{"start":{"line":210,"column":2},"end":{"line":225,"column":3}},"type":"switch","locations":[{"start":{"line":211,"column":4},"end":{"line":212,"column":41}},{"start":{"line":213,"column":4},"end":{"line":214,"column":67}},{"start":{"line":215,"column":4},"end":{"line":216,"column":137}},{"start":{"line":217,"column":4},"end":{"line":218,"column":133}},{"start":{"line":219,"column":4},"end":{"line":220,"column":93}},{"start":{"line":221,"column":4},"end":{"line":222,"column":126}},{"start":{"line":223,"column":4},"end":{"line":224,"column":93}}]},"26":{"loc":{"start":{"line":229,"column":2},"end":{"line":229,"column":75}},"type":"if","locations":[{"start":{"line":229,"column":2},"end":{"line":229,"column":75}},{"start":{},"end":{}}]},"27":{"loc":{"start":{"line":230,"column":14},"end":{"line":230,"column":74}},"type":"cond-expr","locations":[{"start":{"line":230,"column":53},"end":{"line":230,"column":69}},{"start":{"line":230,"column":72},"end":{"line":230,"column":74}}]},"28":{"loc":{"start":{"line":231,"column":17},"end":{"line":231,"column":71}},"type":"cond-expr","locations":[{"start":{"line":231,"column":53},"end":{"line":231,"column":66}},{"start":{"line":231,"column":69},"end":{"line":231,"column":71}}]},"29":{"loc":{"start":{"line":232,"column":9},"end":{"line":232,"column":54}},"type":"binary-expr","locations":[{"start":{"line":232,"column":9},"end":{"line":232,"column":24}},{"start":{"line":232,"column":28},"end":{"line":232,"column":54}}]}},"s":{"0":1,"1":1,"2":1,"3":1,"4":1,"5":1,"6":1,"7":1,"8":6,"9":6,"10":1,"11":5,"12":1,"13":4,"14":1,"15":3,"16":1,"17":2,"18":1,"19":1,"20":2,"21":0,"22":2,"23":0,"24":2,"25":2,"26":1,"27":1,"28":3,"29":1,"30":2,"31":1,"32":1,"33":7,"34":7,"35":6,"36":6,"37":6,"38":1,"39":1,"40":1,"41":7,"42":7,"43":7,"44":7,"45":7,"46":7,"47":1,"48":1,"49":1,"50":6,"51":6,"52":6,"53":7,"54":0,"55":7,"56":0,"57":7,"58":0,"59":7,"60":0,"61":7,"62":7,"63":7,"64":4,"65":4,"66":0,"67":7,"68":0,"69":0,"70":0,"71":0,"72":0,"73":0,"74":0,"75":0,"76":0,"77":0,"78":0,"79":0,"80":0},"f":{"0":6,"1":2,"2":3,"3":7,"4":0,"5":0},"b":{"0":[1,5],"1":[6,1],"2":[1,4],"3":[1,3],"4":[1,2],"5":[1,1],"6":[0,2],"7":[0,2],"8":[1,1],"9":[1,2],"10":[3,1,1,1],"11":[1,1],"12":[2,1],"13":[6,1],"14":[7,2],"15":[1,6],"16":[0,7],"17":[0,7],"18":[0,7],"19":[0,7],"20":[4,3],"21":[7,6],"22":[0,4],"23":[0,7],"24":[7,7],"25":[0,0,0,0,0,0,0],"26":[0,0],"27":[0,0],"28":[0,0],"29":[0,0]}}
,"C:\\Users\\Administrator\\Music\\KrediApp\\src\\lib\\capital-formulas.ts": {"path":"C:\\Users\\Administrator\\Music\\KrediApp\\src\\lib\\capital-formulas.ts","statementMap":{"0":{"start":{"line":15,"column":0},"end":{"line":15,"column":16}},"1":{"start":{"line":28,"column":0},"end":{"line":28,"column":16}},"2":{"start":{"line":41,"column":0},"end":{"line":41,"column":16}},"3":{"start":{"line":53,"column":0},"end":{"line":53,"column":16}},"4":{"start":{"line":68,"column":0},"end":{"line":68,"column":16}},"5":{"start":{"line":7,"column":2},"end":{"line":7,"column":35}},"6":{"start":{"line":21,"column":2},"end":{"line":21,"column":67}},"7":{"start":{"line":32,"column":2},"end":{"line":32,"column":41}},"8":{"start":{"line":45,"column":42},"end":{"line":45,"column":48}},"9":{"start":{"line":46,"column":2},"end":{"line":46,"column":38}},"10":{"start":{"line":59,"column":2},"end":{"line":59,"column":76}},"11":{"start":{"line":59,"column":42},"end":{"line":59,"column":76}},"12":{"start":{"line":60,"column":2},"end":{"line":60,"column":67}},"13":{"start":{"line":76,"column":2},"end":{"line":80,"column":5}}},"fnMap":{"0":{"name":"roundMoney","decl":{"start":{"line":6,"column":9},"end":{"line":6,"column":19}},"loc":{"start":{"line":6,"column":29},"end":{"line":8,"column":1}}},"1":{"name":"computeCapitalTotalRutaDesdeSaldos","decl":{"start":{"line":15,"column":16},"end":{"line":15,"column":50}},"loc":{"start":{"line":20,"column":1},"end":{"line":22,"column":1}}},"2":{"name":"computeCapitalEmpresa","decl":{"start":{"line":28,"column":16},"end":{"line":28,"column":37}},"loc":{"start":{"line":30,"column":27},"end":{"line":33,"column":1}}},"3":{"name":"computeCapitalAdmin","decl":{"start":{"line":41,"column":16},"end":{"line":41,"column":35}},"loc":{"start":{"line":44,"column":1},"end":{"line":47,"column":1}}},"4":{"name":"computeCapitalRutaParaSumaAdmin","decl":{"start":{"line":53,"column":16},"end":{"line":53,"column":47}},"loc":{"start":{"line":58,"column":1},"end":{"line":61,"column":1}}},"5":{"name":"computeCapitalRutaFromRutaFields","decl":{"start":{"line":68,"column":16},"end":{"line":68,"column":48}},"loc":{"start":{"line":75,"column":1},"end":{"line":81,"column":1}}}},"branchMap":{"0":{"loc":{"start":{"line":59,"column":2},"end":{"line":59,"column":76}},"type":"if","locations":[{"start":{"line":59,"column":2},"end":{"line":59,"column":76}},{"start":{},"end":{}}]}},"s":{"0":3,"1":3,"2":3,"3":3,"4":3,"5":36,"6":34,"7":3,"8":2,"9":2,"10":2,"11":1,"12":1,"13":2},"f":{"0":36,"1":34,"2":3,"3":2,"4":2,"5":2},"b":{"0":[1,1]}}
,"C:\\Users\\Administrator\\Music\\KrediApp\\src\\lib\\capital-ruta-snapshot.ts": {"path":"C:\\Users\\Administrator\\Music\\KrediApp\\src\\lib\\capital-ruta-snapshot.ts","statementMap":{"0":{"start":{"line":37,"column":0},"end":{"line":37,"column":22}},"1":{"start":{"line":47,"column":0},"end":{"line":47,"column":16}},"2":{"start":{"line":81,"column":0},"end":{"line":81,"column":22}},"3":{"start":{"line":96,"column":0},"end":{"line":96,"column":22}},"4":{"start":{"line":6,"column":0},"end":{"line":6,"column":null}},"5":{"start":{"line":13,"column":0},"end":{"line":13,"column":74}},"6":{"start":{"line":29,"column":2},"end":{"line":33,"column":32}},"7":{"start":{"line":41,"column":2},"end":{"line":44,"column":4}},"8":{"start":{"line":51,"column":19},"end":{"line":51,"column":72}},"9":{"start":{"line":53,"column":4},"end":{"line":53,"column":69}},"10":{"start":{"line":54,"column":22},"end":{"line":54,"column":81}},"11":{"start":{"line":55,"column":20},"end":{"line":55,"column":75}},"12":{"start":{"line":56,"column":19},"end":{"line":56,"column":72}},"13":{"start":{"line":58,"column":4},"end":{"line":58,"column":73}},"14":{"start":{"line":59,"column":22},"end":{"line":66,"column":4}},"15":{"start":{"line":67,"column":2},"end":{"line":78,"column":4}},"16":{"start":{"line":87,"column":2},"end":{"line":87,"column":46}},"17":{"start":{"line":88,"column":18},"end":{"line":88,"column":57}},"18":{"start":{"line":89,"column":2},"end":{"line":92,"column":35}},"19":{"start":{"line":103,"column":4},"end":{"line":108,"column":13}},"20":{"start":{"line":109,"column":2},"end":{"line":109,"column":30}},"21":{"start":{"line":109,"column":23},"end":{"line":109,"column":30}},"22":{"start":{"line":110,"column":2},"end":{"line":110,"column":46}},"23":{"start":{"line":111,"column":16},"end":{"line":111,"column":26}},"24":{"start":{"line":112,"column":2},"end":{"line":118,"column":3}},"25":{"start":{"line":113,"column":20},"end":{"line":113,"column":88}},"26":{"start":{"line":114,"column":16},"end":{"line":116,"column":16}},"27":{"start":{"line":117,"column":4},"end":{"line":117,"column":45}},"28":{"start":{"line":119,"column":2},"end":{"line":119,"column":23}}},"fnMap":{"0":{"name":"branchRef","decl":{"start":{"line":28,"column":9},"end":{"line":28,"column":18}},"loc":{"start":{"line":28,"column":51},"end":{"line":34,"column":1}}},"1":{"name":"ensureCapitalBranchDoc","decl":{"start":{"line":37,"column":22},"end":{"line":37,"column":44}},"loc":{"start":{"line":39,"column":19},"end":{"line":45,"column":null}}},"2":{"name":"buildSnapshotFromRutaData","decl":{"start":{"line":47,"column":16},"end":{"line":47,"column":41}},"loc":{"start":{"line":49,"column":31},"end":{"line":79,"column":1}}},"3":{"name":"upsertCapitalRutaSnapshot","decl":{"start":{"line":81,"column":22},"end":{"line":81,"column":47}},"loc":{"start":{"line":85,"column":31},"end":{"line":93,"column":null}}},"4":{"name":"syncAllCapitalRutaSnapshots","decl":{"start":{"line":96,"column":22},"end":{"line":96,"column":49}},"loc":{"start":{"line":100,"column":34},"end":{"line":120,"column":null}}}},"branchMap":{"0":{"loc":{"start":{"line":51,"column":19},"end":{"line":51,"column":72}},"type":"cond-expr","locations":[{"start":{"line":51,"column":55},"end":{"line":51,"column":68}},{"start":{"line":51,"column":71},"end":{"line":51,"column":72}}]},"1":{"loc":{"start":{"line":53,"column":4},"end":{"line":53,"column":69}},"type":"cond-expr","locations":[{"start":{"line":53,"column":46},"end":{"line":53,"column":65}},{"start":{"line":53,"column":68},"end":{"line":53,"column":69}}]},"2":{"loc":{"start":{"line":54,"column":22},"end":{"line":54,"column":81}},"type":"cond-expr","locations":[{"start":{"line":54,"column":61},"end":{"line":54,"column":77}},{"start":{"line":54,"column":80},"end":{"line":54,"column":81}}]},"3":{"loc":{"start":{"line":55,"column":20},"end":{"line":55,"column":75}},"type":"cond-expr","locations":[{"start":{"line":55,"column":57},"end":{"line":55,"column":71}},{"start":{"line":55,"column":74},"end":{"line":55,"column":75}}]},"4":{"loc":{"start":{"line":56,"column":19},"end":{"line":56,"column":72}},"type":"cond-expr","locations":[{"start":{"line":56,"column":55},"end":{"line":56,"column":68}},{"start":{"line":56,"column":71},"end":{"line":56,"column":72}}]},"5":{"loc":{"start":{"line":58,"column":4},"end":{"line":58,"column":73}},"type":"cond-expr","locations":[{"start":{"line":58,"column":44},"end":{"line":58,"column":61}},{"start":{"line":58,"column":64},"end":{"line":58,"column":73}}]},"6":{"loc":{"start":{"line":69,"column":12},"end":{"line":69,"column":62}},"type":"cond-expr","locations":[{"start":{"line":69,"column":46},"end":{"line":69,"column":57}},{"start":{"line":69,"column":60},"end":{"line":69,"column":62}}]},"7":{"loc":{"start":{"line":70,"column":13},"end":{"line":70,"column":65}},"type":"cond-expr","locations":[{"start":{"line":70,"column":48},"end":{"line":70,"column":60}},{"start":{"line":70,"column":63},"end":{"line":70,"column":65}}]},"8":{"loc":{"start":{"line":103,"column":4},"end":{"line":108,"column":13}},"type":"cond-expr","locations":[{"start":{"line":103,"column":4},"end":{"line":103,"column":20}},{"start":{"line":104,"column":5},"end":{"line":108,"column":12}}]},"9":{"loc":{"start":{"line":103,"column":4},"end":{"line":103,"column":null}},"type":"binary-expr","locations":[{"start":{"line":103,"column":4},"end":{"line":103,"column":null}},{"start":{"line":103,"column":4},"end":{"line":103,"column":null}}]},"10":{"loc":{"start":{"line":109,"column":2},"end":{"line":109,"column":30}},"type":"if","locations":[{"start":{"line":109,"column":2},"end":{"line":109,"column":30}},{"start":{},"end":{}}]}},"s":{"0":1,"1":1,"2":1,"3":1,"4":1,"5":1,"6":0,"7":0,"8":0,"9":0,"10":0,"11":0,"12":0,"13":0,"14":0,"15":0,"16":0,"17":0,"18":0,"19":0,"20":0,"21":0,"22":0,"23":0,"24":0,"25":0,"26":0,"27":0,"28":0},"f":{"0":0,"1":0,"2":0,"3":0,"4":0},"b":{"0":[0,0],"1":[0,0],"2":[0,0],"3":[0,0],"4":[0,0],"5":[0,0],"6":[0,0],"7":[0,0],"8":[0,0],"9":[0,0],"10":[0,0]}}
,"C:\\Users\\Administrator\\Music\\KrediApp\\src\\lib\\colombia-day-bounds.ts": {"path":"C:\\Users\\Administrator\\Music\\KrediApp\\src\\lib\\colombia-day-bounds.ts","statementMap":{"0":{"start":{"line":6,"column":0},"end":{"line":6,"column":16}},"1":{"start":{"line":18,"column":0},"end":{"line":18,"column":16}},"2":{"start":{"line":26,"column":0},"end":{"line":26,"column":16}},"3":{"start":{"line":33,"column":0},"end":{"line":33,"column":16}},"4":{"start":{"line":46,"column":0},"end":{"line":46,"column":16}},"5":{"start":{"line":76,"column":0},"end":{"line":76,"column":16}},"6":{"start":{"line":126,"column":0},"end":{"line":126,"column":16}},"7":{"start":{"line":147,"column":0},"end":{"line":147,"column":16}},"8":{"start":{"line":159,"column":0},"end":{"line":159,"column":16}},"9":{"start":{"line":7,"column":2},"end":{"line":7,"column":66}},"10":{"start":{"line":7,"column":45},"end":{"line":7,"column":66}},"11":{"start":{"line":8,"column":23},"end":{"line":8,"column":42}},"12":{"start":{"line":9,"column":12},"end":{"line":9,"column":22}},"13":{"start":{"line":10,"column":12},"end":{"line":10,"column":22}},"14":{"start":{"line":11,"column":12},"end":{"line":11,"column":22}},"15":{"start":{"line":12,"column":2},"end":{"line":12,"column":94}},"16":{"start":{"line":12,"column":73},"end":{"line":12,"column":94}},"17":{"start":{"line":13,"column":2},"end":{"line":13,"column":63}},"18":{"start":{"line":13,"column":42},"end":{"line":13,"column":63}},"19":{"start":{"line":14,"column":2},"end":{"line":14,"column":31}},"20":{"start":{"line":19,"column":12},"end":{"line":19,"column":43}},"21":{"start":{"line":20,"column":2},"end":{"line":20,"column":25}},"22":{"start":{"line":20,"column":13},"end":{"line":20,"column":25}},"23":{"start":{"line":21,"column":22},"end":{"line":21,"column":23}},"24":{"start":{"line":22,"column":2},"end":{"line":22,"column":53}},"25":{"start":{"line":27,"column":16},"end":{"line":27,"column":46}},"26":{"start":{"line":28,"column":2},"end":{"line":28,"column":26}},"27":{"start":{"line":28,"column":14},"end":{"line":28,"column":26}},"28":{"start":{"line":29,"column":2},"end":{"line":29,"column":61}},"29":{"start":{"line":34,"column":2},"end":{"line":34,"column":27}},"30":{"start":{"line":34,"column":17},"end":{"line":34,"column":27}},"31":{"start":{"line":35,"column":15},"end":{"line":35,"column":48}},"32":{"start":{"line":36,"column":2},"end":{"line":36,"column":52}},"33":{"start":{"line":36,"column":36},"end":{"line":36,"column":52}},"34":{"start":{"line":37,"column":2},"end":{"line":42,"column":5}},"35":{"start":{"line":47,"column":2},"end":{"line":49,"column":18}},"36":{"start":{"line":52,"column":18},"end":{"line":52,"column":34}},"37":{"start":{"line":54,"column":39},"end":{"line":54,"column":41}},"38":{"start":{"line":57,"column":16},"end":{"line":64,"column":27}},"39":{"start":{"line":65,"column":12},"end":{"line":66,"column":52}},"40":{"start":{"line":66,"column":4},"end":{"line":66,"column":52}},"41":{"start":{"line":66,"column":22},"end":{"line":66,"column":37}},"42":{"start":{"line":67,"column":2},"end":{"line":70,"column":4}},"43":{"start":{"line":77,"column":13},"end":{"line":77,"column":32}},"44":{"start":{"line":78,"column":2},"end":{"line":78,"column":41}},"45":{"start":{"line":78,"column":28},"end":{"line":78,"column":41}},"46":{"start":{"line":79,"column":16},"end":{"line":79,"column":46}},"47":{"start":{"line":80,"column":16},"end":{"line":80,"column":44}},"48":{"start":{"line":81,"column":2},"end":{"line":81,"column":44}},"49":{"start":{"line":81,"column":31},"end":{"line":81,"column":44}},"50":{"start":{"line":82,"column":2},"end":{"line":82,"column":65}},"51":{"start":{"line":82,"column":52},"end":{"line":82,"column":65}},"52":{"start":{"line":83,"column":2},"end":{"line":83,"column":14}},"53":{"start":{"line":90,"column":13},"end":{"line":120,"column":3}},"54":{"start":{"line":127,"column":2},"end":{"line":127,"column":40}},"55":{"start":{"line":127,"column":22},"end":{"line":127,"column":40}},"56":{"start":{"line":128,"column":14},"end":{"line":128,"column":39}},"57":{"start":{"line":129,"column":2},"end":{"line":131,"column":3}},"58":{"start":{"line":130,"column":4},"end":{"line":130,"column":54}},"59":{"start":{"line":132,"column":2},"end":{"line":132,"column":25}},"60":{"start":{"line":136,"column":2},"end":{"line":141,"column":4}},"61":{"start":{"line":148,"column":2},"end":{"line":148,"column":26}},"62":{"start":{"line":148,"column":15},"end":{"line":148,"column":26}},"63":{"start":{"line":149,"column":12},"end":{"line":149,"column":28}},"64":{"start":{"line":150,"column":12},"end":{"line":150,"column":23}},"65":{"start":{"line":151,"column":2},"end":{"line":151,"column":38}},"66":{"start":{"line":151,"column":27},"end":{"line":151,"column":38}},"67":{"start":{"line":152,"column":2},"end":{"line":154,"column":3}},"68":{"start":{"line":153,"column":4},"end":{"line":153,"column":62}},"69":{"start":{"line":155,"column":2},"end":{"line":155,"column":71}},"70":{"start":{"line":160,"column":2},"end":{"line":160,"column":27}},"71":{"start":{"line":160,"column":15},"end":{"line":160,"column":27}},"72":{"start":{"line":161,"column":12},"end":{"line":161,"column":28}},"73":{"start":{"line":162,"column":12},"end":{"line":162,"column":23}},"74":{"start":{"line":163,"column":2},"end":{"line":163,"column":39}},"75":{"start":{"line":163,"column":27},"end":{"line":163,"column":39}},"76":{"start":{"line":164,"column":2},"end":{"line":169,"column":3}},"77":{"start":{"line":165,"column":14},"end":{"line":165,"column":32}},"78":{"start":{"line":166,"column":14},"end":{"line":166,"column":58}},"79":{"start":{"line":167,"column":16},"end":{"line":167,"column":55}},"80":{"start":{"line":168,"column":4},"end":{"line":168,"column":30}},"81":{"start":{"line":170,"column":2},"end":{"line":172,"column":18}}},"fnMap":{"0":{"name":"parseFechaDiaColombia","decl":{"start":{"line":6,"column":16},"end":{"line":6,"column":37}},"loc":{"start":{"line":6,"column":54},"end":{"line":15,"column":1}}},"1":{"name":"inicioDiaColombiaUtc","decl":{"start":{"line":18,"column":16},"end":{"line":18,"column":36}},"loc":{"start":{"line":18,"column":53},"end":{"line":23,"column":1}}},"2":{"name":"finDiaColombiaUtc","decl":{"start":{"line":26,"column":16},"end":{"line":26,"column":33}},"loc":{"start":{"line":26,"column":50},"end":{"line":30,"column":1}}},"3":{"name":"formatFechaDia","decl":{"start":{"line":33,"column":16},"end":{"line":33,"column":30}},"loc":{"start":{"line":33,"column":47},"end":{"line":43,"column":1}}},"4":{"name":"fechaDiaColombiaHoy","decl":{"start":{"line":46,"column":16},"end":{"line":46,"column":35}},"loc":{"start":{"line":46,"column":35},"end":{"line":50,"column":1}}},"5":{"name":"ymdYHoraColombia","decl":{"start":{"line":56,"column":9},"end":{"line":56,"column":25}},"loc":{"start":{"line":56,"column":39},"end":{"line":71,"column":1}}},"6":{"name":"(anonymous_6)","decl":{"start":{"line":65,"column":12},"end":{"line":65,"column":13}},"loc":{"start":{"line":65,"column":51},"end":{"line":66,"column":52}}},"7":{"name":"(anonymous_7)","decl":{"start":{"line":66,"column":15},"end":{"line":66,"column":16}},"loc":{"start":{"line":66,"column":22},"end":{"line":66,"column":37}}},"8":{"name":"esDiaActualColombia","decl":{"start":{"line":76,"column":16},"end":{"line":76,"column":35}},"loc":{"start":{"line":76,"column":55},"end":{"line":84,"column":1}}},"9":{"name":"fechaGastoDesdeStringCliente","decl":{"start":{"line":126,"column":16},"end":{"line":126,"column":44}},"loc":{"start":{"line":126,"column":59},"end":{"line":133,"column":1}}},"10":{"name":"fechaGuardadaMedianocheUtcPura","decl":{"start":{"line":135,"column":9},"end":{"line":135,"column":39}},"loc":{"start":{"line":135,"column":47},"end":{"line":142,"column":1}}},"11":{"name":"formatoFechaGastoColombia","decl":{"start":{"line":147,"column":16},"end":{"line":147,"column":41}},"loc":{"start":{"line":147,"column":75},"end":{"line":156,"column":1}}},"12":{"name":"fechaDiaCalendarioDesdeISO","decl":{"start":{"line":159,"column":16},"end":{"line":159,"column":42}},"loc":{"start":{"line":159,"column":76},"end":{"line":173,"column":1}}}},"branchMap":{"0":{"loc":{"start":{"line":7,"column":2},"end":{"line":7,"column":66}},"type":"if","locations":[{"start":{"line":7,"column":2},"end":{"line":7,"column":66}},{"start":{},"end":{}}]},"1":{"loc":{"start":{"line":12,"column":2},"end":{"line":12,"column":94}},"type":"if","locations":[{"start":{"line":12,"column":2},"end":{"line":12,"column":94}},{"start":{},"end":{}}]},"2":{"loc":{"start":{"line":12,"column":6},"end":{"line":12,"column":71}},"type":"binary-expr","locations":[{"start":{"line":12,"column":6},"end":{"line":12,"column":25}},{"start":{"line":12,"column":29},"end":{"line":12,"column":48}},{"start":{"line":12,"column":52},"end":{"line":12,"column":71}}]},"3":{"loc":{"start":{"line":13,"column":2},"end":{"line":13,"column":63}},"type":"if","locations":[{"start":{"line":13,"column":2},"end":{"line":13,"column":63}},{"start":{},"end":{}}]},"4":{"loc":{"start":{"line":13,"column":6},"end":{"line":13,"column":40}},"type":"binary-expr","locations":[{"start":{"line":13,"column":6},"end":{"line":13,"column":11}},{"start":{"line":13,"column":15},"end":{"line":13,"column":21}},{"start":{"line":13,"column":25},"end":{"line":13,"column":30}},{"start":{"line":13,"column":34},"end":{"line":13,"column":40}}]},"5":{"loc":{"start":{"line":20,"column":2},"end":{"line":20,"column":25}},"type":"if","locations":[{"start":{"line":20,"column":2},"end":{"line":20,"column":25}},{"start":{},"end":{}}]},"6":{"loc":{"start":{"line":28,"column":2},"end":{"line":28,"column":26}},"type":"if","locations":[{"start":{"line":28,"column":2},"end":{"line":28,"column":26}},{"start":{},"end":{}}]},"7":{"loc":{"start":{"line":34,"column":2},"end":{"line":34,"column":27}},"type":"if","locations":[{"start":{"line":34,"column":2},"end":{"line":34,"column":27}},{"start":{},"end":{}}]},"8":{"loc":{"start":{"line":36,"column":2},"end":{"line":36,"column":52}},"type":"if","locations":[{"start":{"line":36,"column":2},"end":{"line":36,"column":52}},{"start":{},"end":{}}]},"9":{"loc":{"start":{"line":66,"column":4},"end":{"line":66,"column":51}},"type":"cond-expr","locations":[{"start":{"line":66,"column":45},"end":{"line":66,"column":49}},{"start":{"line":66,"column":49},"end":{"line":66,"column":51}}]},"10":{"loc":{"start":{"line":66,"column":4},"end":{"line":66,"column":49}},"type":"binary-expr","locations":[{"start":{"line":66,"column":4},"end":{"line":66,"column":49}},{"start":{"line":66,"column":45},"end":{"line":66,"column":49}}]},"11":{"loc":{"start":{"line":66,"column":4},"end":{"line":66,"column":45}},"type":"cond-expr","locations":[{"start":{"line":66,"column":38},"end":{"line":66,"column":40}},{"start":{"line":66,"column":38},"end":{"line":66,"column":45}}]},"12":{"loc":{"start":{"line":66,"column":4},"end":{"line":66,"column":40}},"type":"binary-expr","locations":[{"start":{"line":66,"column":4},"end":{"line":66,"column":40}},{"start":{"line":66,"column":38},"end":{"line":66,"column":40}}]},"13":{"loc":{"start":{"line":78,"column":2},"end":{"line":78,"column":41}},"type":"if","locations":[{"start":{"line":78,"column":2},"end":{"line":78,"column":41}},{"start":{},"end":{}}]},"14":{"loc":{"start":{"line":81,"column":2},"end":{"line":81,"column":44}},"type":"if","locations":[{"start":{"line":81,"column":2},"end":{"line":81,"column":44}},{"start":{},"end":{}}]},"15":{"loc":{"start":{"line":82,"column":2},"end":{"line":82,"column":65}},"type":"if","locations":[{"start":{"line":82,"column":2},"end":{"line":82,"column":65}},{"start":{},"end":{}}]},"16":{"loc":{"start":{"line":127,"column":2},"end":{"line":127,"column":40}},"type":"if","locations":[{"start":{"line":127,"column":2},"end":{"line":127,"column":40}},{"start":{},"end":{}}]},"17":{"loc":{"start":{"line":127,"column":7},"end":{"line":127,"column":20}},"type":"cond-expr","locations":[{"start":{"line":127,"column":12},"end":{"line":127,"column":14}},{"start":{"line":127,"column":7},"end":{"line":127,"column":20}}]},"18":{"loc":{"start":{"line":127,"column":7},"end":{"line":127,"column":14}},"type":"binary-expr","locations":[{"start":{"line":127,"column":7},"end":{"line":127,"column":14}},{"start":{"line":127,"column":7},"end":{"line":127,"column":14}}]},"19":{"loc":{"start":{"line":129,"column":2},"end":{"line":131,"column":3}},"type":"if","locations":[{"start":{"line":129,"column":2},"end":{"line":131,"column":3}},{"start":{},"end":{}}]},"20":{"loc":{"start":{"line":130,"column":11},"end":{"line":130,"column":53}},"type":"cond-expr","locations":[{"start":{"line":130,"column":36},"end":{"line":130,"column":40}},{"start":{"line":130,"column":40},"end":{"line":130,"column":53}}]},"21":{"loc":{"start":{"line":130,"column":11},"end":{"line":130,"column":40}},"type":"binary-expr","locations":[{"start":{"line":130,"column":11},"end":{"line":130,"column":40}},{"start":{"line":130,"column":36},"end":{"line":130,"column":40}}]},"22":{"loc":{"start":{"line":137,"column":4},"end":{"line":140,"column":32}},"type":"binary-expr","locations":[{"start":{"line":137,"column":4},"end":{"line":137,"column":25}},{"start":{"line":138,"column":4},"end":{"line":138,"column":27}},{"start":{"line":139,"column":4},"end":{"line":139,"column":27}},{"start":{"line":140,"column":4},"end":{"line":140,"column":32}}]},"23":{"loc":{"start":{"line":148,"column":2},"end":{"line":148,"column":26}},"type":"if","locations":[{"start":{"line":148,"column":2},"end":{"line":148,"column":26}},{"start":{},"end":{}}]},"24":{"loc":{"start":{"line":151,"column":2},"end":{"line":151,"column":38}},"type":"if","locations":[{"start":{"line":151,"column":2},"end":{"line":151,"column":38}},{"start":{},"end":{}}]},"25":{"loc":{"start":{"line":152,"column":2},"end":{"line":154,"column":3}},"type":"if","locations":[{"start":{"line":152,"column":2},"end":{"line":154,"column":3}},{"start":{},"end":{}}]},"26":{"loc":{"start":{"line":160,"column":2},"end":{"line":160,"column":27}},"type":"if","locations":[{"start":{"line":160,"column":2},"end":{"line":160,"column":27}},{"start":{},"end":{}}]},"27":{"loc":{"start":{"line":163,"column":2},"end":{"line":163,"column":39}},"type":"if","locations":[{"start":{"line":163,"column":2},"end":{"line":163,"column":39}},{"start":{},"end":{}}]},"28":{"loc":{"start":{"line":164,"column":2},"end":{"line":169,"column":3}},"type":"if","locations":[{"start":{"line":164,"column":2},"end":{"line":169,"column":3}},{"start":{},"end":{}}]}},"s":{"0":5,"1":5,"2":5,"3":5,"4":5,"5":5,"6":5,"7":5,"8":5,"9":43,"10":1,"11":42,"12":42,"13":42,"14":42,"15":42,"16":0,"17":42,"18":0,"19":42,"20":29,"21":29,"22":0,"23":29,"24":29,"25":6,"26":6,"27":0,"28":6,"29":0,"30":0,"31":0,"32":0,"33":0,"34":0,"35":17,"36":5,"37":5,"38":8,"39":8,"40":32,"41":128,"42":8,"43":4,"44":4,"45":0,"46":4,"47":4,"48":4,"49":0,"50":4,"51":0,"52":4,"53":5,"54":0,"55":0,"56":0,"57":0,"58":0,"59":0,"60":16,"61":0,"62":0,"63":0,"64":0,"65":0,"66":0,"67":0,"68":0,"69":0,"70":21,"71":4,"72":17,"73":17,"74":17,"75":1,"76":16,"77":5,"78":5,"79":5,"80":5,"81":11},"f":{"0":43,"1":29,"2":6,"3":0,"4":17,"5":8,"6":32,"7":128,"8":4,"9":0,"10":16,"11":0,"12":21},"b":{"0":[1,42],"1":[0,42],"2":[42,42,42],"3":[0,42],"4":[42,42,42,42],"5":[0,29],"6":[0,6],"7":[0,0],"8":[0,0],"9":[32,0],"10":[32,32],"11":[0,32],"12":[32,32],"13":[0,4],"14":[0,4],"15":[0,4],"16":[0,0],"17":[0,0],"18":[0,0],"19":[0,0],"20":[0,0],"21":[0,0],"22":[16,5,5,5],"23":[0,0],"24":[0,0],"25":[0,0],"26":[4,17],"27":[1,16],"28":[5,11]}}
,"C:\\Users\\Administrator\\Music\\KrediApp\\src\\lib\\empresa-acceso.ts": {"path":"C:\\Users\\Administrator\\Music\\KrediApp\\src\\lib\\empresa-acceso.ts","statementMap":{"0":{"start":{"line":21,"column":0},"end":{"line":21,"column":16}},"1":{"start":{"line":32,"column":0},"end":{"line":32,"column":16}},"2":{"start":{"line":55,"column":0},"end":{"line":55,"column":16}},"3":{"start":{"line":78,"column":0},"end":{"line":78,"column":22}},"4":{"start":{"line":113,"column":0},"end":{"line":113,"column":22}},"5":{"start":{"line":129,"column":0},"end":{"line":129,"column":22}},"6":{"start":{"line":145,"column":0},"end":{"line":145,"column":22}},"7":{"start":{"line":168,"column":0},"end":{"line":168,"column":16}},"8":{"start":{"line":7,"column":0},"end":{"line":7,"column":87}},"9":{"start":{"line":8,"column":0},"end":{"line":8,"column":66}},"10":{"start":{"line":9,"column":0},"end":{"line":9,"column":null}},"11":{"start":{"line":25,"column":2},"end":{"line":25,"column":68}},"12":{"start":{"line":25,"column":55},"end":{"line":25,"column":68}},"13":{"start":{"line":26,"column":18},"end":{"line":26,"column":49}},"14":{"start":{"line":27,"column":2},"end":{"line":27,"column":55}},"15":{"start":{"line":27,"column":42},"end":{"line":27,"column":55}},"16":{"start":{"line":28,"column":2},"end":{"line":28,"column":27}},"17":{"start":{"line":36,"column":2},"end":{"line":36,"column":67}},"18":{"start":{"line":36,"column":55},"end":{"line":36,"column":67}},"19":{"start":{"line":37,"column":18},"end":{"line":37,"column":49}},"20":{"start":{"line":38,"column":2},"end":{"line":38,"column":54}},"21":{"start":{"line":38,"column":42},"end":{"line":38,"column":54}},"22":{"start":{"line":39,"column":2},"end":{"line":39,"column":34}},"23":{"start":{"line":39,"column":25},"end":{"line":39,"column":34}},"24":{"start":{"line":40,"column":23},"end":{"line":40,"column":52}},"25":{"start":{"line":41,"column":23},"end":{"line":41,"column":53}},"26":{"start":{"line":42,"column":13},"end":{"line":42,"column":37}},"27":{"start":{"line":43,"column":13},"end":{"line":43,"column":37}},"28":{"start":{"line":44,"column":2},"end":{"line":44,"column":55}},"29":{"start":{"line":60,"column":14},"end":{"line":60,"column":31}},"30":{"start":{"line":62,"column":4},"end":{"line":64,"column":12}},"31":{"start":{"line":65,"column":18},"end":{"line":65,"column":59}},"32":{"start":{"line":66,"column":2},"end":{"line":72,"column":4}},"33":{"start":{"line":83,"column":14},"end":{"line":83,"column":24}},"34":{"start":{"line":84,"column":17},"end":{"line":84,"column":66}},"35":{"start":{"line":86,"column":2},"end":{"line":86,"column":73}},"36":{"start":{"line":88,"column":20},"end":{"line":91,"column":10}},"37":{"start":{"line":93,"column":37},"end":{"line":93,"column":39}},"38":{"start":{"line":95,"column":2},"end":{"line":105,"column":3}},"39":{"start":{"line":96,"column":16},"end":{"line":96,"column":26}},"40":{"start":{"line":97,"column":4},"end":{"line":97,"column":31}},"41":{"start":{"line":98,"column":4},"end":{"line":98,"column":58}},"42":{"start":{"line":100,"column":23},"end":{"line":100,"column":73}},"43":{"start":{"line":101,"column":24},"end":{"line":101,"column":46}},"44":{"start":{"line":102,"column":4},"end":{"line":104,"column":5}},"45":{"start":{"line":103,"column":6},"end":{"line":103,"column":51}},"46":{"start":{"line":107,"column":2},"end":{"line":107,"column":80}},"47":{"start":{"line":107,"column":50},"end":{"line":107,"column":77}},"48":{"start":{"line":109,"column":2},"end":{"line":109,"column":30}},"49":{"start":{"line":114,"column":2},"end":{"line":126,"column":null}},"50":{"start":{"line":118,"column":18},"end":{"line":118,"column":79}},"51":{"start":{"line":119,"column":2},"end":{"line":119,"column":36}},"52":{"start":{"line":119,"column":23},"end":{"line":119,"column":36}},"53":{"start":{"line":121,"column":15},"end":{"line":121,"column":72}},"54":{"start":{"line":122,"column":2},"end":{"line":122,"column":34}},"55":{"start":{"line":122,"column":21},"end":{"line":122,"column":34}},"56":{"start":{"line":124,"column":2},"end":{"line":124,"column":55}},"57":{"start":{"line":125,"column":2},"end":{"line":125,"column":14}},"58":{"start":{"line":133,"column":19},"end":{"line":133,"column":71}},"59":{"start":{"line":134,"column":2},"end":{"line":134,"column":73}},"60":{"start":{"line":134,"column":24},"end":{"line":134,"column":73}},"61":{"start":{"line":136,"column":15},"end":{"line":136,"column":31}},"62":{"start":{"line":137,"column":20},"end":{"line":137,"column":76}},"63":{"start":{"line":138,"column":2},"end":{"line":138,"column":67}},"64":{"start":{"line":138,"column":18},"end":{"line":138,"column":67}},"65":{"start":{"line":140,"column":24},"end":{"line":140,"column":70}},"66":{"start":{"line":141,"column":2},"end":{"line":141,"column":38}},"67":{"start":{"line":146,"column":2},"end":{"line":165,"column":null}},"68":{"start":{"line":149,"column":15},"end":{"line":153,"column":10}},"69":{"start":{"line":155,"column":39},"end":{"line":155,"column":41}},"70":{"start":{"line":157,"column":2},"end":{"line":162,"column":3}},"71":{"start":{"line":158,"column":17},"end":{"line":158,"column":67}},"72":{"start":{"line":159,"column":4},"end":{"line":159,"column":53}},"73":{"start":{"line":159,"column":44},"end":{"line":159,"column":53}},"74":{"start":{"line":160,"column":4},"end":{"line":160,"column":54}},"75":{"start":{"line":161,"column":4},"end":{"line":161,"column":36}},"76":{"start":{"line":164,"column":2},"end":{"line":164,"column":32}},"77":{"start":{"line":169,"column":2},"end":{"line":169,"column":73}},"78":{"start":{"line":169,"column":61},"end":{"line":169,"column":73}},"79":{"start":{"line":170,"column":2},"end":{"line":170,"column":45}},"80":{"start":{"line":170,"column":33},"end":{"line":170,"column":45}},"81":{"start":{"line":171,"column":18},"end":{"line":171,"column":43}},"82":{"start":{"line":172,"column":2},"end":{"line":172,"column":54}},"83":{"start":{"line":172,"column":42},"end":{"line":172,"column":54}},"84":{"start":{"line":173,"column":2},"end":{"line":173,"column":17}}},"fnMap":{"0":{"name":"empresaAccesoVencido","decl":{"start":{"line":21,"column":16},"end":{"line":21,"column":36}},"loc":{"start":{"line":23,"column":40},"end":{"line":29,"column":1}}},"1":{"name":"diasRestantesAccesoEmpresa","decl":{"start":{"line":32,"column":16},"end":{"line":32,"column":42}},"loc":{"start":{"line":34,"column":40},"end":{"line":45,"column":1}}},"2":{"name":"buildEmpresaAccesoInfo","decl":{"start":{"line":55,"column":16},"end":{"line":55,"column":38}},"loc":{"start":{"line":58,"column":40},"end":{"line":73,"column":1}}},"3":{"name":"setEmpresaAccesoCompleto","decl":{"start":{"line":78,"column":22},"end":{"line":78,"column":46}},"loc":{"start":{"line":81,"column":18},"end":{"line":110,"column":null}}},"4":{"name":"(anonymous_12)","decl":{"start":{"line":107,"column":41},"end":{"line":107,"column":42}},"loc":{"start":{"line":107,"column":50},"end":{"line":107,"column":77}}},"5":{"name":"procesarEmpresaSiExpirada","decl":{"start":{"line":113,"column":22},"end":{"line":113,"column":47}},"loc":{"start":{"line":113,"column":47},"end":{"line":126,"column":null}}},"6":{"name":"(anonymous_14)","decl":{"start":{"line":114,"column":2},"end":{"line":114,"column":15}},"loc":{"start":{"line":116,"column":40},"end":{"line":126,"column":1}}},"7":{"name":"verificarYProcesarAccesoEmpresaUsuario","decl":{"start":{"line":129,"column":22},"end":{"line":129,"column":60}},"loc":{"start":{"line":131,"column":13},"end":{"line":142,"column":null}}},"8":{"name":"expirarTodasLasEmpresasVencidas","decl":{"start":{"line":145,"column":22},"end":{"line":145,"column":53}},"loc":{"start":{"line":145,"column":53},"end":{"line":165,"column":null}}},"9":{"name":"(anonymous_18)","decl":{"start":{"line":146,"column":2},"end":{"line":146,"column":15}},"loc":{"start":{"line":147,"column":40},"end":{"line":165,"column":1}}},"10":{"name":"normalizarAccesoHastaInput","decl":{"start":{"line":168,"column":16},"end":{"line":168,"column":42}},"loc":{"start":{"line":168,"column":57},"end":{"line":174,"column":1}}}},"branchMap":{"0":{"loc":{"start":{"line":23,"column":2},"end":{"line":23,"column":40}},"type":"default-arg","locations":[{"start":{"line":23,"column":19},"end":{"line":23,"column":40}}]},"1":{"loc":{"start":{"line":25,"column":2},"end":{"line":25,"column":68}},"type":"if","locations":[{"start":{"line":25,"column":2},"end":{"line":25,"column":68}},{"start":{},"end":{}}]},"2":{"loc":{"start":{"line":25,"column":6},"end":{"line":25,"column":53}},"type":"binary-expr","locations":[{"start":{"line":25,"column":6},"end":{"line":25,"column":18}},{"start":{"line":25,"column":22},"end":{"line":25,"column":53}}]},"3":{"loc":{"start":{"line":27,"column":2},"end":{"line":27,"column":55}},"type":"if","locations":[{"start":{"line":27,"column":2},"end":{"line":27,"column":55}},{"start":{},"end":{}}]},"4":{"loc":{"start":{"line":34,"column":2},"end":{"line":34,"column":40}},"type":"default-arg","locations":[{"start":{"line":34,"column":19},"end":{"line":34,"column":40}}]},"5":{"loc":{"start":{"line":36,"column":2},"end":{"line":36,"column":67}},"type":"if","locations":[{"start":{"line":36,"column":2},"end":{"line":36,"column":67}},{"start":{},"end":{}}]},"6":{"loc":{"start":{"line":36,"column":6},"end":{"line":36,"column":53}},"type":"binary-expr","locations":[{"start":{"line":36,"column":6},"end":{"line":36,"column":18}},{"start":{"line":36,"column":22},"end":{"line":36,"column":53}}]},"7":{"loc":{"start":{"line":38,"column":2},"end":{"line":38,"column":54}},"type":"if","locations":[{"start":{"line":38,"column":2},"end":{"line":38,"column":54}},{"start":{},"end":{}}]},"8":{"loc":{"start":{"line":39,"column":2},"end":{"line":39,"column":34}},"type":"if","locations":[{"start":{"line":39,"column":2},"end":{"line":39,"column":34}},{"start":{},"end":{}}]},"9":{"loc":{"start":{"line":58,"column":2},"end":{"line":58,"column":40}},"type":"default-arg","locations":[{"start":{"line":58,"column":19},"end":{"line":58,"column":40}}]},"10":{"loc":{"start":{"line":60,"column":14},"end":{"line":60,"column":31}},"type":"cond-expr","locations":[{"start":{"line":60,"column":18},"end":{"line":60,"column":20}},{"start":{"line":60,"column":14},"end":{"line":60,"column":31}}]},"11":{"loc":{"start":{"line":60,"column":14},"end":{"line":60,"column":20}},"type":"binary-expr","locations":[{"start":{"line":60,"column":14},"end":{"line":60,"column":20}},{"start":{"line":60,"column":14},"end":{"line":60,"column":20}}]},"12":{"loc":{"start":{"line":62,"column":4},"end":{"line":64,"column":12}},"type":"cond-expr","locations":[{"start":{"line":63,"column":8},"end":{"line":63,"column":31}},{"start":{"line":64,"column":8},"end":{"line":64,"column":12}}]},"13":{"loc":{"start":{"line":62,"column":4},"end":{"line":62,"column":80}},"type":"binary-expr","locations":[{"start":{"line":62,"column":4},"end":{"line":62,"column":27}},{"start":{"line":62,"column":31},"end":{"line":62,"column":80}}]},"14":{"loc":{"start":{"line":69,"column":12},"end":{"line":69,"column":24}},"type":"cond-expr","locations":[{"start":{"line":69,"column":16},"end":{"line":69,"column":18}},{"start":{"line":69,"column":12},"end":{"line":69,"column":24}}]},"15":{"loc":{"start":{"line":69,"column":12},"end":{"line":69,"column":18}},"type":"binary-expr","locations":[{"start":{"line":69,"column":12},"end":{"line":69,"column":18}},{"start":{"line":69,"column":12},"end":{"line":69,"column":18}}]},"16":{"loc":{"start":{"line":102,"column":4},"end":{"line":104,"column":5}},"type":"if","locations":[{"start":{"line":102,"column":4},"end":{"line":104,"column":5}},{"start":{},"end":{}}]},"17":{"loc":{"start":{"line":116,"column":2},"end":{"line":116,"column":40}},"type":"default-arg","locations":[{"start":{"line":116,"column":19},"end":{"line":116,"column":40}}]},"18":{"loc":{"start":{"line":119,"column":2},"end":{"line":119,"column":36}},"type":"if","locations":[{"start":{"line":119,"column":2},"end":{"line":119,"column":36}},{"start":{},"end":{}}]},"19":{"loc":{"start":{"line":122,"column":2},"end":{"line":122,"column":34}},"type":"if","locations":[{"start":{"line":122,"column":2},"end":{"line":122,"column":34}},{"start":{},"end":{}}]},"20":{"loc":{"start":{"line":134,"column":2},"end":{"line":134,"column":73}},"type":"if","locations":[{"start":{"line":134,"column":2},"end":{"line":134,"column":73}},{"start":{},"end":{}}]},"21":{"loc":{"start":{"line":137,"column":20},"end":{"line":137,"column":76}},"type":"cond-expr","locations":[{"start":{"line":137,"column":57},"end":{"line":137,"column":71}},{"start":{"line":137,"column":74},"end":{"line":137,"column":76}}]},"22":{"loc":{"start":{"line":138,"column":2},"end":{"line":138,"column":67}},"type":"if","locations":[{"start":{"line":138,"column":2},"end":{"line":138,"column":67}},{"start":{},"end":{}}]},"23":{"loc":{"start":{"line":147,"column":2},"end":{"line":147,"column":40}},"type":"default-arg","locations":[{"start":{"line":147,"column":19},"end":{"line":147,"column":40}}]},"24":{"loc":{"start":{"line":159,"column":4},"end":{"line":159,"column":53}},"type":"if","locations":[{"start":{"line":159,"column":4},"end":{"line":159,"column":53}},{"start":{},"end":{}}]},"25":{"loc":{"start":{"line":159,"column":8},"end":{"line":159,"column":42}},"type":"binary-expr","locations":[{"start":{"line":159,"column":8},"end":{"line":159,"column":25}},{"start":{"line":159,"column":29},"end":{"line":159,"column":42}}]},"26":{"loc":{"start":{"line":169,"column":2},"end":{"line":169,"column":73}},"type":"if","locations":[{"start":{"line":169,"column":2},"end":{"line":169,"column":73}},{"start":{},"end":{}}]},"27":{"loc":{"start":{"line":169,"column":6},"end":{"line":169,"column":59}},"type":"binary-expr","locations":[{"start":{"line":169,"column":6},"end":{"line":169,"column":20}},{"start":{"line":169,"column":24},"end":{"line":169,"column":43}},{"start":{"line":169,"column":47},"end":{"line":169,"column":59}}]},"28":{"loc":{"start":{"line":170,"column":2},"end":{"line":170,"column":45}},"type":"if","locations":[{"start":{"line":170,"column":2},"end":{"line":170,"column":45}},{"start":{},"end":{}}]},"29":{"loc":{"start":{"line":172,"column":2},"end":{"line":172,"column":54}},"type":"if","locations":[{"start":{"line":172,"column":2},"end":{"line":172,"column":54}},{"start":{},"end":{}}]}},"s":{"0":1,"1":1,"2":1,"3":1,"4":1,"5":1,"6":1,"7":1,"8":1,"9":1,"10":1,"11":7,"12":2,"13":5,"14":5,"15":0,"16":5,"17":6,"18":1,"19":5,"20":5,"21":0,"22":5,"23":3,"24":2,"25":2,"26":2,"27":2,"28":2,"29":2,"30":2,"31":2,"32":2,"33":0,"34":0,"35":0,"36":0,"37":0,"38":0,"39":0,"40":0,"41":0,"42":0,"43":0,"44":0,"45":0,"46":0,"47":0,"48":0,"49":0,"50":0,"51":0,"52":0,"53":0,"54":0,"55":0,"56":0,"57":0,"58":0,"59":0,"60":0,"61":0,"62":0,"63":0,"64":0,"65":0,"66":0,"67":0,"68":0,"69":0,"70":0,"71":0,"72":0,"73":0,"74":0,"75":0,"76":0,"77":4,"78":2,"79":2,"80":0,"81":2,"82":2,"83":1,"84":1},"f":{"0":7,"1":6,"2":2,"3":0,"4":0,"5":0,"6":0,"7":0,"8":0,"9":0,"10":4},"b":{"0":[0],"1":[2,5],"2":[7,5],"3":[0,5],"4":[0],"5":[1,5],"6":[6,5],"7":[0,5],"8":[3,2],"9":[0],"10":[0,2],"11":[2,2],"12":[2,0],"13":[2,2],"14":[0,2],"15":[2,2],"16":[0,0],"17":[0],"18":[0,0],"19":[0,
[...]
"column":3}},"65":{"start":{"line":203,"column":4},"end":{"line":203,"column":61}},"66":{"start":{"line":205,"column":2},"end":{"line":207,"column":3}},"67":{"start":{"line":206,"column":4},"end":{"line":206,"column":52}},"68":{"start":{"line":208,"column":2},"end":{"line":210,"column":3}},"69":{"start":{"line":209,"column":4},"end":{"line":209,"column":55}},"70":{"start":{"line":212,"column":19},"end":{"line":212,"column":80}},"71":{"start":{"line":214,"column":4},"end":{"line":214,"column":77}},"72":{"start":{"line":215,"column":20},"end":{"line":215,"column":87}},"73":{"start":{"line":216,"column":18},"end":{"line":216,"column":81}},"74":{"start":{"line":217,"column":17},"end":{"line":217,"column":78}},"75":{"start":{"line":219,"column":24},"end":{"line":219,"column":59}},"76":{"start":{"line":220,"column":28},"end":{"line":221,"column":null}},"77":{"start":{"line":224,"column":2},"end":{"line":235,"column":3}},"78":{"start":{"line":225,"column":32},"end":{"line":225,"column":72}},"79":{"start":{"line":226,"column":28},"end":{"line":226,"column":75}},"80":{"start":{"line":227,"column":34},"end":{"line":227,"column":72}},"81":{"start":{"line":228,"column":4},"end":{"line":228,"column":62}},"82":{"start":{"line":229,"column":4},"end":{"line":229,"column":54}},"83":{"start":{"line":230,"column":4},"end":{"line":230,"column":54}},"84":{"start":{"line":232,"column":25},"end":{"line":232,"column":78}},"85":{"start":{"line":233,"column":4},"end":{"line":233,"column":82}},"86":{"start":{"line":234,"column":4},"end":{"line":234,"column":37}},"87":{"start":{"line":234,"column":23},"end":{"line":234,"column":37}},"88":{"start":{"line":237,"column":28},"end":{"line":241,"column":4}},"89":{"start":{"line":243,"column":2},"end":{"line":248,"column":4}},"90":{"start":{"line":270,"column":82},"end":{"line":270,"column":88}},"91":{"start":{"line":272,"column":2},"end":{"line":272,"column":70}},"92":{"start":{"line":272,"column":23},"end":{"line":272,"column":70}},"93":{"start":{"line":273,"column":2},"end":{"line":273,"column":73}},"94":{"start":{"line":273,"column":30},"end":{"line":273,"column":73}},"95":{"start":{"line":275,"column":23},"end":{"line":280,"column":4}},"96":{"start":{"line":282,"column":23},"end":{"line":282,"column":46}},"97":{"start":{"line":283,"column":30},"end":{"line":283,"column":60}},"98":{"start":{"line":284,"column":27},"end":{"line":284,"column":54}},"99":{"start":{"line":285,"column":23},"end":{"line":290,"column":4}},"100":{"start":{"line":292,"column":2},"end":{"line":294,"column":3}},"101":{"start":{"line":293,"column":4},"end":{"line":293,"column":63}},"102":{"start":{"line":296,"column":2},"end":{"line":301,"column":4}}},"fnMap":{"0":{"name":"round2","decl":{"start":{"line":7,"column":16},"end":{"line":7,"column":22}},"loc":{"start":{"line":7,"column":32},"end":{"line":9,"column":1}}},"1":{"name":"snapPesoCOP","decl":{"start":{"line":12,"column":16},"end":{"line":12,"column":27}},"loc":{"start":{"line":12,"column":37},"end":{"line":16,"column":1}}},"2":{"name":"splitMontoPagoEnCapitalYGanancia","decl":{"start":{"line":25,"column":16},"end":{"line":25,"column":48}},"loc":{"start":{"line":29,"column":32},"end":{"line":59,"column":1}}},"3":{"name":"computeRutaCamposTrasCobroPrestamo","decl":{"start":{"line":71,"column":16},"end":{"line":71,"column":50}},"loc":{"start":{"line":76,"column":32},"end":{"line":117,"column":1}}},"4":{"name":"computeRutaCamposTrasCobroPrestamoCobroEnEmpleado","decl":{"start":{"line":133,"column":16},"end":{"line":133,"column":65}},"loc":{"start":{"line":138,"column":32},"end":{"line":181,"column":1}}},"5":{"name":"computeRutaCamposTrasPerdidaPrestamo","decl":{"start":{"line":195,"column":16},"end":{"line":195,"column":52}},"loc":{"start":{"line":200,"column":26},"end":{"line":249,"column":1}}},"6":{"name":"computeSaldosTrasDesembolsoPrestamoDesdeCajaEmpleado","decl":{"start":{"line":262,"column":16},"end":{"line":262,"column":68}},"loc":{"start":{"line":269,"column":1},"end":{"line":302,"column":1}}}},"branchMap":{"0":{"loc":{"start":{"line":14,"column":2},"end":{"line":14,"column":50}},"type":"if","locations":[{"start":{"line":14,"column":2},"end":{"line":14,"column":50}},{"start":{},"end":{}}]},"1":{"loc":{"start":{"line":31,"column":2},"end":{"line":31,"column":60}},"type":"if","locations":[{"start":{"line":31,"column":2},"end":{"line":31,"column":60}},{"start":{},"end":{}}]},"2":{"loc":{"start":{"line":32,"column":2},"end":{"line":34,"column":3}},"type":"if","locations":[{"start":{"line":32,"column":2},"end":{"line":34,"column":3}},{"start":{},"end":{}}]},"3":{"loc":{"start":{"line":37,"column":2},"end":{"line":39,"column":3}},"type":"if","locations":[{"start":{"line":37,"column":2},"end":{"line":39,"column":3}},{"start":{},"end":{}}]},"4":{"loc":{"start":{"line":41,"column":2},"end":{"line":53,"column":3}},"type":"if","locations":[{"start":{"line":41,"column":2},"end":{"line":53,"column":3}},{"start":{},"end":{}}]},"5":{"loc":{"start":{"line":41,"column":6},"end":{"line":41,"column":77}},"type":"binary-expr","locations":[{"start":{"line":41,"column":6},"end":{"line":41,"column":47}},{"start":{"line":41,"column":51},"end":{"line":41,"column":77}}]},"6":{"loc":{"start":{"line":78,"column":17},"end":{"line":78,"column":78}},"type":"cond-expr","locations":[{"start":{"line":78,"column":57},"end":{"line":78,"column":74}},{"start":{"line":78,"column":77},"end":{"line":78,"column":78}}]},"7":{"loc":{"start":{"line":80,"column":4},"end":{"line":80,"column":77}},"type":"cond-expr","locations":[{"start":{"line":80,"column":50},"end":{"line":80,"column":73}},{"start":{"line":80,"column":76},"end":{"line":80,"column":77}}]},"8":{"loc":{"start":{"line":81,"column":20},"end":{"line":81,"column":87}},"type":"cond-expr","locations":[{"start":{"line":81,"column":63},"end":{"line":81,"column":83}},{"start":{"line":81,"column":86},"end":{"line":81,"column":87}}]},"9":{"loc":{"start":{"line":82,"column":18},"end":{"line":82,"column":81}},"type":"cond-expr","locations":[{"start":{"line":82,"column":59},"end":{"line":82,"column":77}},{"start":{"line":82,"column":80},"end":{"line":82,"column":81}}]},"10":{"loc":{"start":{"line":83,"column":19},"end":{"line":83,"column":80}},"type":"cond-expr","locations":[{"start":{"line":83,"column":59},"end":{"line":83,"column":76}},{"start":{"line":83,"column":79},"end":{"line":83,"column":80}}]},"11":{"loc":{"start":{"line":107,"column":2},"end":{"line":109,"column":3}},"type":"if","locations":[{"start":{"line":107,"column":2},"end":{"line":109,"column":3}},{"start":{},"end":{}}]},"12":{"loc":{"start":{"line":107,"column":6},"end":{"line":107,"column":37}},"type":"binary-expr","locations":[{"start":{"line":107,"column":6},"end":{"line":107,"column":18}},{"start":{"line":107,"column":22},"end":{"line":107,"column":37}}]},"13":{"loc":{"start":{"line":140,"column":19},"end":{"line":140,"column":80}},"type":"cond-expr","locations":[{"start":{"line":140,"column":59},"end":{"line":140,"column":76}},{"start":{"line":140,"column":79},"end":{"line":140,"column":80}}]},"14":{"loc":{"start":{"line":142,"column":4},"end":{"line":142,"column":77}},"type":"cond-expr","locations":[{"start":{"line":142,"column":50},"end":{"line":142,"column":73}},{"start":{"line":142,"column":76},"end":{"line":142,"column":77}}]},"15":{"loc":{"start":{"line":143,"column":20},"end":{"line":143,"column":87}},"type":"cond-expr","locations":[{"start":{"line":143,"column":63},"end":{"line":143,"column":83}},{"start":{"line":143,"column":86},"end":{"line":143,"column":87}}]},"16":{"loc":{"start":{"line":144,"column":18},"end":{"line":144,"column":81}},"type":"cond-expr","locations":[{"start":{"line":144,"column":59},"end":{"line":144,"column":77}},{"start":{"line":144,"column":80},"end":{"line":144,"column":81}}]},"17":{"loc":{"start":{"line":145,"column":19},"end":{"line":145,"column":80}},"type":"cond-expr","locations":[{"start":{"line":145,"column":59},"end":{"line":145,"column":76}},{"start":{"line":145,"column":79},"end":{"line":145,"column":80}}]},"18":{"loc":{"start":{"line":169,"column":2},"end":{"line":171,"column":3}},"type":"if","locations":[{"start":{"line":169,"column":2},"end":{"line":171,"column":3}},{"start":{},"end":{}}]},"19":{"loc":{"start":{"line":169,"column":6},"end":{"line":169,"column":59}},"type":"binary-expr","locations":[{"start":{"line":169,"column":6},"end":{"line":169,"column":18}},{"start":{"line":169,"column":22},"end":{"line":169,"column":37}},{"start":{"line":169,"column":41},"end":{"line":169,"column":59}}]},"20":{"loc":{"start":{"line":202,"column":2},"end":{"line":204,"column":3}},"type":"if","locations":[{"start":{"line":202,"column":2},"end":{"line":204,"column":3}},{"start":{},"end":{}}]},"21":{"loc":{"start":{"line":205,"column":2},"end":{"line":207,"column":3}},"type":"if","locations":[{"start":{"line":205,"column":2},"end":{"line":207,"column":3}},{"start":{},"end":{}}]},"22":{"loc":{"start":{"line":205,"column":6},"end":{"line":205,"column":44}},"type":"binary-expr","locations":[{"start":{"line":205,"column":6},"end":{"line":205,"column":24}},{"start":{"line":205,"column":28},"end":{"line":205,"column":44}}]},"23":{"loc":{"start":{"line":208,"column":2},"end":{"line":210,"column":3}},"type":"if","locations":[{"start":{"line":208,"column":2},"end":{"line":210,"column":3}},{"start":{},"end":{}}]},"24":{"loc":{"start":{"line":208,"column":6},"end":{"line":208,"column":67}},"type":"binary-expr","locations":[{"start":{"line":208,"column":6},"end":{"line":208,"column":26}},{"start":{"line":208,"column":30},"end":{"line":208,"column":67}}]},"25":{"loc":{"start":{"line":212,"column":19},"end":{"line":212,"column":80}},"type":"cond-expr","locations":[{"start":{"line":212,"column":59},"end":{"line":212,"column":76}},{"start":{"line":212,"column":79},"end":{"line":212,"column":80}}]},"26":{"loc":{"start":{"line":214,"column":4},"end":{"line":214,"column":77}},"type":"cond-expr","locations":[{"start":{"line":214,"column":50},"end":{"line":214,"column":73}},{"start":{"line":214,"column":76},"end":{"line":214,"column":77}}]},"27":{"loc":{"start":{"line":215,"column":20},"end":{"line":215,"column":87}},"type":"cond-expr","locations":[{"start":{"line":215,"column":63},"end":{"line":215,"column":83}},{"start":{"line":215,"column":86},"end":{"line":215,"column":87}}]},"28":{"loc":{"start":{"line":216,"column":18},"end":{"line":216,"column":81}},"type":"cond-expr","locations":[{"start":{"line":216,"column":59},"end":{"line":216,"column":77}},{"start":{"line":216,"column":80},"end":{"line":216,"column":81}}]},"29":{"loc":{"start":{"line":217,"column":17},"end":{"line":217,"column":78}},"type":"cond-expr","locations":[{"start":{"line":217,"column":57},"end":{"line":217,"column":74}},{"start":{"line":217,"column":77},"end":{"line":217,"column":78}}]},"30":{"loc":{"start":{"line":224,"column":2},"end":{"line":235,"column":3}},"type":"if","locations":[{"start":{"line":224,"column":2},"end":{"line":235,"column":3}},{"start":{"line":231,"column":9},"end":{"line":235,"column":3}}]},"31":{"loc":{"start":{"line":234,"column":4},"end":{"line":234,"column":37}},"type":"if","locations":[{"start":{"line":234,"column":4},"end":{"line":234,"column":37}},{"start":{},"end":{}}]},"32":{"loc":{"start":{"line":270,"column":65},"end":{"line":270,"column":77}},"type":"default-arg","locations":[{"start":{"line":270,"column":76},"end":{"line":270,"column":77}}]},"33":{"loc":{"start":{"line":272,"column":2},"end":{"line":272,"column":70}},"type":"if","locations":[{"start":{"line":272,"column":2},"end":{"line":272,"column":70}},{"start":{},"end":{}}]},"34":{"loc":{"start":{"line":273,"column":2},"end":{"line":273,"column":73}},"type":"if","locations":[{"start":{"line":273,"column":2},"end":{"line":273,"column":73}},{"start":{},"end":{}}]},"35":{"loc":{"start":{"line":292,"column":2},"end":{"line":294,"column":3}},"type":"if","locations":[{"start":{"line":292,"column":2},"end":{"line":294,"column":3}},{"start":{},"end":{}}]}},"s":{"0":2,"1":2,"2":2,"3":2,"4":2,"5":2,"6":2,"7":2,"8":252,"9":44,"10":44,"11":20,"12":24,"13":20,"14":2,"15":18,"16":0,"17":18,"18":18,"19":3,"20":15,"21":3,"22":3,"23":3,"24":3,"25":3,"26":3,"27":3,"28":12,"29":12,"30":12,"31":12,"32":6,"33":6,"34":6,"35":6,"36":6,"37":6,"38":6,"39":6,"40":6,"41":6,"42":6,"43":6,"44":6,"45":6,"46":0,"47":6,"48":6,"49":6,"50":6,"51":6,"52":6,"53":6,"54":6,"55":6,"56":6,"57":6,"58":6,"59":6,"60":6,"61":6,"62":1,"63":5,"64":8,"65":1,"66":7,"67":0,"68":7,"69":1,"70":6,"71":6,"72":6,"73":6,"74":6,"75":6,"76":6,"77":6,"78":3,"79":3,"80":3,"81":3,"82":3,"83":3,"84":3,"85":3,"86":3,"87":1,"88":6,"89":6,"90":3,"91":3,"92":1,"93":2,"94":1,"95":1,"96":1,"97":1,"98":1,"99":1,"100":1,"101":0,"102":1},"f":{"0":252,"1":44,"2":20,"3":6,"4":6,"5":8,"6":3},"b":{"0":[20,24],"1":[2,18],"2":[0,18],"3":[3,15],"4":[3,12],"5":[15,3],"6":[5,1],"7":[5,1],"8":[5,1],"9":[5,1],"10":[5,1],"11":[0,6],"12":[6,6],"13":[5,1],"14":[5,1],"15":[5,1],"16":[5,1],"17":[5,1],"18":[1,5],"19":[6,5,5],"20":[1,7],"21":[0,7],"22":[7,7],"23":[1,6],"24":[7,7],"25":[6,0],"26":[6,0],"27":[6,0],"28":[6,0],"29":[6,0],"30":[3,3],"31":[1,2],"32":[3],"33":[1,2],"34":[1,1],"35":[0,1]}}
,"C:\\Users\\Administrator\\Music\\KrediApp\\src\\lib\\sync-custom-claims.ts": {"path":"C:\\Users\\Administrator\\Music\\KrediApp\\src\\lib\\sync-custom-claims.ts","statementMap":{"0":{"start":{"line":25,"column":0},"end":{"line":25,"column":22}},"1":{"start":{"line":8,"column":0},"end":{"line":8,"column":71}},"2":{"start":{"line":9,"column":0},"end":{"line":9,"column":53}},"3":{"start":{"line":10,"column":0},"end":{"line":10,"column":60}},"4":{"start":{"line":26,"column":15},"end":{"line":26,"column":29}},"5":{"start":{"line":27,"column":13},"end":{"line":27,"column":32}},"6":{"start":{"line":29,"column":20},"end":{"line":29,"column":78}},"7":{"start":{"line":30,"column":2},"end":{"line":39,"column":3}},"8":{"start":{"line":31,"column":14},"end":{"line":31,"column":31}},"9":{"start":{"line":32,"column":40},"end":{"line":36,"column":6}},"10":{"start":{"line":37,"column":4},"end":{"line":37,"column":75}},"11":{"start":{"line":38,"column":4},"end":{"line":38,"column":11}},"12":{"start":{"line":41,"column":19},"end":{"line":41,"column":71}},"13":{"start":{"line":42,"column":2},"end":{"line":45,"column":3}},"14":{"start":{"line":43,"column":4},"end":{"line":43,"column":46}},"15":{"start":{"line":44,"column":4},"end":{"line":44,"column":11}},"16":{"start":{"line":47,"column":15},"end":{"line":47,"column":31}},"17":{"start":{"line":48,"column":18},"end":{"line":48,"column":37}},"18":{"start":{"line":49,"column":2},"end":{"line":57,"column":3}},"19":{"start":{"line":55,"column":4},"end":{"line":55,"column":46}},"20":{"start":{"line":56,"column":4},"end":{"line":56,"column":11}},"21":{"start":{"line":59,"column":20},"end":{"line":59,"column":76}},"22":{"start":{"line":60,"column":38},"end":{"line":64,"column":4}},"23":{"start":{"line":66,"column":17},"end":{"line":66,"column":28}},"24":{"start":{"line":67,"column":18},"end":{"line":67,"column":30}},"25":{"start":{"line":68,"column":2},"end":{"line":68,"column":81}},"26":{"start":{"line":68,"column":51},"end":{"line":68,"column":81}},"27":{"start":{"line":69,"column":2},"end":{"line":69,"column":85}},"28":{"start":{"line":69,"column":53},"end":{"line":69,"column":85}},"29":{"start":{"line":71,"column":2},"end":{"line":71,"column":73}}},"fnMap":{"0":{"name":"syncCustomClaimsForUid","decl":{"start":{"line":25,"column":22},"end":{"line":25,"column":44}},"loc":{"start":{"line":25,"column":56},"end":{"line":72,"column":null}}}},"branchMap":{"0":{"loc":{"start":{"line":30,"column":2},"end":{"line":39,"column":3}},"type":"if","locations":[{"start":{"line":30,"column":2},"end":{"line":39,"column":3}},{"start":{},"end":{}}]},"1":{"loc":{"start":{"line":42,"column":2},"end":{"line":45,"column":3}},"type":"if","locations":[{"start":{"line":42,"column":2},"end":{"line":45,"column":3}},{"start":{},"end":{}}]},"2":{"loc":{"start":{"line":49,"column":2},"end":{"line":57,"column":3}},"type":"if","locations":[{"start":{"line":49,"column":2},"end":{"line":57,"column":3}},{"start":{},"end":{}}]},"3":{"loc":{"start":{"line":50,"column":4},"end":{"line":53,"column":26}},"type":"binary-expr","locations":[{"start":{"line":50,"column":4},"end":{"line":50,"column":22}},{"start":{"line":51,"column":4},"end":{"line":51,"column":23}},{"start":{"line":52,"column":4},"end":{"line":52,"column":30}},{"start":{"line":53,"column":4},"end":{"line":53,"column":26}}]},"4":{"loc":{"start":{"line":59,"column":20},"end":{"line":59,"column":76}},"type":"cond-expr","locations":[{"start":{"line":59,"column":57},"end":{"line":59,"column":71}},{"start":{"line":59,"column":74},"end":{"line":59,"column":76}}]},"5":{"loc":{"start":{"line":68,"column":2},"end":{"line":68,"column":81}},"type":"if","locations":[{"start":{"line":68,"column":2},"end":{"line":68,"column":81}},{"start":{},"end":{}}]},"6":{"loc":{"start":{"line":68,"column":6},"end":{"line":68,"column":49}},"type":"binary-expr","locations":[{"start":{"line":68,"column":6},"end":{"line":68,"column":32}},{"start":{"line":68,"column":36},"end":{"line":68,"column":49}}]},"7":{"loc":{"start":{"line":69,"column":2},"end":{"line":69,"column":85}},"type":"if","locations":[{"start":{"line":69,"column":2},"end":{"line":69,"column":85}},{"start":{},"end":{}}]},"8":{"loc":{"start":{"line":69,"column":6},"end":{"line":69,"column":51}},"type":"binary-expr","locations":[{"start":{"line":69,"column":6},"end":{"line":69,"column":33}},{"start":{"line":69,"column":37},"end":{"line":69,"column":51}}]}},"s":{"0":1,"1":1,"2":1,"3":1,"4":0,"5":0,"6":0,"7":0,"8":0,"9":0,"10":0,"11":0,"12":0,"13":0,"14":0,"15":0,"16":0,"17":0,"18":0,"19":0,"20":0,"21":0,"22":0,"23":0,"24":0,"25":0,"26":0,"27":0,"28":0,"29":0},"f":{"0":0},"b":{"0":[0,0],"1":[0,0],"2":[0,0],"3":[0,0,0,0],"4":[0,0],"5":[0,0],"6":[0,0],"7":[0,0],"8":[0,0]}}
,"C:\\Users\\Administrator\\Music\\KrediApp\\src\\lib\\tu-caja-del-dia.ts": {"path":"C:\\Users\\Administrator\\Music\\KrediApp\\src\\lib\\tu-caja-del-dia.ts","statementMap":{"0":{"start":{"line":6,"column":0},"end":{"line":6,"column":16}},"1":{"start":{"line":24,"column":0},"end":{"line":24,"column":16}},"2":{"start":{"line":42,"column":0},"end":{"line":42,"column":16}},"3":{"start":{"line":12,"column":2},"end":{"line":20,"column":4}},"4":{"start":{"line":30,"column":2},"end":{"line":38,"column":4}},"5":{"start":{"line":51,"column":2},"end":{"line":56,"column":4}}},"fnMap":{"0":{"name":"tuCajaDelDiaFormula","decl":{"start":{"line":6,"column":16},"end":{"line":6,"column":35}},"loc":{"start":{"line":10,"column":33},"end":{"line":21,"column":1}}},"1":{"name":"tuCajaEfectivoFormula","decl":{"start":{"line":24,"column":16},"end":{"line":24,"column":37}},"loc":{"start":{"line":28,"column":33},"end":{"line":39,"column":1}}},"2":{"name":"tuCajaDelDiaDesdeTotales","decl":{"start":{"line":42,"column":16},"end":{"line":42,"column":40}},"loc":{"start":{"line":49,"column":3},"end":{"line":57,"column":1}}}},"branchMap":{"0":{"loc":{"start":{"line":10,"column":2},"end":{"line":10,"column":33}},"type":"default-arg","locations":[{"start":{"line":10,"column":32},"end":{"line":10,"column":33}}]},"1":{"loc":{"start":{"line":28,"column":2},"end":{"line":28,"column":33}},"type":"default-arg","locations":[{"start":{"line":28,"column":32},"end":{"line":28,"column":33}}]},"2":{"loc":{"start":{"line":55,"column":4},"end":{"line":55,"column":89}},"type":"cond-expr","locations":[{"start":{"line":55,"column":56},"end":{"line":55,"column":85}},{"start":{"line":55,"column":88},"end":{"line":55,"column":89}}]}},"s":{"0":1,"1":1,"2":1,"3":7,"4":5,"5":3},"f":{"0":7,"1":5,"2":3},"b":{"0":[0],"1":[0],"2":[3,0]}}
,"C:\\Users\\Administrator\\Music\\KrediApp\\src\\types\\superAdmin.ts": {"path":"C:\\Users\\Administrator\\Music\\KrediApp\\src\\types\\superAdmin.ts","statementMap":{"0":{"start":{"line":7,"column":13},"end":{"line":7,"column":51}}},"fnMap":{},"branchMap":{},"s":{"0":1},"f":{},"b":{}}
}
