{"C:\\Users\\JOSUE.WIN-88BHFO68NK9\\Documents\\KrediApp\\src\\lib\\capital-formulas.ts": {"path":"C:\\Users\\JOSUE.WIN-88BHFO68NK9\\Documents\\KrediApp\\src\\lib\\capital-formulas.ts","statementMap":{"0":{"start":{"line":15,"column":0},"end":{"line":15,"column":16}},"1":{"start":{"line":28,"column":0},"end":{"line":28,"column":16}},"2":{"start":{"line":41,"column":0},"end":{"line":41,"column":16}},"3":{"start":{"line":53,"column":0},"end":{"line":53,"column":16}},"4":{"start":{"line":68,"column":0},"end":{"line":68,"column":16}},"5":{"start":{"line":7,"column":2},"end":{"line":7,"column":35}},"6":{"start":{"line":21,"column":2},"end":{"line":21,"column":67}},"7":{"start":{"line":32,"column":2},"end":{"line":32,"column":41}},"8":{"start":{"line":45,"column":42},"end":{"line":45,"column":48}},"9":{"start":{"line":46,"column":2},"end":{"line":46,"column":38}},"10":{"start":{"line":59,"column":2},"end":{"line":59,"column":76}},"11":{"start":{"line":59,"column":42},"end":{"line":59,"column":76}},"12":{"start":{"line":60,"column":2},"end":{"line":60,"column":67}},"13":{"start":{"line":76,"column":2},"end":{"line":80,"column":5}}},"fnMap":{"0":{"name":"roundMoney","decl":{"start":{"line":6,"column":9},"end":{"line":6,"column":19}},"loc":{"start":{"line":6,"column":29},"end":{"line":8,"column":1}}},"1":{"name":"computeCapitalTotalRutaDesdeSaldos","decl":{"start":{"line":15,"column":16},"end":{"line":15,"column":50}},"loc":{"start":{"line":20,"column":1},"end":{"line":22,"column":1}}},"2":{"name":"computeCapitalEmpresa","decl":{"start":{"line":28,"column":16},"end":{"line":28,"column":37}},"loc":{"start":{"line":30,"column":27},"end":{"line":33,"column":1}}},"3":{"name":"computeCapitalAdmin","decl":{"start":{"line":41,"column":16},"end":{"line":41,"column":35}},"loc":{"start":{"line":44,"column":1},"end":{"line":47,"column":1}}},"4":{"name":"computeCapitalRutaParaSumaAdmin","decl":{"start":{"line":53,"column":16},"end":{"line":53,"column":47}},"loc":{"start":{"line":58,"column":1},"end":{"line":61,"column":1}}},"5":{"name":"computeCapitalRutaFromRutaFields","decl":{"start":{"line":68,"column":16},"end":{"line":68,"column":48}},"loc":{"start":{"line":75,"column":1},"end":{"line":81,"column":1}}}},"branchMap":{"0":{"loc":{"start":{"line":59,"column":2},"end":{"line":59,"column":76}},"type":"if","locations":[{"start":{"line":59,"column":2},"end":{"line":59,"column":76}},{"start":{},"end":{}}]}},"s":{"0":2,"1":2,"2":2,"3":2,"4":2,"5":21,"6":19,"7":3,"8":2,"9":2,"10":2,"11":1,"12":1,"13":2},"f":{"0":21,"1":19,"2":3,"3":2,"4":2,"5":2},"b":{"0":[1,1]}}
,"C:\\Users\\JOSUE.WIN-88BHFO68NK9\\Documents\\KrediApp\\src\\lib\\ruta-financiera-compute.ts": {"path":"C:\\Users\\JOSUE.WIN-88BHFO68NK9\\Documents\\KrediApp\\src\\lib\\ruta-financiera-compute.ts","statementMap":{"0":{"start":{"line":7,"column":0},"end":{"line":7,"column":16}},"1":{"start":{"line":15,"column":0},"end":{"line":15,"column":16}},"2":{"start":{"line":40,"column":0},"end":{"line":40,"column":16}},"3":{"start":{"line":96,"column":0},"end":{"line":96,"column":16}},"4":{"start":{"line":149,"column":0},"end":{"line":149,"column":16}},"5":{"start":{"line":5,"column":0},"end":{"line":5,"column":76}},"6":{"start":{"line":8,"column":2},"end":{"line":8,"column":35}},"7":{"start":{"line":20,"column":2},"end":{"line":20,"column":60}},"8":{"start":{"line":20,"column":25},"end":{"line":20,"column":60}},"9":{"start":{"line":21,"column":2},"end":{"line":23,"column":3}},"10":{"start":{"line":22,"column":4},"end":{"line":22,"column":58}},"11":{"start":{"line":24,"column":16},"end":{"line":24,"column":69}},"12":{"start":{"line":25,"column":18},"end":{"line":25,"column":46}},"13":{"start":{"line":26,"column":19},"end":{"line":26,"column":49}},"14":{"start":{"line":27,"column":2},"end":{"line":27,"column":31}},"15":{"start":{"line":46,"column":17},"end":{"line":46,"column":78}},"16":{"start":{"line":48,"column":4},"end":{"line":48,"column":77}},"17":{"start":{"line":49,"column":20},"end":{"line":49,"column":87}},"18":{"start":{"line":50,"column":18},"end":{"line":50,"column":81}},"19":{"start":{"line":51,"column":19},"end":{"line":51,"column":80}},"20":{"start":{"line":54,"column":4},"end":{"line":54,"column":78}},"21":{"start":{"line":56,"column":27},"end":{"line":56,"column":70}},"22":{"start":{"line":57,"column":30},"end":{"line":57,"column":69}},"23":{"start":{"line":58,"column":24},"end":{"line":58,"column":67}},"24":{"start":{"line":60,"column":2},"end":{"line":60,"column":45}},"25":{"start":{"line":61,"column":2},"end":{"line":61,"column":55}},"26":{"start":{"line":62,"column":2},"end":{"line":62,"column":48}},"27":{"start":{"line":63,"column":28},"end":{"line":68,"column":4}},"28":{"start":{"line":70,"column":2},"end":{"line":72,"column":3}},"29":{"start":{"line":71,"column":4},"end":{"line":71,"column":68}},"30":{"start":{"line":74,"column":2},"end":{"line":79,"column":4}},"31":{"start":{"line":102,"column":19},"end":{"line":102,"column":80}},"32":{"start":{"line":104,"column":4},"end":{"line":104,"column":77}},"33":{"start":{"line":105,"column":20},"end":{"line":105,"column":87}},"34":{"start":{"line":106,"column":18},"end":{"line":106,"column":81}},"35":{"start":{"line":107,"column":19},"end":{"line":107,"column":80}},"36":{"start":{"line":110,"column":4},"end":{"line":110,"column":78}},"37":{"start":{"line":112,"column":27},"end":{"line":112,"column":70}},"38":{"start":{"line":113,"column":30},"end":{"line":113,"column":69}},"39":{"start":{"line":114,"column":24},"end":{"line":114,"column":67}},"40":{"start":{"line":116,"column":2},"end":{"line":116,"column":57}},"41":{"start":{"line":117,"column":2},"end":{"line":117,"column":55}},"42":{"start":{"line":118,"column":2},"end":{"line":118,"column":48}},"43":{"start":{"line":119,"column":28},"end":{"line":124,"column":4}},"44":{"start":{"line":126,"column":2},"end":{"line":128,"column":3}},"45":{"start":{"line":127,"column":4},"end":{"line":127,"column":68}},"46":{"start":{"line":130,"column":2},"end":{"line":137,"column":4}},"47":{"start":{"line":155,"column":2},"end":{"line":157,"column":3}},"48":{"start":{"line":156,"column":4},"end":{"line":156,"column":62}},"49":{"start":{"line":158,"column":19},"end":{"line":158,"column":80}},"50":{"start":{"line":160,"column":4},"end":{"line":160,"column":77}},"51":{"start":{"line":161,"column":20},"end":{"line":161,"column":87}},"52":{"start":{"line":162,"column":17},"end":{"line":162,"column":78}},"53":{"start":{"line":164,"column":4},"end":{"line":171,"column":10}},"54":{"start":{"line":173,"column":27},"end":{"line":173,"column":70}},"55":{"start":{"line":174,"column":2},"end":{"line":174,"column":55}},"56":{"start":{"line":175,"column":2},"end":{"line":175,"column":45}},"57":{"start":{"line":176,"column":28},"end":{"line":176,"column":67}},"58":{"start":{"line":178,"column":15},"end":{"line":178,"column":62}},"59":{"start":{"line":179,"column":2},"end":{"line":181,"column":3}},"60":{"start":{"line":180,"column":4},"end":{"line":180,"column":64}},"61":{"start":{"line":182,"column":2},"end":{"line":184,"column":3}},"62":{"start":{"line":183,"column":4},"end":{"line":183,"column":68}},"63":{"start":{"line":186,"column":2},"end":{"line":190,"column":4}}},"fnMap":{"0":{"name":"round2","decl":{"start":{"line":7,"column":16},"end":{"line":7,"column":22}},"loc":{"start":{"line":7,"column":32},"end":{"line":9,"column":1}}},"1":{"name":"splitMontoPagoEnCapitalYGanancia","decl":{"start":{"line":15,"column":16},"end":{"line":15,"column":48}},"loc":{"start":{"line":18,"column":21},"end":{"line":28,"column":1}}},"2":{"name":"computeRutaCamposTrasCobroPrestamo","decl":{"start":{"line":40,"column":16},"end":{"line":40,"column":50}},"loc":{"start":{"line":44,"column":21},"end":{"line":80,"column":1}}},"3":{"name":"computeRutaCamposTrasCobroPrestamoCobroEnEmpleado","decl":{"start":{"line":96,"column":16},"end":{"line":96,"column":65}},"loc":{"start":{"line":100,"column":21},"end":{"line":138,"column":1}}},"4":{"name":"computeRutaCamposTrasPerdidaPrestamo","decl":{"start":{"line":149,"column":16},"end":{"line":149,"column":52}},"loc":{"start":{"line":153,"column":21},"end":{"line":191,"column":1}}}},"branchMap":{"0":{"loc":{"start":{"line":20,"column":2},"end":{"line":20,"column":60}},"type":"if","locations":[{"start":{"line":20,"column":2},"end":{"line":20,"column":60}},{"start":{},"end":{}}]},"1":{"loc":{"start":{"line":21,"column":2},"end":{"line":23,"column":3}},"type":"if","locations":[{"start":{"line":21,"column":2},"end":{"line":23,"column":3}},{"start":{},"end":{}}]},"2":{"loc":{"start":{"line":46,"column":17},"end":{"line":46,"column":78}},"type":"cond-expr","locations":[{"start":{"line":46,"column":57},"end":{"line":46,"column":74}},{"start":{"line":46,"column":77},"end":{"line":46,"column":78}}]},"3":{"loc":{"start":{"line":48,"column":4},"end":{"line":48,"column":77}},"type":"cond-expr","locations":[{"start":{"line":48,"column":50},"end":{"line":48,"column":73}},{"start":{"line":48,"column":76},"end":{"line":48,"column":77}}]},"4":{"loc":{"start":{"line":49,"column":20},"end":{"line":49,"column":87}},"type":"cond-expr","locations":[{"start":{"line":49,"column":63},"end":{"line":49,"column":83}},{"start":{"line":49,"column":86},"end":{"line":49,"column":87}}]},"5":{"loc":{"start":{"line":50,"column":18},"end":{"line":50,"column":81}},"type":"cond-expr","locations":[{"start":{"line":50,"column":59},"end":{"line":50,"column":77}},{"start":{"line":50,"column":80},"end":{"line":50,"column":81}}]},"6":{"loc":{"start":{"line":51,"column":19},"end":{"line":51,"column":80}},"type":"cond-expr","locations":[{"start":{"line":51,"column":59},"end":{"line":51,"column":76}},{"start":{"line":51,"column":79},"end":{"line":51,"column":80}}]},"7":{"loc":{"start":{"line":70,"column":2},"end":{"line":72,"column":3}},"type":"if","locations":[{"start":{"line":70,"column":2},"end":{"line":72,"column":3}},{"start":{},"end":{}}]},"8":{"loc":{"start":{"line":70,"column":6},"end":{"line":70,"column":37}},"type":"binary-expr","locations":[{"start":{"line":70,"column":6},"end":{"line":70,"column":18}},{"start":{"line":70,"column":22},"end":{"line":70,"column":37}}]},"9":{"loc":{"start":{"line":102,"column":19},"end":{"line":102,"column":80}},"type":"cond-expr","locations":[{"start":{"line":102,"column":59},"end":{"line":102,"column":76}},{"start":{"line":102,"column":79},"end":{"line":102,"column":80}}]},"10":{"loc":{"start":{"line":104,"column":4},"end":{"line":104,"column":77}},"type":"cond-expr","locations":[{"start":{"line":104,"column":50},"end":{"line":104,"column":73}},{"start":{"line":104,"column":76},"end":{"line":104,"column":77}}]},"11":{"loc":{"start":{"line":105,"column":20},"end":{"line":105,"column":87}},"type":"cond-expr","locations":[{"start":{"line":105,"column":63},"end":{"line":105,"column":83}},{"start":{"line":105,"column":86},"end":{"line":105,"column":87}}]},"12":{"loc":{"start":{"line":106,"column":18},"end":{"line":106,"column":81}},"type":"cond-expr","locations":[{"start":{"line":106,"column":59},"end":{"line":106,"column":77}},{"start":{"line":106,"column":80},"end":{"line":106,"column":81}}]},"13":{"loc":{"start":{"line":107,"column":19},"end":{"line":107,"column":80}},"type":"cond-expr","locations":[{"start":{"line":107,"column":59},"end":{"line":107,"column":76}},{"start":{"line":107,"column":79},"end":{"line":107,"column":80}}]},"14":{"loc":{"start":{"line":126,"column":2},"end":{"line":128,"column":3}},"type":"if","locations":[{"start":{"line":126,"column":2},"end":{"line":128,"column":3}},{"start":{},"end":{}}]},"15":{"loc":{"start":{"line":126,"column":6},"end":{"line":126,"column":59}},"type":"binary-expr","locations":[{"start":{"line":126,"column":6},"end":{"line":126,"column":18}},{"start":{"line":126,"column":22},"end":{"line":126,"column":37}},{"start":{"line":126,"column":41},"end":{"line":126,"column":59}}]},"16":{"loc":{"start":{"line":155,"column":2},"end":{"line":157,"column":3}},"type":"if","locations":[{"start":{"line":155,"column":2},"end":{"line":157,"column":3}},{"start":{},"end":{}}]},"17":{"loc":{"start":{"line":158,"column":19},"end":{"line":158,"column":80}},"type":"cond-expr","locations":[{"start":{"line":158,"column":59},"end":{"line":158,"column":76}},{"start":{"line":158,"column":79},"end":{"line":158,"column":80}}]},"18":{"loc":{"start":{"line":160,"column":4},"end":{"line":160,"column":77}},"type":"cond-expr","locations":[{"start":{"line":160,"column":50},"end":{"line":160,"column":73}},{"start":{"line":160,"column":76},"end":{"line":160,"column":77}}]},"19":{"loc":{"start":{"line":161,"column":20},"end":{"line":161,"column":87}},"type":"cond-expr","locations":[{"start":{"line":161,"column":63},"end":{"line":161,"column":83}},{"start":{"line":161,"column":86},"end":{"line":161,"column":87}}]},"20":{"loc":{"start":{"line":162,"column":17},"end":{"line":162,"column":78}},"type":"cond-expr","locations":[{"start":{"line":162,"column":57},"end":{"line":162,"column":74}},{"start":{"line":162,"column":77},"end":{"line":162,"column":78}}]},"21":{"loc":{"start":{"line":164,"column":4},"end":{"line":171,"column":10}},"type":"cond-expr","locations":[{"start":{"line":165,"column":8},"end":{"line":165,"column":29}},{"start":{"line":166,"column":8},"end":{"line":171,"column":10}}]},"22":{"loc":{"start":{"line":179,"column":2},"end":{"line":181,"column":3}},"type":"if","locations":[{"start":{"line":179,"column":2},"end":{"line":181,"column":3}},{"start":{},"end":{}}]},"23":{"loc":{"start":{"line":182,"column":2},"end":{"line":184,"column":3}},"type":"if","locations":[{"start":{"line":182,"column":2},"end":{"line":184,"column":3}},{"start":{},"end":{}}]}},"s":{"0":1,"1":1,"2":1,"3":1,"4":1,"5":1,"6":136,"7":17,"8":2,"9":15,"10":0,"11":15,"12":15,"13":15,"14":15,"15":6,"16":6,"17":6,"18":6,"19":6,"20":6,"21":6,"22":6,"23":6,"24":6,"25":6,"26":6,"27":6,"28":6,"29":0,"30":6,"31":6,"32":6,"33":6,"34":6,"35":6,"36":6,"37":6,"38":6,"39":6,"40":6,"41":6,"42":6,"43":6,"44":6,"45":1,"46":5,"47":7,"48":1,"49":6,"50":6,"51":6,"52":6,"53":6,"54":6,"55":6,"56":6,"57":6,"58":6,"59":6,"60":1,"61":5,"62":0,"63":5},"f":{"0":136,"1":17,"2":6,"3":6,"4":7},"b":{"0":[2,15],"1":[0,15],"2":[5,1],"3":[5,1],"4":[5,1],"5":[5,1],"6":[5,1],"7":[0,6],"8":[6,6],"9":[5,1],"10":[5,1],"11":[5,1],"12":[5,1],"13":[5,1],"14":[1,5],"15":[6,5,5],"16":[1,6],"17":[6,0],"18":[6,0],"19":[6,0],"20":[6,0],"21":[6,0],"22":[1,5],"23":[0,5]}}
,"C:\\Users\\JOSUE.WIN-88BHFO68NK9\\Documents\\KrediApp\\src\\lib\\tu-caja-del-dia.ts": {"path":"C:\\Users\\JOSUE.WIN-88BHFO68NK9\\Documents\\KrediApp\\src\\lib\\tu-caja-del-dia.ts","statementMap":{"0":{"start":{"line":6,"column":0},"end":{"line":6,"column":16}},"1":{"start":{"line":24,"column":0},"end":{"line":24,"column":16}},"2":{"start":{"line":42,"column":0},"end":{"line":42,"column":16}},"3":{"start":{"line":12,"column":2},"end":{"line":20,"column":4}},"4":{"start":{"line":30,"column":2},"end":{"line":38,"column":4}},"5":{"start":{"line":51,"column":2},"end":{"line":56,"column":4}}},"fnMap":{"0":{"name":"tuCajaDelDiaFormula","decl":{"start":{"line":6,"column":16},"end":{"line":6,"column":35}},"loc":{"start":{"line":10,"column":33},"end":{"line":21,"column":1}}},"1":{"name":"tuCajaEfectivoFormula","decl":{"start":{"line":24,"column":16},"end":{"line":24,"column":37}},"loc":{"start":{"line":28,"column":33},"end":{"line":39,"column":1}}},"2":{"name":"tuCajaDelDiaDesdeTotales","decl":{"start":{"line":42,"column":16},"end":{"line":42,"column":40}},"loc":{"start":{"line":49,"column":3},"end":{"line":57,"column":1}}}},"branchMap":{"0":{"loc":{"start":{"line":10,"column":2},"end":{"line":10,"column":33}},"type":"default-arg","locations":[{"start":{"line":10,"column":32},"end":{"line":10,"column":33}}]},"1":{"loc":{"start":{"line":28,"column":2},"end":{"line":28,"column":33}},"type":"default-arg","locations":[{"start":{"line":28,"column":32},"end":{"line":28,"column":33}}]},"2":{"loc":{"start":{"line":55,"column":4},"end":{"line":55,"column":89}},"type":"cond-expr","locations":[{"start":{"line":55,"column":56},"end":{"line":55,"column":85}},{"start":{"line":55,"column":88},"end":{"line":55,"column":89}}]}},"s":{"0":1,"1":1,"2":1,"3":7,"4":5,"5":3},"f":{"0":7,"1":5,"2":3},"b":{"0":[0],"1":[0],"2":[3,0]}}
}
