TN:
SF:src\content\help\admin\general.ts
FNF:0
FNH:0
DA:3,1
LF:1
LH:1
BRF:0
BRH:0
end_of_record
TN:
SF:src\content\help\admin\pages.ts
FNF:0
FNH:0
DA:19,1
LF:1
LH:1
BRF:0
BRH:0
end_of_record
TN:
SF:src\content\help\admin\resolve.ts
FN:43,(anonymous_0)
FN:25,resolveAdminHelpPageKey
FN:35,getAdminHelpPage
FN:39,getAdminHelpForPathname
FNF:4
FNH:1
FNDA:0,(anonymous_0)
FNDA:7,resolveAdminHelpPageKey
FNDA:0,getAdminHelpPage
FNDA:0,getAdminHelpForPathname
DA:1,1
DA:2,1
DA:5,1
DA:8,1
DA:25,1
DA:26,7
DA:27,7
DA:29,6
DA:30,34
DA:32,0
DA:35,1
DA:36,0
DA:39,1
DA:40,0
DA:43,1
LF:15
LH:12
BRDA:26,0,0,7
BRDA:26,0,1,0
BRDA:26,1,0,7
BRDA:26,1,1,7
BRDA:27,2,0,1
BRDA:27,2,1,6
BRDA:30,3,0,6
BRDA:30,3,1,28
BRDA:30,4,0,34
BRDA:30,4,1,29
BRF:10
BRH:9
end_of_record
TN:
SF:src\lib\admin-notificaciones-operativas.ts
FN:27,formatMontoCOP
FN:32,truncateBody
FN:37,tsFromFirestore
FN:53,fechaIsoDesdeFirestore
FN:60,esGastoOperativoHoy
FN:72,atGastoParaCampanita
FN:86,(anonymous_6)
FN:119,mapGastoEmpleadoNotif
FN:143,mapClienteEmpleadoNotif
FN:161,mapPrestamoEmpleadoNotif
FN:184,mapSolicitudPrestamoNotif
FN:207,mapPagoEmpleadoNotif
FN:266,mergeAdminOperativoNotifs
FN:275,(anonymous_13)
FNF:14
FNH:12
FNDA:6,formatMontoCOP
FNDA:3,truncateBody
FNDA:9,tsFromFirestore
FNDA:1,fechaIsoDesdeFirestore
FNDA:3,esGastoOperativoHoy
FNDA:3,atGastoParaCampanita
FNDA:1,(anonymous_6)
FNDA:3,mapGastoEmpleadoNotif
FNDA:0,mapClienteEmpleadoNotif
FNDA:2,mapPrestamoEmpleadoNotif
FNDA:1,mapSolicitudPrestamoNotif
FNDA:0,mapPagoEmpleadoNotif
FNDA:1,mergeAdminOperativoNotifs
FNDA:2,(anonymous_13)
DA:7,1
DA:14,1
DA:28,6
DA:29,6
DA:33,3
DA:34,3
DA:38,9
DA:39,7
DA:40,7
DA:42,2
DA:43,0
DA:44,0
DA:46,2
DA:47,2
DA:48,2
DA:50,0
DA:54,1
DA:55,1
DA:56,1
DA:61,3
DA:62,2
DA:64,1
DA:65,1
DA:76,3
DA:77,2
DA:79,1
DA:80,1
DA:81,1
DA:82,1
DA:85,1
DA:87,1
DA:88,1
DA:96,1
DA:98,1
DA:99,1
DA:100,8
DA:102,1
DA:105,1
DA:112,1
DA:119,1
DA:123,3
DA:124,3
DA:126,3
DA:128,3
DA:130,3
DA:133,3
DA:134,3
DA:143,1
DA:148,0
DA:149,0
DA:151,0
DA:152,0
DA:161,1
DA:166,2
DA:167,2
DA:169,2
DA:171,2
DA:172,2
DA:184,1
DA:189,1
DA:191,1
DA:193,1
DA:194,1
DA:207,1
DA:211,0
DA:212,0
DA:215,0
DA:217,0
DA:219,0
DA:220,0
DA:222,0
DA:223,0
DA:235,0
DA:237,0
DA:238,0
DA:247,0
DA:248,0
DA:250,0
DA:251,0
DA:263,0
DA:266,1
DA:269,1
DA:270,1
DA:271,2
DA:272,3
DA:275,2
LF:86
LH:63
BRDA:34,0,0,3
BRDA:34,0,1,0
BRDA:38,1,0,7
BRDA:38,1,1,2
BRDA:38,2,0,9
BRDA:38,2,1,9
BRDA:38,2,2,7
BRDA:40,3,0,7
BRDA:40,3,1,0
BRDA:42,4,0,0
BRDA:42,4,1,2
BRDA:44,5,0,0
BRDA:44,5,1,0
BRDA:46,6,0,2
BRDA:46,6,1,0
BRDA:46,7,0,2
BRDA:46,7,1,0
BRDA:48,8,0,2
BRDA:48,8,1,0
BRDA:55,9,0,0
BRDA:55,9,1,1
BRDA:61,10,0,2
BRDA:61,10,1,1
BRDA:65,11,0,1
BRDA:65,11,1,1
BRDA:76,12,0,2
BRDA:76,12,1,1
BRDA:81,13,0,0
BRDA:81,13,1,1
BRDA:81,14,0,1
BRDA:81,14,1,1
BRDA:82,15,0,0
BRDA:82,15,1,1
BRDA:85,16,0,1
BRDA:85,16,1,1
BRDA:89,17,0,1
BRDA:89,17,1,1
BRDA:89,17,2,1
BRDA:89,17,3,1
BRDA:96,18,0,0
BRDA:96,18,1,1
BRDA:123,19,0,0
BRDA:123,19,1,3
BRDA:126,20,0,3
BRDA:126,20,1,3
BRDA:126,20,2,0
BRDA:128,21,0,3
BRDA:128,21,1,0
BRDA:130,22,0,3
BRDA:130,22,1,3
BRDA:130,22,2,0
BRDA:133,23,0,0
BRDA:133,23,1,3
BRDA:149,24,0,0
BRDA:149,24,1,0
BRDA:151,25,0,0
BRDA:151,25,1,0
BRDA:151,25,2,0
BRDA:167,26,0,0
BRDA:167,26,1,2
BRDA:169,27,0,2
BRDA:169,27,1,2
BRDA:169,27,2,0
BRDA:171,28,0,2
BRDA:171,28,1,0
BRDA:191,29,0,1
BRDA:191,29,1,1
BRDA:191,29,2,0
BRDA:193,30,0,1
BRDA:193,30,1,0
BRDA:212,31,0,0
BRDA:212,31,1,0
BRDA:215,32,0,0
BRDA:215,32,1,0
BRDA:215,32,2,0
BRDA:217,33,0,0
BRDA:217,33,1,0
BRDA:219,34,0,0
BRDA:219,34,1,0
BRDA:220,35,0,0
BRDA:220,35,1,0
BRDA:222,36,0,0
BRDA:222,36,1,0
BRDA:235,37,0,0
BRDA:235,37,1,0
BRDA:237,38,0,0
BRDA:237,38,1,0
BRDA:237,39,0,0
BRDA:237,39,1,0
BRDA:237,40,0,0
BRDA:237,40,1,0
BRDA:237,41,0,0
BRDA:237,41,1,0
BRDA:247,42,0,0
BRDA:247,42,1,0
BRDA:248,43,0,0
BRDA:248,43,1,0
BRDA:250,44,0,0
BRDA:250,44,1,0
BRDA:250,45,0,0
BRDA:250,45,1,0
BRDA:250,46,0,0
BRDA:250,46,1,0
BRDA:250,47,0,0
BRDA:250,47,1,0
BRF:105
BRH:43
end_of_record
TN:
SF:src\lib\capital-formulas.ts
FN:6,roundMoney
FN:15,computeCapitalTotalRutaDesdeSaldos
FN:28,computeCapitalEmpresa
FN:41,computeCapitalAdmin
FN:53,computeCapitalRutaParaSumaAdmin
FN:68,computeCapitalRutaFromRutaFields
FNF:6
FNH:6
FNDA:23,roundMoney
FNDA:21,computeCapitalTotalRutaDesdeSaldos
FNDA:3,computeCapitalEmpresa
FNDA:2,computeCapitalAdmin
FNDA:2,computeCapitalRutaParaSumaAdmin
FNDA:2,computeCapitalRutaFromRutaFields
DA:7,23
DA:15,2
DA:21,21
DA:28,2
DA:32,3
DA:41,2
DA:45,2
DA:46,2
DA:53,2
DA:59,2
DA:60,1
DA:68,2
DA:76,2
LF:13
LH:13
BRDA:59,0,0,1
BRDA:59,0,1,1
BRF:2
BRH:2
end_of_record
TN:
SF:src\lib\colombia-day-bounds.ts
FN:6,parseFechaDiaColombia
FN:18,inicioDiaColombiaUtc
FN:26,finDiaColombiaUtc
FN:33,formatFechaDia
FN:46,fechaDiaColombiaHoy
FN:56,ymdYHoraColombia
FN:65,(anonymous_6)
FN:66,(anonymous_7)
FN:76,esDiaActualColombia
FN:126,fechaGastoDesdeStringCliente
FN:135,fechaGuardadaMedianocheUtcPura
FN:147,formatoFechaGastoColombia
FN:159,fechaDiaCalendarioDesdeISO
FNF:13
FNH:10
FNDA:29,parseFechaDiaColombia
FNDA:29,inicioDiaColombiaUtc
FNDA:6,finDiaColombiaUtc
FNDA:0,formatFechaDia
FNDA:6,fechaDiaColombiaHoy
FNDA:8,ymdYHoraColombia
FNDA:32,(anonymous_6)
FNDA:128,(anonymous_7)
FNDA:4,esDiaActualColombia
FNDA:0,fechaGastoDesdeStringCliente
FNDA:16,fechaGuardadaMedianocheUtcPura
FNDA:0,formatoFechaGastoColombia
FNDA:21,fechaDiaCalendarioDesdeISO
DA:6,3
DA:7,29
DA:8,29
DA:9,29
DA:10,29
DA:11,29
DA:12,29
DA:13,29
DA:14,29
DA:18,3
DA:19,29
DA:20,29
DA:21,29
DA:22,29
DA:26,3
DA:27,6
DA:28,6
DA:29,6
DA:33,3
DA:34,0
DA:35,0
DA:36,0
DA:37,0
DA:46,3
DA:47,6
DA:52,3
DA:54,3
DA:57,8
DA:65,8
DA:66,128
DA:67,8
DA:76,3
DA:77,4
DA:78,4
DA:79,4
DA:80,4
DA:81,4
DA:82,4
DA:83,4
DA:90,3
DA:126,3
DA:127,0
DA:128,0
DA:129,0
DA:130,0
DA:132,0
DA:136,16
DA:147,3
DA:148,0
DA:149,0
DA:150,0
DA:151,0
DA:152,0
DA:153,0
DA:155,0
DA:159,3
DA:160,21
DA:161,17
DA:162,17
DA:163,17
DA:164,16
DA:165,5
DA:166,5
DA:167,5
DA:168,5
DA:170,11
LF:66
LH:50
BRDA:7,0,0,0
BRDA:7,0,1,29
BRDA:12,1,0,0
BRDA:12,1,1,29
BRDA:12,2,0,29
BRDA:12,2,1,29
BRDA:12,2,2,29
BRDA:13,3,0,0
BRDA:13,3,1,29
BRDA:13,4,0,29
BRDA:13,4,1,29
BRDA:13,4,2,29
BRDA:13,4,3,29
BRDA:20,5,0,0
BRDA:20,5,1,29
BRDA:28,6,0,0
BRDA:28,6,1,6
BRDA:34,7,0,0
BRDA:34,7,1,0
BRDA:36,8,0,0
BRDA:36,8,1,0
BRDA:66,9,0,32
BRDA:66,9,1,0
BRDA:66,10,0,32
BRDA:66,10,1,32
BRDA:66,11,0,0
BRDA:66,11,1,32
BRDA:66,12,0,32
BRDA:66,12,1,32
BRDA:78,13,0,0
BRDA:78,13,1,4
BRDA:81,14,0,0
BRDA:81,14,1,4
BRDA:82,15,0,0
BRDA:82,15,1,4
BRDA:127,16,0,0
BRDA:127,16,1,0
BRDA:127,17,0,0
BRDA:127,17,1,0
BRDA:127,18,0,0
BRDA:127,18,1,0
BRDA:129,19,0,0
BRDA:129,19,1,0
BRDA:130,20,0,0
BRDA:130,20,1,0
BRDA:130,21,0,0
BRDA:130,21,1,0
BRDA:137,22,0,16
BRDA:137,22,1,5
BRDA:137,22,2,5
BRDA:137,22,3,5
BRDA:148,23,0,0
BRDA:148,23,1,0
BRDA:151,24,0,0
BRDA:151,24,1,0
BRDA:152,25,0,0
BRDA:152,25,1,0
BRDA:160,26,0,4
BRDA:160,26,1,17
BRDA:163,27,0,1
BRDA:163,27,1,16
BRDA:164,28,0,5
BRDA:164,28,1,11
BRF:63
BRH:31
end_of_record
TN:
SF:src\lib\empresas-db.ts
FNF:0
FNH:0
DA:5,1
DA:6,1
DA:7,1
DA:8,1
DA:9,1
DA:10,1
DA:13,1
DA:16,1
DA:19,1
DA:22,1
DA:25,1
DA:28,1
DA:31,1
DA:34,1
DA:37,1
DA:40,1
DA:43,1
DA:46,1
DA:52,1
DA:55,1
DA:58,1
DA:64,1
DA:70,1
DA:72,1
DA:75,1
DA:78,1
DA:81,1
LF:27
LH:27
BRF:0
BRH:0
end_of_record
TN:
SF:src\lib\fcm-gasto-topic.ts
FN:7,topicGastosAdmin
FN:8,(anonymous_1)
FNF:2
FNH:2
FNDA:1,topicGastosAdmin
FNDA:2,(anonymous_1)
DA:7,1
DA:8,1
DA:9,2
DA:12,1
DA:13,1
DA:14,1
DA:15,1
LF:7
LH:7
BRDA:9,0,0,2
BRDA:9,0,1,0
BRDA:9,1,0,2
BRDA:9,1,1,2
BRDA:12,2,0,1
BRDA:12,2,1,0
BRDA:13,3,0,1
BRDA:13,3,1,0
BRDA:15,4,0,0
BRDA:15,4,1,1
BRF:10
BRH:6
end_of_record
TN:
SF:src\lib\fcm-token-registry.ts
FN:9,parseFcmTokens
FN:11,(anonymous_8)
FN:14,mergeFcmToken
FN:18,removeFcmToken
FN:19,(anonymous_11)
FN:27,registerAdminFcmToken
FN:64,unregisterAdminFcmToken
FNF:7
FNH:5
FNDA:3,parseFcmTokens
FNDA:5,(anonymous_8)
FNDA:3,mergeFcmToken
FNDA:2,removeFcmToken
FNDA:5,(anonymous_11)
FNDA:0,registerAdminFcmToken
FNDA:0,unregisterAdminFcmToken
DA:1,1
DA:4,1
DA:5,1
DA:7,1
DA:9,1
DA:10,3
DA:11,5
DA:14,1
DA:15,3
DA:18,1
DA:19,5
DA:27,1
DA:33,0
DA:34,0
DA:35,0
DA:36,0
DA:38,0
DA:46,0
DA:47,0
DA:48,0
DA:49,0
DA:50,0
DA:51,0
DA:58,0
DA:61,0
DA:64,1
DA:70,0
DA:71,0
DA:72,0
DA:73,0
DA:75,0
DA:76,0
DA:85,0
DA:86,0
DA:87,0
DA:88,0
DA:89,0
DA:90,0
DA:97,0
DA:100,0
LF:40
LH:13
BRDA:10,0,0,2
BRDA:10,0,1,1
BRDA:11,1,0,5
BRDA:11,1,1,3
BRDA:35,2,0,0
BRDA:35,2,1,0
BRDA:35,3,0,0
BRDA:35,3,1,0
BRDA:72,4,0,0
BRDA:72,4,1,0
BRDA:72,5,0,0
BRDA:72,5,1,0
BRDA:75,6,0,0
BRDA:75,6,1,0
BRF:14
BRH:4
end_of_record
TN:
SF:src\lib\fcm-topics.ts
FN:5,resolveAdminFcmTopic
FNF:1
FNH:1
FNDA:1,resolveAdminFcmTopic
DA:2,1
DA:5,1
DA:6,1
LF:3
LH:3
BRF:0
BRH:0
end_of_record
TN:
SF:src\lib\gastos-periodo-filter.ts
FN:42,esGastoDelDiaColombia
FN:51,filtrarGastosPorPeriodo
FN:57,(anonymous_2)
FN:59,(anonymous_3)
FN:62,ymdColombia
FN:66,fechaDesdeIso
FN:76,gastoOcurreEnRangoContable
FN:102,filtrarGastosPorRangoContable
FN:107,(anonymous_8)
FN:111,numeroPeriodoAdmin
FN:115,(anonymous_10)
FN:120,periodoAbiertoAdmin
FN:123,(anonymous_12)
FN:126,periodosCerradosAdmin
FN:129,(anonymous_14)
FN:133,resolverRangoFiltroContable
FN:153,(anonymous_16)
FN:167,filtrarGastosPorFiltroContable
FN:176,(anonymous_18)
FN:183,calcularTotalesGastosPorAlcance
FN:187,(anonymous_20)
FN:200,round2
FN:204,mensajeGastosVaciosContable
FNF:23
FNH:20
FNDA:18,esGastoDelDiaColombia
FNDA:2,filtrarGastosPorPeriodo
FNDA:3,(anonymous_2)
FNDA:3,(anonymous_3)
FNDA:6,ymdColombia
FNDA:13,fechaDesdeIso
FNDA:9,gastoOcurreEnRangoContable
FNDA:3,filtrarGastosPorRangoContable
FNDA:9,(anonymous_8)
FNDA:3,numeroPeriodoAdmin
FNDA:4,(anonymous_10)
FNDA:2,periodoAbiertoAdmin
FNDA:2,(anonymous_12)
FNDA:0,periodosCerradosAdmin
FNDA:0,(anonymous_14)
FNDA:3,resolverRangoFiltroContable
FNDA:2,(anonymous_16)
FNDA:6,filtrarGastosPorFiltroContable
FNDA:5,(anonymous_18)
FNDA:1,calcularTotalesGastosPorAlcance
FNDA:3,(anonymous_20)
FNDA:6,round2
FNDA:0,mensajeGastosVaciosContable
DA:2,2
DA:42,2
DA:46,18
DA:47,18
DA:51,2
DA:56,2
DA:57,3
DA:59,3
DA:63,6
DA:67,13
DA:68,13
DA:69,13
DA:76,2
DA:81,9
DA:82,9
DA:84,9
DA:85,9
DA:86,9
DA:88,9
DA:90,6
DA:91,6
DA:92,6
DA:93,6
DA:95,6
DA:96,0
DA:99,6
DA:102,2
DA:107,9
DA:111,2
DA:115,4
DA:116,3
DA:117,3
DA:120,2
DA:123,2
DA:126,2
DA:129,0
DA:133,2
DA:138,3
DA:140,3
DA:141,2
DA:142,2
DA:143,2
DA:144,2
DA:145,2
DA:153,2
DA:154,1
DA:155,1
DA:156,1
DA:157,1
DA:159,1
DA:167,2
DA:174,6
DA:175,5
DA:176,5
DA:178,3
DA:179,3
DA:180,3
DA:183,2
DA:186,1
DA:188,3
DA:189,3
DA:190,3
DA:191,2
DA:192,1
DA:193,3
DA:194,3
DA:201,6
DA:204,2
DA:209,0
DA:210,0
DA:211,0
DA:212,0
DA:213,0
DA:215,0
DA:216,0
DA:218,0
LF:76
LH:66
BRDA:44,0,0,0
BRDA:47,1,0,18
BRDA:47,1,1,13
BRDA:54,2,0,0
BRDA:56,3,0,1
BRDA:56,3,1,1
BRDA:67,4,0,0
BRDA:67,4,1,13
BRDA:69,5,0,13
BRDA:69,5,1,0
BRDA:82,6,0,0
BRDA:82,6,1,9
BRDA:88,7,0,3
BRDA:88,7,1,6
BRDA:88,8,0,9
BRDA:88,8,1,4
BRDA:93,9,0,0
BRDA:93,9,1,6
BRDA:93,10,0,6
BRDA:93,10,1,6
BRDA:95,11,0,0
BRDA:95,11,1,6
BRDA:96,12,0,0
BRDA:96,12,1,0
BRDA:116,13,0,0
BRDA:116,13,1,3
BRDA:123,14,0,2
BRDA:123,14,1,0
BRDA:123,15,0,2
BRDA:123,15,1,2
BRDA:136,16,0,0
BRDA:138,17,0,0
BRDA:138,17,1,3
BRDA:138,18,0,3
BRDA:138,18,1,3
BRDA:140,19,0,2
BRDA:140,19,1,1
BRDA:142,20,0,0
BRDA:142,20,1,2
BRDA:142,21,0,0
BRDA:142,21,1,2
BRDA:142,22,0,2
BRDA:142,22,1,2
BRDA:144,23,0,0
BRDA:144,23,1,2
BRDA:154,24,0,0
BRDA:154,24,1,1
BRDA:154,25,0,0
BRDA:154,25,1,1
BRDA:154,26,0,1
BRDA:154,26,1,1
BRDA:156,27,0,0
BRDA:156,27,1,1
BRDA:157,28,0,1
BRDA:157,28,1,0
BRDA:157,29,0,1
BRDA:157,29,1,0
BRDA:157,30,0,1
BRDA:157,30,1,1
BRDA:171,31,0,2
BRDA:172,32,0,4
BRDA:174,33,0,1
BRDA:174,33,1,5
BRDA:175,34,0,2
BRDA:175,34,1,3
BRDA:179,35,0,0
BRDA:179,35,1,3
BRDA:188,36,0,3
BRDA:188,36,1,0
BRDA:189,37,0,3
BRDA:189,37,1,0
BRDA:189,38,0,3
BRDA:189,38,1,3
BRDA:190,39,0,1
BRDA:190,39,1,2
BRDA:191,40,0,1
BRDA:191,40,1,1
BRDA:209,41,0,0
BRDA:209,41,1,0
BRDA:210,42,0,0
BRDA:210,42,1,0
BRDA:211,43,0,0
BRDA:211,43,1,0
BRDA:212,44,0,0
BRDA:212,44,1,0
BRDA:212,45,0,0
BRDA:212,45,1,0
BRDA:215,46,0,0
BRDA:215,46,1,0
BRF:89
BRH:53
end_of_record
TN:
SF:src\lib\prestamo-display.ts
FN:9,formatMonedaListado
FN:18,totalCreditoPrestamo
FN:32,fechaCreacionPrestamoIso
FN:37,esPrestamoCreadoHoy
FN:47,formatFechaCreacionPrestamo
FN:54,formatDebeSlashTotalCredito
FN:62,computeSaldoPorRecogerPorRuta
FNF:7
FNH:2
FNDA:0,formatMonedaListado
FNDA:0,totalCreditoPrestamo
FNDA:9,fechaCreacionPrestamoIso
FNDA:2,esPrestamoCreadoHoy
FNDA:0,formatFechaCreacionPrestamo
FNDA:0,formatDebeSlashTotalCredito
FNDA:0,computeSaldoPorRecogerPorRuta
DA:2,1
DA:10,0
DA:11,0
DA:12,0
DA:13,0
DA:14,0
DA:18,1
DA:19,0
DA:20,0
DA:21,0
DA:23,0
DA:24,0
DA:25,0
DA:26,0
DA:32,1
DA:33,9
DA:37,1
DA:41,2
DA:42,2
DA:43,2
DA:47,1
DA:48,0
DA:49,0
DA:50,0
DA:54,1
DA:58,0
DA:62,1
DA:66,0
DA:67,0
DA:68,0
DA:69,0
DA:70,0
DA:71,0
DA:72,0
DA:74,0
LF:35
LH:11
BRDA:10,0,0,0
BRDA:10,0,1,0
BRDA:10,1,0,0
BRDA:10,1,1,0
BRDA:11,2,0,0
BRDA:14,3,0,0
BRDA:14,3,1,0
BRDA:20,4,0,0
BRDA:20,4,1,0
BRDA:20,5,0,0
BRDA:20,5,1,0
BRDA:23,6,0,0
BRDA:23,6,1,0
BRDA:24,7,0,0
BRDA:24,7,1,0
BRDA:25,8,0,0
BRDA:25,8,1,0
BRDA:33,9,0,9
BRDA:33,9,1,0
BRDA:33,10,0,9
BRDA:33,10,1,9
BRDA:33,11,0,5
BRDA:33,11,1,4
BRDA:33,12,0,9
BRDA:33,12,1,9
BRDA:39,13,0,0
BRDA:43,14,0,2
BRDA:43,14,1,2
BRDA:49,15,0,0
BRDA:49,15,1,0
BRDA:68,16,0,0
BRDA:68,16,1,0
BRDA:69,17,0,0
BRDA:69,17,1,0
BRDA:69,18,0,0
BRDA:69,18,1,0
BRDA:69,19,0,0
BRDA:69,19,1,0
BRDA:70,20,0,0
BRDA:70,20,1,0
BRDA:71,21,0,0
BRDA:71,21,1,0
BRDA:71,22,0,0
BRDA:71,22,1,0
BRDA:72,23,0,0
BRDA:72,23,1,0
BRDA:72,24,0,0
BRDA:72,24,1,0
BRF:48
BRH:9
end_of_record
TN:
SF:src\lib\prestamo-estado.ts
FN:6,normalizeEstadoPrestamo
FNF:1
FNH:1
FNDA:4,normalizeEstadoPrestamo
DA:3,1
DA:6,1
DA:7,4
DA:8,3
LF:4
LH:4
BRDA:7,0,0,1
BRDA:7,0,1,3
BRF:2
BRH:2
end_of_record
TN:
SF:src\lib\prestamo-periodo-filter.ts
FN:27,(anonymous_0)
FN:27,(anonymous_1)
FN:27,(anonymous_2)
FN:29,fechaPrestamoParaFiltroPeriodo
FN:35,prestamoOcurreEnFiltroContable
FN:50,filtrarPrestamosPorFiltroContable
FN:58,(anonymous_6)
FN:66,mensajePrestamosVaciosContable
FNF:8
FNH:5
FNDA:0,(anonymous_0)
FNDA:0,(anonymous_1)
FNDA:0,(anonymous_2)
FNDA:7,fechaPrestamoParaFiltroPeriodo
FNDA:1,prestamoOcurreEnFiltroContable
FNDA:2,filtrarPrestamosPorFiltroContable
FNDA:6,(anonymous_6)
FNDA:1,mensajePrestamosVaciosContable
DA:7,1
DA:16,1
DA:27,1
DA:29,1
DA:32,7
DA:35,1
DA:42,1
DA:43,1
DA:44,0
DA:45,0
DA:46,0
DA:47,0
DA:50,1
DA:57,2
DA:58,6
DA:66,1
DA:73,1
DA:74,1
DA:75,1
DA:76,0
DA:77,0
DA:79,0
DA:80,0
DA:81,0
DA:83,0
DA:84,0
DA:85,0
DA:86,0
LF:28
LH:15
BRDA:39,0,0,1
BRDA:43,1,0,1
BRDA:43,1,1,0
BRDA:44,2,0,0
BRDA:44,2,1,0
BRDA:46,3,0,0
BRDA:46,3,1,0
BRDA:54,4,0,0
BRDA:73,5,0,0
BRDA:73,5,1,1
BRDA:74,6,0,0
BRDA:74,6,1,1
BRDA:75,7,0,1
BRDA:75,7,1,0
BRDA:76,8,0,0
BRDA:76,8,1,0
BRDA:76,9,0,0
BRDA:76,9,1,0
BRDA:79,10,0,0
BRDA:79,10,1,0
BRDA:80,11,0,0
BRDA:80,11,1,0
BRDA:83,12,0,0
BRDA:83,12,1,0
BRDA:84,13,0,0
BRDA:84,13,1,0
BRDA:85,14,0,0
BRDA:85,14,1,0
BRF:28
BRH:5
end_of_record
TN:
SF:src\lib\ruta-dia-prioridad.ts
FN:9,calcularDiasVencidos
FN:17,calcularPrioridadCobro
FN:32,tieneAlertaAlta
FN:36,tieneAlertaNoPagoInformativa
FNF:4
FNH:4
FNDA:3,calcularDiasVencidos
FNDA:6,calcularPrioridadCobro
FNDA:2,tieneAlertaAlta
FNDA:2,tieneAlertaNoPagoInformativa
DA:7,1
DA:9,1
DA:10,3
DA:11,2
DA:12,2
DA:13,2
DA:14,2
DA:17,1
DA:21,6
DA:22,4
DA:23,2
DA:24,2
DA:25,2
DA:26,2
DA:27,2
DA:28,0
DA:29,0
DA:32,1
DA:33,2
DA:36,1
DA:37,2
LF:21
LH:19
BRDA:10,0,0,1
BRDA:10,0,1,2
BRDA:14,1,0,1
BRDA:14,1,1,1
BRDA:21,2,0,2
BRDA:21,2,1,4
BRDA:22,3,0,2
BRDA:22,3,1,2
BRDA:22,4,0,4
BRDA:22,4,1,2
BRDA:23,5,0,0
BRDA:23,5,1,2
BRDA:27,6,0,2
BRDA:27,6,1,0
BRDA:28,7,0,0
BRDA:28,7,1,0
BRDA:37,8,0,2
BRDA:37,8,1,2
BRF:18
BRH:14
end_of_record
TN:
SF:src\lib\ruta-financiera-compute.ts
FN:7,round2
FN:15,splitMontoPagoEnCapitalYGanancia
FN:40,computeRutaCamposTrasCobroPrestamo
FN:96,computeRutaCamposTrasCobroPrestamoCobroEnEmpleado
FN:149,computeRutaCamposTrasPerdidaPrestamo
FN:204,computeSaldosTrasDesembolsoPrestamoDesdeCajaEmpleado
FNF:6
FNH:6
FNDA:139,round2
FNDA:17,splitMontoPagoEnCapitalYGanancia
FNDA:6,computeRutaCamposTrasCobroPrestamo
FNDA:6,computeRutaCamposTrasCobroPrestamoCobroEnEmpleado
FNDA:7,computeRutaCamposTrasPerdidaPrestamo
FNDA:3,computeSaldosTrasDesembolsoPrestamoDesdeCajaEmpleado
DA:5,1
DA:7,1
DA:8,139
DA:15,1
DA:20,17
DA:21,15
DA:22,0
DA:24,15
DA:25,15
DA:26,15
DA:27,15
DA:40,1
DA:46,6
DA:48,6
DA:49,6
DA:50,6
DA:51,6
DA:54,6
DA:56,6
DA:57,6
DA:58,6
DA:60,6
DA:61,6
DA:62,6
DA:63,6
DA:70,6
DA:71,0
DA:74,6
DA:96,1
DA:102,6
DA:104,6
DA:105,6
DA:106,6
DA:107,6
DA:110,6
DA:112,6
DA:113,6
DA:114,6
DA:116,6
DA:117,6
DA:118,6
DA:119,6
DA:126,6
DA:127,1
DA:130,5
DA:149,1
DA:155,7
DA:156,1
DA:158,6
DA:160,6
DA:161,6
DA:162,6
DA:164,6
DA:173,6
DA:174,6
DA:175,6
DA:176,6
DA:178,6
DA:179,6
DA:180,1
DA:182,5
DA:183,0
DA:186,5
DA:204,1
DA:212,3
DA:214,3
DA:215,2
DA:217,1
DA:224,1
DA:225,1
DA:226,1
DA:227,1
DA:234,1
DA:235,0
DA:238,1
LF:75
LH:71
BRDA:20,0,0,2
BRDA:20,0,1,15
BRDA:21,1,0,0
BRDA:21,1,1,15
BRDA:46,2,0,5
BRDA:46,2,1,1
BRDA:48,3,0,5
BRDA:48,3,1,1
BRDA:49,4,0,5
BRDA:49,4,1,1
BRDA:50,5,0,5
BRDA:50,5,1,1
BRDA:51,6,0,5
BRDA:51,6,1,1
BRDA:70,7,0,0
BRDA:70,7,1,6
BRDA:70,8,0,6
BRDA:70,8,1,6
BRDA:102,9,0,5
BRDA:102,9,1,1
BRDA:104,10,0,5
BRDA:104,10,1,1
BRDA:105,11,0,5
BRDA:105,11,1,1
BRDA:106,12,0,5
BRDA:106,12,1,1
BRDA:107,13,0,5
BRDA:107,13,1,1
BRDA:126,14,0,1
BRDA:126,14,1,5
BRDA:126,15,0,6
BRDA:126,15,1,5
BRDA:126,15,2,5
BRDA:155,16,0,1
BRDA:155,16,1,6
BRDA:158,17,0,6
BRDA:158,17,1,0
BRDA:160,18,0,6
BRDA:160,18,1,0
BRDA:161,19,0,6
BRDA:161,19,1,0
BRDA:162,20,0,6
BRDA:162,20,1,0
BRDA:164,21,0,6
BRDA:164,21,1,0
BRDA:179,22,0,1
BRDA:179,22,1,5
BRDA:182,23,0,0
BRDA:182,23,1,5
BRDA:212,24,0,3
BRDA:214,25,0,1
BRDA:214,25,1,2
BRDA:215,26,0,1
BRDA:215,26,1,1
BRDA:234,27,0,0
BRDA:234,27,1,1
BRF:56
BRH:47
end_of_record
TN:
SF:src\lib\tu-caja-del-dia.ts
FN:6,tuCajaDelDiaFormula
FN:24,tuCajaEfectivoFormula
FN:42,tuCajaDelDiaDesdeTotales
FNF:3
FNH:3
FNDA:7,tuCajaDelDiaFormula
FNDA:5,tuCajaEfectivoFormula
FNDA:3,tuCajaDelDiaDesdeTotales
DA:6,1
DA:12,7
DA:24,1
DA:30,5
DA:42,1
DA:51,3
LF:6
LH:6
BRDA:10,0,0,0
BRDA:28,1,0,0
BRDA:55,2,0,3
BRDA:55,2,1,0
BRF:4
BRH:1
end_of_record
