TN:
SF:src\content\help\admin\general.ts
FNF:0
FNH:0
DA:3,1
LF:1
LH:1
BRF:0
BRH:0
end_of_record
TN:
SF:src\content\help\admin\pages.ts
FNF:0
FNH:0
DA:20,1
LF:1
LH:1
BRF:0
BRH:0
end_of_record
TN:
SF:src\content\help\admin\resolve.ts
FN:44,(anonymous_0)
FN:26,resolveAdminHelpPageKey
FN:36,getAdminHelpPage
FN:40,getAdminHelpForPathname
FNF:4
FNH:1
FNDA:0,(anonymous_0)
FNDA:8,resolveAdminHelpPageKey
FNDA:0,getAdminHelpPage
FNDA:0,getAdminHelpForPathname
DA:1,1
DA:2,1
DA:5,1
DA:8,1
DA:26,1
DA:27,8
DA:28,8
DA:30,7
DA:31,43
DA:33,0
DA:36,1
DA:37,0
DA:40,1
DA:41,0
DA:44,1
LF:15
LH:12
BRDA:27,0,0,8
BRDA:27,0,1,0
BRDA:27,1,0,8
BRDA:27,1,1,8
BRDA:28,2,0,1
BRDA:28,2,1,7
BRDA:31,3,0,7
BRDA:31,3,1,36
BRDA:31,4,0,43
BRDA:31,4,1,37
BRF:10
BRH:9
end_of_record
TN:
SF:src\lib\admin-notificaciones-operativas.ts
FN:27,formatMontoCOP
FN:32,truncateBody
FN:37,tsFromFirestore
FN:53,fechaIsoDesdeFirestore
FN:60,esGastoOperativoHoy
FN:72,atGastoParaCampanita
FN:86,(anonymous_6)
FN:119,mapGastoEmpleadoNotif
FN:143,mapClienteEmpleadoNotif
FN:161,mapPrestamoEmpleadoNotif
FN:184,mapSolicitudPrestamoNotif
FN:207,mapPagoEmpleadoNotif
FN:266,mergeAdminOperativoNotifs
FN:275,(anonymous_13)
FNF:14
FNH:12
FNDA:6,formatMontoCOP
FNDA:3,truncateBody
FNDA:9,tsFromFirestore
FNDA:1,fechaIsoDesdeFirestore
FNDA:3,esGastoOperativoHoy
FNDA:3,atGastoParaCampanita
FNDA:1,(anonymous_6)
FNDA:3,mapGastoEmpleadoNotif
FNDA:0,mapClienteEmpleadoNotif
FNDA:2,mapPrestamoEmpleadoNotif
FNDA:1,mapSolicitudPrestamoNotif
FNDA:0,mapPagoEmpleadoNotif
FNDA:1,mergeAdminOperativoNotifs
FNDA:2,(anonymous_13)
DA:7,1
DA:14,1
DA:28,6
DA:29,6
DA:33,3
DA:34,3
DA:38,9
DA:39,7
DA:40,7
DA:42,2
DA:43,0
DA:44,0
DA:46,2
DA:47,2
DA:48,2
DA:50,0
DA:54,1
DA:55,1
DA:56,1
DA:61,3
DA:62,2
DA:64,1
DA:65,1
DA:76,3
DA:77,2
DA:79,1
DA:80,1
DA:81,1
DA:82,1
DA:85,1
DA:87,1
DA:88,1
DA:96,1
DA:98,1
DA:99,1
DA:100,8
DA:102,1
DA:105,1
DA:112,1
DA:119,1
DA:123,3
DA:124,3
DA:126,3
DA:128,3
DA:130,3
DA:133,3
DA:134,3
DA:143,1
DA:148,0
DA:149,0
DA:151,0
DA:152,0
DA:161,1
DA:166,2
DA:167,2
DA:169,2
DA:171,2
DA:172,2
DA:184,1
DA:189,1
DA:191,1
DA:193,1
DA:194,1
DA:207,1
DA:211,0
DA:212,0
DA:215,0
DA:217,0
DA:219,0
DA:220,0
DA:222,0
DA:223,0
DA:235,0
DA:237,0
DA:238,0
DA:247,0
DA:248,0
DA:250,0
DA:251,0
DA:263,0
DA:266,1
DA:269,1
DA:270,1
DA:271,2
DA:272,3
DA:275,2
LF:86
LH:63
BRDA:34,0,0,3
BRDA:34,0,1,0
BRDA:38,1,0,7
BRDA:38,1,1,2
BRDA:38,2,0,9
BRDA:38,2,1,9
BRDA:38,2,2,7
BRDA:40,3,0,7
BRDA:40,3,1,0
BRDA:42,4,0,0
BRDA:42,4,1,2
BRDA:44,5,0,0
BRDA:44,5,1,0
BRDA:46,6,0,2
BRDA:46,6,1,0
BRDA:46,7,0,2
BRDA:46,7,1,0
BRDA:48,8,0,2
BRDA:48,8,1,0
BRDA:55,9,0,0
BRDA:55,9,1,1
BRDA:61,10,0,2
BRDA:61,10,1,1
BRDA:65,11,0,1
BRDA:65,11,1,1
BRDA:76,12,0,2
BRDA:76,12,1,1
BRDA:81,13,0,0
BRDA:81,13,1,1
BRDA:81,14,0,1
BRDA:81,14,1,1
BRDA:82,15,0,0
BRDA:82,15,1,1
BRDA:85,16,0,1
BRDA:85,16,1,1
BRDA:89,17,0,1
BRDA:89,17,1,1
BRDA:89,17,2,1
BRDA:89,17,3,1
BRDA:96,18,0,0
BRDA:96,18,1,1
BRDA:123,19,0,0
BRDA:123,19,1,3
BRDA:126,20,0,3
BRDA:126,20,1,3
BRDA:126,20,2,0
BRDA:128,21,0,3
BRDA:128,21,1,0
BRDA:130,22,0,3
BRDA:130,22,1,3
BRDA:130,22,2,0
BRDA:133,23,0,0
BRDA:133,23,1,3
BRDA:149,24,0,0
BRDA:149,24,1,0
BRDA:151,25,0,0
BRDA:151,25,1,0
BRDA:151,25,2,0
BRDA:167,26,0,0
BRDA:167,26,1,2
BRDA:169,27,0,2
BRDA:169,27,1,2
BRDA:169,27,2,0
BRDA:171,28,0,2
BRDA:171,28,1,0
BRDA:191,29,0,1
BRDA:191,29,1,1
BRDA:191,29,2,0
BRDA:193,30,0,1
BRDA:193,30,1,0
BRDA:212,31,0,0
BRDA:212,31,1,0
BRDA:215,32,0,0
BRDA:215,32,1,0
BRDA:215,32,2,0
BRDA:217,33,0,0
BRDA:217,33,1,0
BRDA:219,34,0,0
BRDA:219,34,1,0
BRDA:220,35,0,0
BRDA:220,35,1,0
BRDA:222,36,0,0
BRDA:222,36,1,0
BRDA:235,37,0,0
BRDA:235,37,1,0
BRDA:237,38,0,0
BRDA:237,38,1,0
BRDA:237,39,0,0
BRDA:237,39,1,0
BRDA:237,40,0,0
BRDA:237,40,1,0
BRDA:237,41,0,0
BRDA:237,41,1,0
BRDA:247,42,0,0
BRDA:247,42,1,0
BRDA:248,43,0,0
BRDA:248,43,1,0
BRDA:250,44,0,0
BRDA:250,44,1,0
BRDA:250,45,0,0
BRDA:250,45,1,0
BRDA:250,46,0,0
BRDA:250,46,1,0
BRDA:250,47,0,0
BRDA:250,47,1,0
BRF:105
BRH:43
end_of_record
TN:
SF:src\lib\anular-pago-prestamo.ts
FN:66,validarElegibilidadAnulacion
FN:95,validarCoherenciaPrestamoConPago
FN:109,determinarModoReversion
FN:129,calcularReversion
FN:203,mensajeElegibilidad
FN:222,inferirAcreditaCajaRuta
FNF:6
FNH:4
FNDA:6,validarElegibilidadAnulacion
FNDA:2,validarCoherenciaPrestamoConPago
FNDA:3,determinarModoReversion
FNDA:7,calcularReversion
FNDA:0,mensajeElegibilidad
FNDA:0,inferirAcreditaCajaRuta
DA:1,1
DA:2,1
DA:66,1
DA:72,6
DA:74,6
DA:75,1
DA:77,5
DA:78,1
DA:80,4
DA:81,1
DA:83,3
DA:84,1
DA:86,2
DA:87,1
DA:89,1
DA:95,1
DA:100,2
DA:101,2
DA:102,2
DA:103,2
DA:104,1
DA:106,1
DA:109,1
DA:110,3
DA:116,1
DA:119,2
DA:123,1
DA:126,1
DA:129,1
DA:136,7
DA:142,7
DA:143,6
DA:144,6
DA:145,6
DA:147,1
DA:148,1
DA:149,1
DA:153,7
DA:155,7
DA:156,7
DA:157,7
DA:158,7
DA:160,7
DA:161,1
DA:162,1
DA:163,1
DA:165,6
DA:166,6
DA:167,6
DA:170,7
DA:171,7
DA:172,7
DA:173,7
DA:175,7
DA:182,7
DA:183,7
DA:184,4
DA:185,4
DA:188,7
DA:203,1
DA:204,0
DA:206,0
DA:208,0
DA:210,0
DA:212,0
DA:214,0
DA:216,0
DA:218,0
DA:222,1
DA:223,0
DA:224,0
DA:225,0
DA:226,0
LF:73
LH:61
BRDA:74,0,0,1
BRDA:74,0,1,5
BRDA:74,1,0,6
BRDA:74,1,1,1
BRDA:77,2,0,1
BRDA:77,2,1,4
BRDA:80,3,0,1
BRDA:80,3,1,3
BRDA:83,4,0,1
BRDA:83,4,1,2
BRDA:86,5,0,1
BRDA:86,5,1,1
BRDA:100,6,0,0
BRDA:100,6,1,2
BRDA:101,7,0,0
BRDA:101,7,1,2
BRDA:103,8,0,1
BRDA:103,8,1,1
BRDA:110,9,0,1
BRDA:110,9,1,2
BRDA:111,10,0,3
BRDA:111,10,1,1
BRDA:111,10,2,1
BRDA:111,10,3,1
BRDA:119,11,0,1
BRDA:119,11,1,1
BRDA:120,12,0,2
BRDA:120,12,1,1
BRDA:142,13,0,6
BRDA:142,13,1,1
BRDA:153,14,0,7
BRDA:153,14,1,2
BRDA:160,15,0,1
BRDA:160,15,1,6
BRDA:170,16,0,0
BRDA:170,16,1,7
BRDA:171,17,0,0
BRDA:171,17,1,7
BRDA:172,18,0,0
BRDA:172,18,1,7
BRDA:173,19,0,0
BRDA:173,19,1,7
BRDA:183,20,0,4
BRDA:183,20,1,3
BRDA:183,21,0,7
BRDA:183,21,1,6
BRDA:185,22,0,0
BRDA:185,22,1,4
BRDA:204,23,0,0
BRDA:204,23,1,0
BRDA:204,23,2,0
BRDA:204,23,3,0
BRDA:204,23,4,0
BRDA:204,23,5,0
BRDA:204,23,6,0
BRDA:223,24,0,0
BRDA:223,24,1,0
BRDA:224,25,0,0
BRDA:224,25,1,0
BRDA:225,26,0,0
BRDA:225,26,1,0
BRDA:226,27,0,0
BRDA:226,27,1,0
BRF:63
BRH:41
end_of_record
TN:
SF:src\lib\capital-formulas.ts
FN:6,roundMoney
FN:15,computeCapitalTotalRutaDesdeSaldos
FN:28,computeCapitalEmpresa
FN:41,computeCapitalAdmin
FN:53,computeCapitalRutaParaSumaAdmin
FN:68,computeCapitalRutaFromRutaFields
FNF:6
FNH:6
FNDA:36,roundMoney
FNDA:34,computeCapitalTotalRutaDesdeSaldos
FNDA:3,computeCapitalEmpresa
FNDA:2,computeCapitalAdmin
FNDA:2,computeCapitalRutaParaSumaAdmin
FNDA:2,computeCapitalRutaFromRutaFields
DA:7,36
DA:15,3
DA:21,34
DA:28,3
DA:32,3
DA:41,3
DA:45,2
DA:46,2
DA:53,3
DA:59,2
DA:60,1
DA:68,3
DA:76,2
LF:13
LH:13
BRDA:59,0,0,1
BRDA:59,0,1,1
BRF:2
BRH:2
end_of_record
TN:
SF:src\lib\capital-ruta-snapshot.ts
FN:28,branchRef
FN:37,ensureCapitalBranchDoc
FN:47,buildSnapshotFromRutaData
FN:81,upsertCapitalRutaSnapshot
FN:96,syncAllCapitalRutaSnapshots
FNF:5
FNH:0
FNDA:0,branchRef
FNDA:0,ensureCapitalBranchDoc
FNDA:0,buildSnapshotFromRutaData
FNDA:0,upsertCapitalRutaSnapshot
FNDA:0,syncAllCapitalRutaSnapshots
DA:6,1
DA:13,1
DA:29,0
DA:37,1
DA:41,0
DA:47,1
DA:51,0
DA:53,0
DA:54,0
DA:55,0
DA:56,0
DA:58,0
DA:59,0
DA:67,0
DA:81,1
DA:87,0
DA:88,0
DA:89,0
DA:96,1
DA:103,0
DA:109,0
DA:110,0
DA:111,0
DA:112,0
DA:113,0
DA:114,0
DA:117,0
DA:119,0
LF:28
LH:6
BRDA:51,0,0,0
BRDA:51,0,1,0
BRDA:53,1,0,0
BRDA:53,1,1,0
BRDA:54,2,0,0
BRDA:54,2,1,0
BRDA:55,3,0,0
BRDA:55,3,1,0
BRDA:56,4,0,0
BRDA:56,4,1,0
BRDA:58,5,0,0
BRDA:58,5,1,0
BRDA:69,6,0,0
BRDA:69,6,1,0
BRDA:70,7,0,0
BRDA:70,7,1,0
BRDA:103,8,0,0
BRDA:103,8,1,0
BRDA:103,9,0,0
BRDA:103,9,1,0
BRDA:109,10,0,0
BRDA:109,10,1,0
BRF:22
BRH:0
end_of_record
TN:
SF:src\lib\colombia-day-bounds.ts
FN:6,parseFechaDiaColombia
FN:18,inicioDiaColombiaUtc
FN:26,finDiaColombiaUtc
FN:33,formatFechaDia
FN:46,fechaDiaColombiaHoy
FN:56,ymdYHoraColombia
FN:65,(anonymous_6)
FN:66,(anonymous_7)
FN:76,esDiaActualColombia
FN:126,fechaGastoDesdeStringCliente
FN:135,fechaGuardadaMedianocheUtcPura
FN:147,formatoFechaGastoColombia
FN:159,fechaDiaCalendarioDesdeISO
FNF:13
FNH:10
FNDA:29,parseFechaDiaColombia
FNDA:29,inicioDiaColombiaUtc
FNDA:6,finDiaColombiaUtc
FNDA:0,formatFechaDia
FNDA:9,fechaDiaColombiaHoy
FNDA:8,ymdYHoraColombia
FNDA:32,(anonymous_6)
FNDA:128,(anonymous_7)
FNDA:4,esDiaActualColombia
FNDA:0,fechaGastoDesdeStringCliente
FNDA:16,fechaGuardadaMedianocheUtcPura
FNDA:0,formatoFechaGastoColombia
FNDA:21,fechaDiaCalendarioDesdeISO
DA:6,4
DA:7,29
DA:8,29
DA:9,29
DA:10,29
DA:11,29
DA:12,29
DA:13,29
DA:14,29
DA:18,4
DA:19,29
DA:20,29
DA:21,29
DA:22,29
DA:26,4
DA:27,6
DA:28,6
DA:29,6
DA:33,4
DA:34,0
DA:35,0
DA:36,0
DA:37,0
DA:46,4
DA:47,9
DA:52,4
DA:54,4
DA:57,8
DA:65,8
DA:66,128
DA:67,8
DA:76,4
DA:77,4
DA:78,4
DA:79,4
DA:80,4
DA:81,4
DA:82,4
DA:83,4
DA:90,4
DA:126,4
DA:127,0
DA:128,0
DA:129,0
DA:130,0
DA:132,0
DA:136,16
DA:147,4
DA:148,0
DA:149,0
DA:150,0
DA:151,0
DA:152,0
DA:153,0
DA:155,0
DA:159,4
DA:160,21
DA:161,17
DA:162,17
DA:163,17
DA:164,16
DA:165,5
DA:166,5
DA:167,5
DA:168,5
DA:170,11
LF:66
LH:50
BRDA:7,0,0,0
BRDA:7,0,1,29
BRDA:12,1,0,0
BRDA:12,1,1,29
BRDA:12,2,0,29
BRDA:12,2,1,29
BRDA:12,2,2,29
BRDA:13,3,0,0
BRDA:13,3,1,29
BRDA:13,4,0,29
BRDA:13,4,1,29
BRDA:13,4,2,29
BRDA:13,4,3,29
BRDA:20,5,0,0
BRDA:20,5,1,29
BRDA:28,6,0,0
BRDA:28,6,1,6
BRDA:34,7,0,0
BRDA:34,7,1,0
BRDA:36,8,0,0
BRDA:36,8,1,0
BRDA:66,9,0,32
BRDA:66,9,1,0
BRDA:66,10,0,32
BRDA:66,10,1,32
BRDA:66,11,0,0
BRDA:66,11,1,32
BRDA:66,12,0,32
BRDA:66,12,1,32
BRDA:78,13,0,0
BRDA:78,13,1,4
BRDA:81,14,0,0
BRDA:81,14,1,4
BRDA:82,15,0,0
BRDA:82,15,1,4
BRDA:127,16,0,0
BRDA:127,16,1,0
BRDA:127,17,0,0
BRDA:127,17,1,0
BRDA:127,18,0,0
BRDA:127,18,1,0
BRDA:129,19,0,0
BRDA:129,19,1,0
BRDA:130,20,0,0
BRDA:130,20,1,0
BRDA:130,21,0,0
BRDA:130,21,1,0
BRDA:137,22,0,16
BRDA:137,22,1,5
BRDA:137,22,2,5
BRDA:137,22,3,5
BRDA:148,23,0,0
BRDA:148,23,1,0
BRDA:151,24,0,0
BRDA:151,24,1,0
BRDA:152,25,0,0
BRDA:152,25,1,0
BRDA:160,26,0,4
BRDA:160,26,1,17
BRDA:163,27,0,1
BRDA:163,27,1,16
BRDA:164,28,0,5
BRDA:164,28,1,11
BRF:63
BRH:31
end_of_record
TN:
SF:src\lib\empresa-api.ts
FN:59,formatClienteCodigoCorto
FN:70,formatClienteCodigoRutaYNumero
FN:81,clienteNumFromCodigo
FN:153,fetchWithAuth
FN:154,(anonymous_11)
FN:169,parseJsonResponse
FN:183,listRutas
FN:212,getRutaDelDia
FN:220,asignarBaseEmpleadoDesdeRuta
FN:261,solicitarEntregaReporteDia
FN:288,getMiSolicitudEntregaReporte
FN:313,getSolicitudesEntregaReportePendientes
FN:322,aprobarSolicitudEntregaReporte
FN:340,rechazarSolicitudEntregaReporte
FN:353,(anonymous_30)
FN:395,solicitarPrestamoEmpleado
FN:425,evaluarAprobacionPrestamoEmpleado
FN:452,getMiSolicitudPrestamoPendiente
FN:461,getSolicitudesPrestamoPendientes
FN:470,aprobarSolicitudPrestamo
FN:484,rechazarSolicitudPrestamo
FN:497,(anonymous_43)
FN:587,getPreviewEntregaReporteAdmin
FN:609,(anonymous_46)
FN:620,(anonymous_47)
FN:633,(anonymous_48)
FN:684,getReporteDiaPdfUrl
FN:701,regenerarReporteDiaPdf
FN:714,getCobrosDelDiaEmpleado
FN:724,(anonymous_55)
FN:749,(anonymous_56)
FN:758,(anonymous_57)
FN:779,(anonymous_58)
FN:791,(anonymous_59)
FN:847,getReportesDia
FN:858,(anonymous_62)
FN:881,createRuta
FN:894,listClientes
FN:909,createCliente
FN:930,updateCliente
FN:949,listPrestamos
FN:957,syncMorosoPrestamos
FN:966,esPrestamoDeClienteMoroso
FN:974,esPrestamoMorosoPendiente
FN:984,checkCobroIdempotency
FN:1012,listPagos
FN:1020,registrarPago
FN:1048,registrarNoPago
FN:1073,registrarPerdida
FN:1104,createPrestamo
FN:1126,listGastos
FN:1134,getCajaAdmin
FN:1142,invertirEnCajaRuta
FN:1169,listInversionesCajaRuta
FN:1177,invertirEnCajaAdmin
FN:1204,listInversionesCajaAdmin
FN:1239,getResumenEconomico
FN:1243,(anonymous_103)
FN:1255,createGasto
FN:1278,setEmpleadoEnabled
FN:1292,setClienteMoroso
FN:1355,listPeriodosAdmin
FN:1362,getPeriodoAdmin
FN:1369,abrirPeriodoAdmin
FN:1382,cerrarPeriodoAdmin
FN:1403,downloadPeriodoAdminPdf
FN:1411,(anonymous_120)
FNF:67
FNH:3
FNDA:0,formatClienteCodigoCorto
FNDA:1,formatClienteCodigoRutaYNumero
FNDA:0,clienteNumFromCodigo
FNDA:0,fetchWithAuth
FNDA:0,(anonymous_11)
FNDA:0,parseJsonResponse
FNDA:0,listRutas
FNDA:0,getRutaDelDia
FNDA:0,asignarBaseEmpleadoDesdeRuta
FNDA:0,solicitarEntregaReporteDia
FNDA:0,getMiSolicitudEntregaReporte
FNDA:0,getSolicitudesEntregaReportePendientes
FNDA:0,aprobarSolicitudEntregaReporte
FNDA:0,rechazarSolicitudEntregaReporte
FNDA:0,(anonymous_30)
FNDA:0,solicitarPrestamoEmpleado
FNDA:0,evaluarAprobacionPrestamoEmpleado
FNDA:0,getMiSolicitudPrestamoPendiente
FNDA:0,getSolicitudesPrestamoPendientes
FNDA:0,aprobarSolicitudPrestamo
FNDA:0,rechazarSolicitudPrestamo
FNDA:0,(anonymous_43)
FNDA:0,getPreviewEntregaReporteAdmin
FNDA:0,(anonymous_46)
FNDA:0,(anonymous_47)
FNDA:0,(anonymous_48)
FNDA:0,getReporteDiaPdfUrl
FNDA:0,regenerarReporteDiaPdf
FNDA:0,getCobrosDelDiaEmpleado
FNDA:0,(anonymous_55)
FNDA:0,(anonymous_56)
FNDA:0,(anonymous_57)
FNDA:0,(anonymous_58)
FNDA:0,(anonymous_59)
FNDA:0,getReportesDia
FNDA:0,(anonymous_62)
FNDA:0,createRuta
FNDA:0,listClientes
FNDA:0,createCliente
FNDA:0,updateCliente
FNDA:0,listPrestamos
FNDA:0,syncMorosoPrestamos
FNDA:2,esPrestamoDeClienteMoroso
FNDA:2,esPrestamoMorosoPendiente
FNDA:0,checkCobroIdempotency
FNDA:0,listPagos
FNDA:0,registrarPago
FNDA:0,registrarNoPago
FNDA:0,registrarPerdida
FNDA:0,createPrestamo
FNDA:0,listGastos
FNDA:0,getCajaAdmin
FNDA:0,invertirEnCajaRuta
FNDA:0,listInversionesCajaRuta
FNDA:0,invertirEnCajaAdmin
FNDA:0,listInversionesCajaAdmin
FNDA:0,getResumenEconomico
FNDA:0,(anonymous_103)
FNDA:0,createGasto
FNDA:0,setEmpleadoEnabled
FNDA:0,setClienteMoroso
FNDA:0,listPeriodosAdmin
FNDA:0,getPeriodoAdmin
FNDA:0,abrirPeriodoAdmin
FNDA:0,cerrarPeriodoAdmin
FNDA:0,downloadPeriodoAdminPdf
FNDA:0,(anonymous_120)
DA:6,1
DA:59,1
DA:60,0
DA:61,0
DA:62,0
DA:63,0
DA:70,1
DA:71,1
DA:72,1
DA:73,1
DA:74,0
DA:81,1
DA:82,0
DA:83,0
DA:84,0
DA:154,0
DA:158,0
DA:170,0
DA:171,0
DA:172,0
DA:174,0
DA:175,0
DA:183,1
DA:187,0
DA:188,0
DA:189,0
DA:190,0
DA:191,0
DA:192,0
DA:193,0
DA:194,0
DA:212,1
DA:213,0
DA:214,0
DA:215,0
DA:216,0
DA:220,1
DA:225,0
DA:236,0
DA:237,0
DA:238,0
DA:261,1
DA:270,0
DA:271,0
DA:272,0
DA:274,0
DA:278,0
DA:279,0
DA:280,0
DA:288,1
DA:292,0
DA:293,0
DA:294,0
DA:295,0
DA:313,1
DA:316,0
DA:317,0
DA:318,0
DA:319,0
DA:322,1
DA:326,0
DA:331,0
DA:332,0
DA:333,0
DA:340,1
DA:345,0
DA:353,0
DA:354,0
DA:395,1
DA:406,0
DA:410,0
DA:411,0
DA:412,0
DA:425,1
DA:430,0
DA:434,0
DA:438,0
DA:439,0
DA:440,0
DA:452,1
DA:455,0
DA:456,0
DA:457,0
DA:458,0
DA:461,1
DA:464,0
DA:465,0
DA:466,0
DA:467,0
DA:470,1
DA:474,0
DA:479,0
DA:480,0
DA:481,0
DA:484,1
DA:489,0
DA:497,0
DA:498,0
DA:587,1
DA:602,0
DA:606,0
DA:607,0
DA:608,0
DA:609,0
DA:616,0
DA:619,0
DA:620,0
DA:629,0
DA:632,0
DA:633,0
DA:649,0
DA:684,1
DA:688,0
DA:692,0
DA:693,0
DA:694,0
DA:701,1
DA:705,0
DA:710,0
DA:711,0
DA:714,1
DA:718,0
DA:719,0
DA:720,0
DA:721,0
DA:723,0
DA:724,0
DA:748,0
DA:749,0
DA:757,0
DA:758,0
DA:775,0
DA:778,0
DA:779,0
DA:789,0
DA:790,0
DA:791,0
DA:807,0
DA:847,1
DA:851,0
DA:854,0
DA:855,0
DA:856,0
DA:857,0
DA:858,0
DA:874,0
DA:881,1
DA:885,0
DA:889,0
DA:890,0
DA:891,0
DA:894,1
DA:899,0
DA:900,0
DA:901,0
DA:902,0
DA:903,0
DA:904,0
DA:905,0
DA:906,0
DA:909,1
DA:920,0
DA:924,0
DA:925,0
DA:926,0
DA:930,1
DA:941,0
DA:945,0
DA:946,0
DA:949,1
DA:950,0
DA:951,0
DA:952,0
DA:953,0
DA:957,1
DA:958,0
DA:961,0
DA:962,0
DA:966,1
DA:970,2
DA:974,1
DA:978,2
DA:979,1
DA:980,1
DA:984,1
DA:1000,0
DA:1004,0
DA:1005,0
DA:1006,0
DA:1008,0
DA:1012,1
DA:1013,0
DA:1014,0
DA:1015,0
DA:1016,0
DA:1020,1
DA:1033,0
DA:1037,0
DA:1038,0
DA:1039,0
DA:1048,1
DA:1058,0
DA:1068,0
DA:1069,0
DA:1073,1
DA:1084,0
DA:1095,0
DA:1096,0
DA:1097,0
DA:1104,1
DA:1117,0
DA:1121,0
DA:1122,0
DA:1123,0
DA:1126,1
DA:1127,0
DA:1128,0
DA:1129,0
DA:1130,0
DA:1134,1
DA:1135,0
DA:1136,0
DA:1137,0
DA:1138,0
DA:1142,1
DA:1146,0
DA:1150,0
DA:1151,0
DA:1152,0
DA:1169,1
DA:1170,0
DA:1171,0
DA:1172,0
DA:1173,0
DA:1177,1
DA:1181,0
DA:1185,0
DA:1186,0
DA:1187,0
DA:1204,1
DA:1207,0
DA:1208,0
DA:1209,0
DA:1210,0
DA:1239,1
DA:1240,0
DA:1241,0
DA:1242,0
DA:1243,0
DA:1248,0
DA:1255,1
DA:1268,0
DA:1272,0
DA:1273,0
DA:1274,0
DA:1278,1
DA:1283,0
DA:1287,0
DA:1288,0
DA:1292,1
DA:1297,0
DA:1301,0
DA:1302,0
DA:1355,1
DA:1356,0
DA:1357,0
DA:1358,0
DA:1359,0
DA:1362,1
DA:1363,0
DA:1364,0
DA:1365,0
DA:1366,0
DA:1369,1
DA:1372,0
DA:1377,0
DA:1378,0
DA:1379,0
DA:1382,1
DA:1392,0
DA:1397,0
DA:1398,0
DA:1399,0
DA:1403,1
DA:1404,0
DA:1410,0
DA:1411,0
DA:1412,0
DA:1414,0
DA:1415,0
DA:1416,0
DA:1417,0
DA:1418,0
DA:1419,0
DA:1420,0
LF:295
LH:59
BRDA:60,0,0,0
BRDA:60,0,1,0
BRDA:60,1,0,0
BRDA:60,1,1,0
BRDA:62,2,0,0
BRDA:62,2,1,0
BRDA:71,3,0,0
BRDA:71,3,1,1
BRDA:71,4,0,1
BRDA:71,4,1,1
BRDA:73,5,0,1
BRDA:73,5,1,0
BRDA:82,6,0,0
BRDA:82,6,1,0
BRDA:82,7,0,0
BRDA:82,7,1,0
BRDA:84,8,0,0
BRDA:84,8,1,0
BRDA:156,9,0,0
BRDA:176,10,0,0
BRDA:176,10,1,0
BRDA:188,11,0,0
BRDA:188,11,1,0
BRDA:188,12,0,0
BRDA:188,12,1,0
BRDA:188,13,0,0
BRDA:188,13,1,0
BRDA:190,14,0,0
BRDA:190,14,1,0
BRDA:193,15,0,0
BRDA:193,15,1,0
BRDA:193,16,0,0
BRDA:193,16,1,0
BRDA:193,17,0,0
BRDA:193,17,1,0
BRDA:194,18,0,0
BRDA:194,18,1,0
BRDA:194,19,0,0
BRDA:194,19,1,0
BRDA:215,20,0,0
BRDA:215,20,1,0
BRDA:215,21,0,0
BRDA:215,21,1,0
BRDA:215,22,0,0
BRDA:215,22,1,0
BRDA:216,23,0,0
BRDA:216,23,1,0
BRDA:216,24,0,0
BRDA:216,24,1,0
BRDA:237,25,0,0
BRDA:237,25,1,0
BRDA:237,26,0,0
BRDA:237,26,1,0
BRDA:237,27,0,0
BRDA:237,27,1,0
BRDA:271,28,0,0
BRDA:271,28,1,0
BRDA:271,29,0,0
BRDA:271,29,1,0
BRDA:271,30,0,0
BRDA:271,30,1,0
BRDA:279,31,0,0
BRDA:279,31,1,0
BRDA:279,32,0,0
BRDA:279,32,1,0
BRDA:279,33,0,0
BRDA:279,33,1,0
BRDA:281,34,0,0
BRDA:281,34,1,0
BRDA:281,35,0,0
BRDA:281,35,1,0
BRDA:282,36,0,0
BRDA:282,36,1,0
BRDA:283,37,0,0
BRDA:283,37,1,0
BRDA:283,38,0,0
BRDA:283,38,1,0
BRDA:284,39,0,0
BRDA:284,39,1,0
BRDA:294,40,0,0
BRDA:294,40,1,0
BRDA:294,41,0,0
BRDA:294,41,1,0
BRDA:294,42,0,0
BRDA:294,42,1,0
BRDA:296,43,0,0
BRDA:296,43,1,0
BRDA:296,44,0,0
BRDA:296,44,1,0
BRDA:297,45,0,0
BRDA:297,45,1,0
BRDA:297,46,0,0
BRDA:297,46,1,0
BRDA:318,47,0,0
BRDA:318,47,1,0
BRDA:318,48,0,0
BRDA:318,48,1,0
BRDA:318,49,0,0
BRDA:318,49,1,0
BRDA:319,50,0,0
BRDA:319,50,1,0
BRDA:332,51,0,0
BRDA:332,51,1,0
BRDA:332,52,0,0
BRDA:332,52,1,0
BRDA:332,53,0,0
BRDA:332,53,1,0
BRDA:334,54,0,0
BRDA:334,54,1,0
BRDA:335,55,0,0
BRDA:335,55,1,0
BRDA:335,56,0,0
BRDA:335,56,1,0
BRDA:336,57,0,0
BRDA:336,57,1,0
BRDA:336,58,0,0
BRDA:336,58,1,0
BRDA:350,59,0,0
BRDA:350,59,1,0
BRDA:350,60,0,0
BRDA:350,60,1,0
BRDA:350,61,0,0
BRDA:350,61,1,0
BRDA:350,62,0,0
BRDA:350,62,1,0
BRDA:354,63,0,0
BRDA:354,63,1,0
BRDA:354,64,0,0
BRDA:354,64,1,0
BRDA:354,65,0,0
BRDA:354,65,1,0
BRDA:411,66,0,0
BRDA:411,66,1,0
BRDA:411,67,0,0
BRDA:411,67,1,0
BRDA:411,68,0,0
BRDA:411,68,1,0
BRDA:413,69,0,0
BRDA:413,69,1,0
BRDA:414,70,0,0
BRDA:414,70,1,0
BRDA:415,71,0,0
BRDA:415,71,1,0
BRDA:418,72,0,0
BRDA:418,72,1,0
BRDA:420,73,0,0
BRDA:420,73,1,0
BRDA:439,74,0,0
BRDA:439,74,1,0
BRDA:439,75,0,0
BRDA:439,75,1,0
BRDA:439,76,0,0
BRDA:439,76,1,0
BRDA:442,77,0,0
BRDA:442,77,1,0
BRDA:442,78,0,0
BRDA:442,78,1,0
BRDA:444,79,0,0
BRDA:444,79,1,0
BRDA:446,80,0,0
BRDA:446,80,1,0
BRDA:457,81,0,0
BRDA:457,81,1,0
BRDA:457,82,0,0
BRDA:457,82,1,0
BRDA:457,83,0,0
BRDA:457,83,1,0
BRDA:458,84,0,0
BRDA:458,84,1,0
BRDA:458,85,0,0
BRDA:458,85,1,0
BRDA:466,86,0,0
BRDA:466,86,1,0
BRDA:466,87,0,0
BRDA:466,87,1,0
BRDA:466,88,0,0
BRDA:466,88,1,0
BRDA:467,89,0,0
BRDA:467,89,1,0
BRDA:480,90,0,0
BRDA:480,90,1,0
BRDA:480,91,0,0
BRDA:480,91,1,0
BRDA:480,92,0,0
BRDA:480,92,1,0
BRDA:481,93,0,0
BRDA:481,93,1,0
BRDA:481,94,0,0
BRDA:481,94,1,0
BRDA:494,95,0,0
BRDA:494,95,1,0
BRDA:494,96,0,0
BRDA:494,96,1,0
BRDA:494,97,0,0
BRDA:494,97,1,0
BRDA:494,98,0,0
BRDA:494,98,1,0
BRDA:498,99,0,0
BRDA:498,99,1,0
BRDA:498,100,0,0
BRDA:498,100,1,0
BRDA:498,101,0,0
BRDA:498,101,1,0
BRDA:607,102,0,0
BRDA:607,102,1,0
BRDA:607,103,0,0
BRDA:607,103,1,0
BRDA:607,104,0,0
BRDA:607,104,1,0
BRDA:608,105,0,0
BRDA:608,105,1,0
BRDA:608,106,0,0
BRDA:608,106,1,0
BRDA:608,107,0,0
BRDA:608,107,1,0
BRDA:610,108,0,0
BRDA:610,108,1,0
BRDA:610,109,0,0
BRDA:610,109,1,0
BRDA:611,110,0,0
BRDA:611,110,1,0
BRDA:612,111,0,0
BRDA:612,111,1,0
BRDA:613,112,0,0
BRDA:613,112,1,0
BRDA:614,113,0,0
BRDA:614,113,1,0
BRDA:616,114,0,0
BRDA:616,114,1,0
BRDA:616,115,0,0
BRDA:616,115,1,0
BRDA:616,116,0,0
BRDA:616,116,1,0
BRDA:621,117,0,0
BRDA:621,117,1,0
BRDA:621,118,0,0
BRDA:621,118,1,0
BRDA:622,119,0,0
BRDA:622,119,1,0
BRDA:622,120,0,0
BRDA:622,120,1,0
BRDA:623,121,0,0
BRDA:623,121,1,0
BRDA:623,122,0,0
BRDA:623,122,1,0
BRDA:624,123,0,0
BRDA:624,123,1,0
BRDA:625,124,0,0
BRDA:625,124,1,0
BRDA:626,125,0,0
BRDA:626,125,1,0
BRDA:629,126,0,0
BRDA:629,126,1,0
BRDA:629,127,0,0
BRDA:629,127,1,0
BRDA:629,128,0,0
BRDA:629,128,1,0
BRDA:634,129,0,0
BRDA:634,129,1,0
BRDA:634,130,0,0
BRDA:634,130,1,0
BRDA:635,131,0,0
BRDA:635,131,1,0
BRDA:635,132,0,0
BRDA:635,132,1,0
BRDA:636,133,0,0
BRDA:636,133,1,0
BRDA:636,134,0,0
BRDA:636,134,1,0
BRDA:637,135,0,0
BRDA:637,135,1,0
BRDA:637,136,0,0
BRDA:637,136,1,0
BRDA:638,137,0,0
BRDA:638,137,1,0
BRDA:640,138,0,0
BRDA:640,138,1,0
BRDA:640,139,0,0
BRDA:640,139,1,0
BRDA:643,140,0,0
BRDA:643,140,1,0
BRDA:645,141,0,0
BRDA:645,141,1,0
BRDA:650,142,0,0
BRDA:650,142,1,0
BRDA:650,143,0,0
BRDA:650,143,1,0
BRDA:651,144,0,0
BRDA:651,144,1,0
BRDA:651,145,0,0
BRDA:651,145,1,0
BRDA:653,146,0,0
BRDA:653,146,1,0
BRDA:653,147,0,0
BRDA:653,147,1,0
BRDA:653,148,0,0
BRDA:653,148,1,0
BRDA:653,149,0,0
BRDA:653,149,1,0
BRDA:654,150,0,0
BRDA:654,150,1,0
BRDA:654,151,0,0
BRDA:654,151,1,0
BRDA:654,152,0,0
BRDA:654,152,1,0
BRDA:654,153,0,0
BRDA:654,153,1,0
BRDA:655,154,0,0
BRDA:655,154,1,0
BRDA:655,155,0,0
BRDA:655,155,1,0
BRDA:655,156,0,0
BRDA:655,156,1,0
BRDA:656,157,0,0
BRDA:656,157,1,0
BRDA:656,158,0,0
BRDA:656,158,1,0
BRDA:656,159,0,0
BRDA:656,159,1,0
BRDA:659,160,0,0
BRDA:659,160,1,0
BRDA:659,161,0,0
BRDA:659,161,1,0
BRDA:659,162,0,0
BRDA:659,162,1,0
BRDA:660,163,0,0
BRDA:660,163,1,0
BRDA:660,164,0,0
BRDA:660,164,1,0
BRDA:660,165,0,0
BRDA:660,165,1,0
BRDA:662,166,0,0
BRDA:662,166,1,0
BRDA:662,167,0,0
BRDA:662,167,1,0
BRDA:662,168,0,0
BRDA:662,168,1,0
BRDA:665,169,0,0
BRDA:665,169,1,0
BRDA:665,170,0,0
BRDA:665,170,1,0
BRDA:665,171,0,0
BRDA:665,171,1,0
BRDA:667,172,0,0
BRDA:667,172,1,0
BRDA:667,173,0,0
BRDA:667,173,1,0
BRDA:667,174,0,0
BRDA:667,174,1,0
BRDA:670,175,0,0
BRDA:670,175,1,0
BRDA:670,176,0,0
BRDA:670,176,1,0
BRDA:670,177,0,0
BRDA:670,177,1,0
BRDA:673,178,0,0
BRDA:673,178,1,0
BRDA:673,179,0,0
BRDA:673,179,1,0
BRDA:673,180,0,0
BRDA:673,180,1,0
BRDA:676,181,0,0
BRDA:676,181,1,0
BRDA:676,182,0,0
BRDA:676,182,1,0
BRDA:676,183,0,0
BRDA:676,183,1,0
BRDA:693,184,0,0
BRDA:693,184,1,0
BRDA:693,185,0,0
BRDA:693,185,1,0
BRDA:693,186,0,0
BRDA:693,186,1,0
BRDA:695,187,0,0
BRDA:695,187,1,0
BRDA:696,188,0,0
BRDA:696,188,1,0
BRDA:711,189,0,0
BRDA:711,189,1,0
BRDA:711,190,0,0
BRDA:711,190,1,0
BRDA:711,191,0,0
BRDA:711,191,1,0
BRDA:718,192,0,0
BRDA:718,192,1,0
BRDA:721,193,0,0
BRDA:721,193,1,0
BRDA:721,194,0,0
BRDA:721,194,1,0
BRDA:721,195,0,0
BRDA:721,195,1,0
BRDA:723,196,0,0
BRDA:723,196,1,0
BRDA:725,197,0,0
BRDA:725,197,1,0
BRDA:725,198,0,0
BRDA:725,198,1,0
BRDA:726,199,0,0
BRDA:726,199,1,0
BRDA:726,200,0,0
BRDA:726,200,1,0
BRDA:727,201,0,0
BRDA:727,201,1,0
BRDA:727,202,0,0
BRDA:727,202,1,0
BRDA:728,203,0,0
BRDA:728,203,1,0
BRDA:728,204,0,0
BRDA:728,204,1,0
BRDA:729,205,0,0
BRDA:729,205,1,0
BRDA:731,206,0,0
BRDA:731,206,1,0
BRDA:731,207,0,0
BRDA:731,207,1,0
BRDA:734,208,0,0
BRDA:734,208,1,0
BRDA:735,209,0,0
BRDA:735,209,1,0
BRDA:737,210,0,0
BRDA:737,210,1,0
BRDA:739,211,0,0
BRDA:739,211,1,0
BRDA:742,212,0,0
BRDA:742,212,1,0
BRDA:743,213,0,0
BRDA:743,213,1,0
BRDA:745,214,0,0
BRDA:745,214,1,0
BRDA:745,215,0,0
BRDA:745,215,1,0
BRDA:748,216,0,0
BRDA:748,216,1,0
BRDA:750,217,0,0
BRDA:750,217,1,0
BRDA:750,218,0,0
BRDA:750,218,1,0
BRDA:751,219,0,0
BRDA:751,219,1,0
BRDA:752,220,0,0
BRDA:752,220,1,0
BRDA:753,221,0,0
BRDA:753,221,1,0
BRDA:754,222,0,0
BRDA:754,222,1,0
BRDA:757,223,0,0
BRDA:757,223,1,0
BRDA:759,224,0,0
BRDA:759,224,1,0
BRDA:759,225,0,0
BRDA:759,225,1,0
BRDA:760,226,0,0
BRDA:760,226,1,0
BRDA:760,227,0,0
BRDA:760,227,1,0
BRDA:761,228,0,0
BRDA:761,228,1,0
BRDA:761,229,0,0
BRDA:761,229,1,0
BRDA:762,230,0,0
BRDA:762,230,1,0
BRDA:762,231,0,0
BRDA:762,231,1,0
BRDA:763,232,0,0
BRDA:763,232,1,0
BRDA:764,233,0,0
BRDA:764,233,1,0
BRDA:765,234,0,0
BRDA:765,234,1,0
BRDA:765,235,0,0
BRDA:765,235,1,0
BRDA:767,236,0,0
BRDA:767,236,1,0
BRDA:770,237,0,0
BRDA:770,237,1,0
BRDA:771,238,0,0
BRDA:771,238,1,0
BRDA:772,239,0,0
BRDA:772,239,1,0
BRDA:775,240,0,0
BRDA:775,240,1,0
BRDA:780,241,0,0
BRDA:780,241,1,0
BRDA:780,242,0,0
BRDA:780,242,1,0
BRDA:781,243,0,0
BRDA:781,243,1,0
BRDA:781,244,0,0
BRDA:781,244,1,0
BRDA:782,245,0,0
BRDA:782,245,1,0
BRDA:782,246,0,0
BRDA:782,246,1,0
BRDA:783,247,0,0
BRDA:783,247,1,0
BRDA:784,248,0,0
BRDA:784,248,1,0
BRDA:785,249,0,0
BRDA:785,249,1,0
BRDA:789,250,0,0
BRDA:789,250,1,0
BRDA:792,251,0,0
BRDA:792,251,1,0
BRDA:792,252,0,0
BRDA:792,252,1,0
BRDA:793,253,0,0
BRDA:793,253,1,0
BRDA:793,254,0,0
BRDA:793,254,1,0
BRDA:794,255,0,0
BRDA:794,255,1,0
BRDA:794,256,0,0
BRDA:794,256,1,0
BRDA:795,257,0,0
BRDA:795,257,1,0
BRDA:795,258,0,0
BRDA:795,258,1,0
BRDA:796,259,0,0
BRDA:796,259,1,0
BRDA:798,260,0,0
BRDA:798,260,1,0
BRDA:798,261,0,0
BRDA:798,261,1,0
BRDA:801,262,0,0
BRDA:801,262,1,0
BRDA:803,263,0,0
BRDA:803,263,1,0
BRDA:808,264,0,0
BRDA:808,264,1,0
BRDA:808,265,0,0
BRDA:808,265,1,0
BRDA:809,266,0,0
BRDA:809,266,1,0
BRDA:809,267,0,0
BRDA:809,267,1,0
BRDA:813,268,0,0
BRDA:813,268,1,0
BRDA:814,269,0,0
BRDA:814,269,1,0
BRDA:816,270,0,0
BRDA:816,270,1,0
BRDA:817,271,0,0
BRDA:817,271,1,0
BRDA:819,272,0,0
BRDA:819,272,1,0
BRDA:822,273,0,0
BRDA:822,273,1,0
BRDA:825,274,0,0
BRDA:825,274,1,0
BRDA:828,275,0,0
BRDA:828,275,1,0
BRDA:851,276,0,0
BRDA:851,276,1,0
BRDA:856,277,0,0
BRDA:856,277,1,0
BRDA:856,278,0,0
BRDA:856,278,1,0
BRDA:856,279,0,0
BRDA:856,279,1,0
BRDA:857,280,0,0
BRDA:857,280,1,0
BRDA:859,281,0,0
BRDA:859,281,1,0
BRDA:859,282,0,0
BRDA:859,282,1,0
BRDA:860,283,0,0
BRDA:860,283,1,0
BRDA:860,284,0,0
BRDA:860,284,1,0
BRDA:861,285,0,0
BRDA:861,285,1,0
BRDA:861,286,0,0
BRDA:861,286,1,0
BRDA:862,287,0,0
BRDA:862,287,1,0
BRDA:862,288,0,0
BRDA:862,288,1,0
BRDA:863,289,0,0
BRDA:863,289,1,0
BRDA:863,290,0,0
BRDA:863,290,1,0
BRDA:864,291,0,0
BRDA:864,291,1,0
BRDA:864,292,0,0
BRDA:864,292,1,0
BRDA:865,293,0,0
BRDA:865,293,1,0
BRDA:866,294,0,0
BRDA:866,294,1,0
BRDA:868,295,0,0
BRDA:868,295,1,0
BRDA:868,296,0,0
BRDA:868,296,1,0
BRDA:871,297,0,0
BRDA:871,297,1,0
BRDA:871,298,0,0
BRDA:871,298,1,0
BRDA:875,299,0,0
BRDA:875,299,1,0
BRDA:877,300,0,0
BRDA:877,300,1,0
BRDA:890,301,0,0
BRDA:890,301,1,0
BRDA:890,302,0,0
BRDA:890,302,1,0
BRDA:890,303,0,0
BRDA:890,303,1,0
BRDA:900,304,0,0
BRDA:900,304,1,0
BRDA:901,305,0,0
BRDA:901,305,1,0
BRDA:901,306,0,0
BRDA:901,306,1,0
BRDA:901,307,0,0
BRDA:901,307,1,0
BRDA:902,308,0,0
BRDA:902,308,1,0
BRDA:905,309,0,0
BRDA:905,309,1,0
BRDA:905,310,0,0
BRDA:905,310,1,0
BRDA:905,311,0,0
BRDA:905,311,1,0
BRDA:906,312,0,0
BRDA:906,312,1,0
BRDA:906,313,0,0
BRDA:906,313,1,0
BRDA:925,314,0,0
BRDA:925,314,1,0
BRDA:925,315,0,0
BRDA:925,315,1,0
BRDA:925,316,0,0
BRDA:925,316,1,0
BRDA:946,317,0,0
BRDA:946,317,1,0
BRDA:946,318,0,0
BRDA:946,318,1,0
BRDA:946,319,0,0
BRDA:946,319,1,0
BRDA:952,320,0,0
BRDA:952,320,1,0
BRDA:952,321,0,0
BRDA:952,321,1,0
BRDA:952,322,0,0
BRDA:952,322,1,0
BRDA:953,323,0,0
BRDA:953,323,1,0
BRDA:953,324,0,0
BRDA:953,324,1,0
BRDA:962,325,0,0
BRDA:962,325,1,0
BRDA:962,326,0,0
BRDA:962,326,1,0
BRDA:962,327,0,0
BRDA:962,327,1,0
BRDA:970,328,0,2
BRDA:970,328,1,1
BRDA:978,329,0,1
BRDA:978,329,1,1
BRDA:979,330,0,0
BRDA:979,330,1,1
BRDA:980,331,0,1
BRDA:980,331,1,0
BRDA:980,332,0,1
BRDA:980,332,1,1
BRDA:1004,333,0,0
BRDA:1004,333,1,0
BRDA:1005,334,0,0
BRDA:1005,334,1,0
BRDA:1015,335,0,0
BRDA:1015,335,1,0
BRDA:1015,336,0,0
BRDA:1015,336,1,0
BRDA:1015,337,0,0
BRDA:1015,337,1,0
BRDA:1016,338,0,0
BRDA:1016,338,1,0
BRDA:1016,339,0,0
BRDA:1016,339,1,0
BRDA:1038,340,0,0
BRDA:1038,340,1,0
BRDA:1038,341,0,0
BRDA:1038,341,1,0
BRDA:1038,342,0,0
BRDA:1038,342,1,0
BRDA:1040,343,0,0
BRDA:1040,343,1,0
BRDA:1040,344,0,0
BRDA:1040,344,1,0
BRDA:1063,345,0,0
BRDA:1063,345,1,0
BRDA:1063,346,0,0
BRDA:1063,346,1,0
BRDA:1063,347,0,0
BRDA:1063,347,1,0
BRDA:1069,348,0,0
BRDA:1069,348,1,0
BRDA:1069,349,0,0
BRDA:1069,349,1,0
BRDA:1069,350,0,0
BRDA:1069,350,1,0
BRDA:1090,351,0,0
BRDA:1090,351,1,0
BRDA:1090,352,0,0
BRDA:1090,352,1,0
BRDA:1090,353,0,0
BRDA:1090,353,1,0
BRDA:1096,354,0,0
BRDA:1096,354,1,0
BRDA:1096,355,0,0
BRDA:1096,355,1,0
BRDA:1096,356,0,0
BRDA:1096,356,1,0
BRDA:1098,357,0,0
BRDA:1098,357,1,0
BRDA:1098,358,0,0
BRDA:1098,358,1,0
BRDA:1122,359,0,0
BRDA:1122,359,1,0
BRDA:1122,360,0,0
BRDA:1122,360,1,0
BRDA:1122,361,0,0
BRDA:1122,361,1,0
BRDA:1129,362,0,0
BRDA:1129,362,1,0
BRDA:1129,363,0,0
BRDA:1129,363,1,0
BRDA:1129,364,0,0
BRDA:1129,364,1,0
BRDA:1130,365,0,0
BRDA:1130,365,1,0
BRDA:1130,366,0,0
BRDA:1130,366,1,0
BRDA:1137,367,0,0
BRDA:1137,367,1,0
BRDA:1137,368,0,0
BRDA:1137,368,1,0
BRDA:1137,369,0,0
BRDA:1137,369,1,0
BRDA:1138,370,0,0
BRDA:1138,370,1,0
BRDA:1151,371,0,0
BRDA:1151,371,1,0
BRDA:1151,372,0,0
BRDA:1151,372,1,0
BRDA:1151,373,0,0
BRDA:1151,373,1,0
BRDA:1153,374,0,0
BRDA:1153,374,1,0
BRDA:1154,375,0,0
BRDA:1154,375,1,0
BRDA:1155,376,0,0
BRDA:1155,376,1,0
BRDA:1172,377,0,0
BRDA:1172,377,1,0
BRDA:1172,378,0,0
BRDA:1172,378,1,0
BRDA:1172,379,0,0
BRDA:1172,379,1,0
BRDA:1173,380,0,0
BRDA:1173,380,1,0
BRDA:1186,381,0,0
BRDA:1186,381,1,0
BRDA:1186,382,0,0
BRDA:1186,382,1,0
BRDA:1186,383,0,0
BRDA:1186,383,1,0
BRDA:1188,384,0,0
BRDA:1188,384,1,0
BRDA:1189,385,0,0
BRDA:1189,385,1,0
BRDA:1190,386,0,0
BRDA:1190,386,1,0
BRDA:1209,387,0,0
BRDA:1209,387,1,0
BRDA:1209,388,0,0
BRDA:1209,388,1,0
BRDA:1209,389,0,0
BRDA:1209,389,1,0
BRDA:1210,390,0,0
BRDA:1210,390,1,0
BRDA:1242,391,0,0
BRDA:1242,391,1,0
BRDA:1242,392,0,0
BRDA:1242,392,1,0
BRDA:1242,393,0,0
BRDA:1242,393,1,0
BRDA:1243,394,0,0
BRDA:1243,394,1,0
BRDA:1243,395,0,0
BRDA:1243,395,1,0
BRDA:1245,396,0,0
BRDA:1245,396,1,0
BRDA:1246,397,0,0
BRDA:1246,397,1,0
BRDA:1250,398,0,0
BRDA:1250,398,1,0
BRDA:1251,399,0,0
BRDA:1251,399,1,0
BRDA:1273,400,0,0
BRDA:1273,400,1,0
BRDA:1273,401,0,0
BRDA:1273,401,1,0
BRDA:1273,402,0,0
BRDA:1273,402,1,0
BRDA:1288,403,0,0
BRDA:1288,403,1,0
BRDA:1288,404,0,0
BRDA:1288,404,1,0
BRDA:1288,405,0,0
BRDA:1288,405,1,0
BRDA:1302,406,0,0
BRDA:1302,406,1,0
BRDA:1302,407,0,0
BRDA:1302,407,1,0
BRDA:1302,408,0,0
BRDA:1302,408,1,0
BRDA:1358,409,0,0
BRDA:1358,409,1,0
BRDA:1358,410,0,0
BRDA:1358,410,1,0
BRDA:1358,411,0,0
BRDA:1358,411,1,0
BRDA:1359,412,0,0
BRDA:1359,412,1,0
BRDA:1359,413,0,0
BRDA:1359,413,1,0
BRDA:1365,414,0,0
BRDA:1365,414,1,0
BRDA:1365,415,0,0
BRDA:1365,415,1,0
BRDA:1365,416,0,0
BRDA:1365,416,1,0
BRDA:1378,417,0,0
BRDA:1378,417,1,0
BRDA:1378,418,0,0
BRDA:1378,418,1,0
BRDA:1378,419,0,0
BRDA:1378,419,1,0
BRDA:1398,420,0,0
BRDA:1398,420,1,0
BRDA:1398,421,0,0
BRDA:1398,421,1,0
BRDA:1398,422,0,0
BRDA:1398,422,1,0
BRDA:1410,423,0,0
BRDA:1410,423,1,0
BRDA:1412,424,0,0
BRDA:1412,424,1,0
BRDA:1412,425,0,0
BRDA:1412,425,1,0
BRDA:1418,426,0,0
BRDA:1418,426,1,0
BRDA:1418,427,0,0
BRDA:1418,427,1,0
BRF:855
BRH:12
end_of_record
TN:
SF:src\lib\empresas-db.ts
FNF:0
FNH:0
DA:5,2
DA:6,2
DA:7,2
DA:8,2
DA:9,2
DA:10,2
DA:13,2
DA:16,2
DA:19,2
DA:22,2
DA:25,2
DA:28,2
DA:31,2
DA:34,2
DA:37,2
DA:40,2
DA:43,2
DA:46,2
DA:52,2
DA:55,2
DA:58,2
DA:64,2
DA:70,2
DA:72,2
DA:75,2
DA:78,2
DA:81,2
LF:27
LH:27
BRF:0
BRH:0
end_of_record
TN:
SF:src\lib\fcm-gasto-topic.ts
FN:7,topicGastosAdmin
FN:8,(anonymous_1)
FNF:2
FNH:2
FNDA:1,topicGastosAdmin
FNDA:2,(anonymous_1)
DA:7,1
DA:8,1
DA:9,2
DA:12,1
DA:13,1
DA:14,1
DA:15,1
LF:7
LH:7
BRDA:9,0,0,2
BRDA:9,0,1,0
BRDA:9,1,0,2
BRDA:9,1,1,2
BRDA:12,2,0,1
BRDA:12,2,1,0
BRDA:13,3,0,1
BRDA:13,3,1,0
BRDA:15,4,0,0
BRDA:15,4,1,1
BRF:10
BRH:6
end_of_record
TN:
SF:src\lib\fcm-token-registry.ts
FN:9,parseFcmTokens
FN:11,(anonymous_8)
FN:14,mergeFcmToken
FN:18,removeFcmToken
FN:19,(anonymous_11)
FN:27,registerAdminFcmToken
FN:64,unregisterAdminFcmToken
FNF:7
FNH:5
FNDA:3,parseFcmTokens
FNDA:5,(anonymous_8)
FNDA:3,mergeFcmToken
FNDA:2,removeFcmToken
FNDA:5,(anonymous_11)
FNDA:0,registerAdminFcmToken
FNDA:0,unregisterAdminFcmToken
DA:1,1
DA:4,1
DA:5,1
DA:7,1
DA:9,1
DA:10,3
DA:11,5
DA:14,1
DA:15,3
DA:18,1
DA:19,5
DA:27,1
DA:33,0
DA:34,0
DA:35,0
DA:36,0
DA:38,0
DA:46,0
DA:47,0
DA:48,0
DA:49,0
DA:50,0
DA:51,0
DA:58,0
DA:61,0
DA:64,1
DA:70,0
DA:71,0
DA:72,0
DA:73,0
DA:75,0
DA:76,0
DA:85,0
DA:86,0
DA:87,0
DA:88,0
DA:89,0
DA:90,0
DA:97,0
DA:100,0
LF:40
LH:13
BRDA:10,0,0,2
BRDA:10,0,1,1
BRDA:11,1,0,5
BRDA:11,1,1,3
BRDA:35,2,0,0
BRDA:35,2,1,0
BRDA:35,3,0,0
BRDA:35,3,1,0
BRDA:72,4,0,0
BRDA:72,4,1,0
BRDA:72,5,0,0
BRDA:72,5,1,0
BRDA:75,6,0,0
BRDA:75,6,1,0
BRF:14
BRH:4
end_of_record
TN:
SF:src\lib\fcm-topics.ts
FN:5,resolveAdminFcmTopic
FNF:1
FNH:1
FNDA:1,resolveAdminFcmTopic
DA:2,1
DA:5,1
DA:6,1
LF:3
LH:3
BRF:0
BRH:0
end_of_record
TN:
SF:src\lib\gastos-periodo-filter.ts
FN:42,esGastoDelDiaColombia
FN:51,filtrarGastosPorPeriodo
FN:57,(anonymous_2)
FN:59,(anonymous_3)
FN:62,ymdColombia
FN:66,fechaDesdeIso
FN:76,gastoOcurreEnRangoContable
FN:102,filtrarGastosPorRangoContable
FN:107,(anonymous_8)
FN:111,numeroPeriodoAdmin
FN:115,(anonymous_10)
FN:120,periodoAbiertoAdmin
FN:123,(anonymous_12)
FN:126,periodosCerradosAdmin
FN:129,(anonymous_14)
FN:133,resolverRangoFiltroContable
FN:153,(anonymous_16)
FN:167,filtrarGastosPorFiltroContable
FN:176,(anonymous_18)
FN:183,calcularTotalesGastosPorAlcance
FN:187,(anonymous_20)
FN:200,round2
FN:204,mensajeGastosVaciosContable
FNF:23
FNH:20
FNDA:18,esGastoDelDiaColombia
FNDA:2,filtrarGastosPorPeriodo
FNDA:3,(anonymous_2)
FNDA:3,(anonymous_3)
FNDA:6,ymdColombia
FNDA:13,fechaDesdeIso
FNDA:9,gastoOcurreEnRangoContable
FNDA:3,filtrarGastosPorRangoContable
FNDA:9,(anonymous_8)
FNDA:3,numeroPeriodoAdmin
FNDA:4,(anonymous_10)
FNDA:2,periodoAbiertoAdmin
FNDA:2,(anonymous_12)
FNDA:0,periodosCerradosAdmin
FNDA:0,(anonymous_14)
FNDA:3,resolverRangoFiltroContable
FNDA:2,(anonymous_16)
FNDA:9,filtrarGastosPorFiltroContable
FNDA:5,(anonymous_18)
FNDA:1,calcularTotalesGastosPorAlcance
FNDA:3,(anonymous_20)
FNDA:6,round2
FNDA:0,mensajeGastosVaciosContable
DA:2,3
DA:42,3
DA:46,18
DA:47,18
DA:51,3
DA:56,2
DA:57,3
DA:59,3
DA:63,6
DA:67,13
DA:68,13
DA:69,13
DA:76,3
DA:81,9
DA:82,9
DA:84,9
DA:85,9
DA:86,9
DA:88,9
DA:90,6
DA:91,6
DA:92,6
DA:93,6
DA:95,6
DA:96,0
DA:99,6
DA:102,3
DA:107,9
DA:111,3
DA:115,4
DA:116,3
DA:117,3
DA:120,3
DA:123,2
DA:126,3
DA:129,0
DA:133,3
DA:138,3
DA:140,3
DA:141,2
DA:142,2
DA:143,2
DA:144,2
DA:145,2
DA:153,2
DA:154,1
DA:155,1
DA:156,1
DA:157,1
DA:159,1
DA:167,3
DA:174,9
DA:175,5
DA:176,5
DA:178,3
DA:179,3
DA:180,3
DA:183,3
DA:186,1
DA:188,3
DA:189,3
DA:190,3
DA:191,2
DA:192,1
DA:193,3
DA:194,3
DA:201,6
DA:204,3
DA:209,0
DA:210,0
DA:211,0
DA:212,0
DA:213,0
DA:215,0
DA:216,0
DA:218,0
LF:76
LH:66
BRDA:44,0,0,0
BRDA:47,1,0,18
BRDA:47,1,1,13
BRDA:54,2,0,0
BRDA:56,3,0,1
BRDA:56,3,1,1
BRDA:67,4,0,0
BRDA:67,4,1,13
BRDA:69,5,0,13
BRDA:69,5,1,0
BRDA:82,6,0,0
BRDA:82,6,1,9
BRDA:88,7,0,3
BRDA:88,7,1,6
BRDA:88,8,0,9
BRDA:88,8,1,4
BRDA:93,9,0,0
BRDA:93,9,1,6
BRDA:93,10,0,6
BRDA:93,10,1,6
BRDA:95,11,0,0
BRDA:95,11,1,6
BRDA:96,12,0,0
BRDA:96,12,1,0
BRDA:116,13,0,0
BRDA:116,13,1,3
BRDA:123,14,0,2
BRDA:123,14,1,0
BRDA:123,15,0,2
BRDA:123,15,1,2
BRDA:136,16,0,0
BRDA:138,17,0,0
BRDA:138,17,1,3
BRDA:138,18,0,3
BRDA:138,18,1,3
BRDA:140,19,0,2
BRDA:140,19,1,1
BRDA:142,20,0,0
BRDA:142,20,1,2
BRDA:142,21,0,0
BRDA:142,21,1,2
BRDA:142,22,0,2
BRDA:142,22,1,2
BRDA:144,23,0,0
BRDA:144,23,1,2
BRDA:154,24,0,0
BRDA:154,24,1,1
BRDA:154,25,0,0
BRDA:154,25,1,1
BRDA:154,26,0,1
BRDA:154,26,1,1
BRDA:156,27,0,0
BRDA:156,27,1,1
BRDA:157,28,0,1
BRDA:157,28,1,0
BRDA:157,29,0,1
BRDA:157,29,1,0
BRDA:157,30,0,1
BRDA:157,30,1,1
BRDA:171,31,0,2
BRDA:172,32,0,7
BRDA:174,33,0,4
BRDA:174,33,1,5
BRDA:175,34,0,2
BRDA:175,34,1,3
BRDA:179,35,0,0
BRDA:179,35,1,3
BRDA:188,36,0,3
BRDA:188,36,1,0
BRDA:189,37,0,3
BRDA:189,37,1,0
BRDA:189,38,0,3
BRDA:189,38,1,3
BRDA:190,39,0,1
BRDA:190,39,1,2
BRDA:191,40,0,1
BRDA:191,40,1,1
BRDA:209,41,0,0
BRDA:209,41,1,0
BRDA:210,42,0,0
BRDA:210,42,1,0
BRDA:211,43,0,0
BRDA:211,43,1,0
BRDA:212,44,0,0
BRDA:212,44,1,0
BRDA:212,45,0,0
BRDA:212,45,1,0
BRDA:215,46,0,0
BRDA:215,46,1,0
BRF:89
BRH:53
end_of_record
TN:
SF:src\lib\prestamo-display.ts
FN:9,formatMonedaListado
FN:18,totalCreditoPrestamo
FN:32,fechaCreacionPrestamoIso
FN:37,esPrestamoCreadoHoy
FN:47,formatFechaCreacionPrestamo
FN:54,formatDebeSlashTotalCredito
FN:62,computeSaldoPorRecogerPorRuta
FN:77,formatFechaCierrePrestamo
FN:83,fechaRelevantePrestamo
FN:93,calcularDuracionDias
FNF:10
FNH:2
FNDA:0,formatMonedaListado
FNDA:0,totalCreditoPrestamo
FNDA:13,fechaCreacionPrestamoIso
FNDA:2,esPrestamoCreadoHoy
FNDA:0,formatFechaCreacionPrestamo
FNDA:0,formatDebeSlashTotalCredito
FNDA:0,computeSaldoPorRecogerPorRuta
FNDA:0,formatFechaCierrePrestamo
FNDA:0,fechaRelevantePrestamo
FNDA:0,calcularDuracionDias
DA:2,2
DA:10,0
DA:11,0
DA:12,0
DA:13,0
DA:14,0
DA:18,2
DA:19,0
DA:20,0
DA:21,0
DA:23,0
DA:24,0
DA:25,0
DA:26,0
DA:32,2
DA:33,13
DA:37,2
DA:41,2
DA:42,2
DA:43,2
DA:47,2
DA:48,0
DA:49,0
DA:50,0
DA:54,2
DA:58,0
DA:62,2
DA:66,0
DA:67,0
DA:68,0
DA:69,0
DA:70,0
DA:71,0
DA:72,0
DA:74,0
DA:77,2
DA:78,0
DA:79,0
DA:83,2
DA:86,0
DA:87,0
DA:89,0
DA:93,2
DA:97,0
DA:98,0
DA:99,0
DA:100,0
DA:101,0
DA:102,0
DA:103,0
DA:104,0
DA:105,0
LF:52
LH:14
BRDA:10,0,0,0
BRDA:10,0,1,0
BRDA:10,1,0,0
BRDA:10,1,1,0
BRDA:11,2,0,0
BRDA:14,3,0,0
BRDA:14,3,1,0
BRDA:20,4,0,0
BRDA:20,4,1,0
BRDA:20,5,0,0
BRDA:20,5,1,0
BRDA:23,6,0,0
BRDA:23,6,1,0
BRDA:24,7,0,0
BRDA:24,7,1,0
BRDA:25,8,0,0
BRDA:25,8,1,0
BRDA:33,9,0,13
BRDA:33,9,1,0
BRDA:33,10,0,13
BRDA:33,10,1,13
BRDA:33,11,0,9
BRDA:33,11,1,4
BRDA:33,12,0,13
BRDA:33,12,1,13
BRDA:39,13,0,0
BRDA:43,14,0,2
BRDA:43,14,1,2
BRDA:49,15,0,0
BRDA:49,15,1,0
BRDA:68,16,0,0
BRDA:68,16,1,0
BRDA:69,17,0,0
BRDA:69,17,1,0
BRDA:69,18,0,0
BRDA:69,18,1,0
BRDA:69,19,0,0
BRDA:69,19,1,0
BRDA:70,20,0,0
BRDA:70,20,1,0
BRDA:71,21,0,0
BRDA:71,21,1,0
BRDA:71,22,0,0
BRDA:71,22,1,0
BRDA:72,23,0,0
BRDA:72,23,1,0
BRDA:72,24,0,0
BRDA:72,24,1,0
BRDA:78,25,0,0
BRDA:78,25,1,0
BRDA:86,26,0,0
BRDA:86,26,1,0
BRDA:86,27,0,0
BRDA:86,27,1,0
BRDA:86,27,2,0
BRDA:97,28,0,0
BRDA:97,28,1,0
BRDA:97,29,0,0
BRDA:97,29,1,0
BRDA:98,30,0,0
BRDA:98,30,1,0
BRDA:98,31,0,0
BRDA:98,31,1,0
BRDA:99,32,0,0
BRDA:99,32,1,0
BRDA:99,33,0,0
BRDA:99,33,1,0
BRDA:103,34,0,0
BRDA:103,34,1,0
BRDA:104,35,0,0
BRDA:104,35,1,0
BRDA:105,36,0,0
BRDA:105,36,1,0
BRF:73
BRH:9
end_of_record
TN:
SF:src\lib\prestamo-estado.ts
FN:6,normalizeEstadoPrestamo
FN:13,isPrestamoEnCobro
FN:21,isPrestamoCerrado
FN:26,isPrestamoCastigado
FN:31,labelEstadoPrestamo
FN:57,resolverEstadoTrasMovimiento
FN:74,estadoTrasNoPago
FNF:7
FNH:7
FNDA:9,normalizeEstadoPrestamo
FNDA:4,isPrestamoEnCobro
FNDA:8,isPrestamoCerrado
FNDA:2,isPrestamoCastigado
FNDA:4,labelEstadoPrestamo
FNDA:4,resolverEstadoTrasMovimiento
FNDA:4,estadoTrasNoPago
DA:3,2
DA:6,2
DA:7,9
DA:8,7
DA:9,5
DA:13,2
DA:17,4
DA:21,2
DA:22,8
DA:26,2
DA:27,2
DA:31,2
DA:35,4
DA:36,3
DA:37,2
DA:38,1
DA:57,2
DA:60,4
DA:62,4
DA:63,2
DA:66,2
DA:67,1
DA:70,1
DA:74,2
DA:75,4
DA:76,4
DA:77,2
LF:27
LH:27
BRDA:7,0,0,2
BRDA:7,0,1,7
BRDA:8,1,0,2
BRDA:8,1,1,5
BRDA:17,2,0,4
BRDA:17,2,1,2
BRDA:17,3,0,2
BRDA:17,3,1,0
BRDA:17,4,0,2
BRDA:17,4,1,2
BRDA:22,5,0,8
BRDA:22,5,1,6
BRDA:35,6,0,1
BRDA:35,6,1,3
BRDA:36,7,0,1
BRDA:36,7,1,2
BRDA:37,8,0,1
BRDA:37,8,1,1
BRDA:37,9,0,1
BRDA:37,9,1,1
BRDA:37,10,0,2
BRDA:37,10,1,2
BRDA:62,11,0,2
BRDA:62,11,1,2
BRDA:66,12,0,1
BRDA:66,12,1,1
BRDA:76,13,0,2
BRDA:76,13,1,2
BRF:28
BRH:27
end_of_record
TN:
SF:src\lib\prestamo-list-filter.ts
FN:18,prestamoCoincideRuta
FN:28,dedupePrestamos
FN:30,(anonymous_2)
FN:37,filtrarPrestamosParaListado
FN:56,(anonymous_4)
FN:58,(anonymous_5)
FN:68,(anonymous_6)
FN:73,(anonymous_7)
FNF:8
FNH:7
FNDA:2,prestamoCoincideRuta
FNDA:2,dedupePrestamos
FNDA:4,(anonymous_2)
FNDA:3,filtrarPrestamosParaListado
FNDA:3,(anonymous_4)
FNDA:2,(anonymous_5)
FNDA:0,(anonymous_6)
FNDA:2,(anonymous_7)
DA:2,1
DA:4,1
DA:18,1
DA:23,2
DA:24,2
DA:25,2
DA:28,1
DA:29,2
DA:30,2
DA:31,4
DA:32,2
DA:33,2
DA:37,1
DA:48,3
DA:51,3
DA:52,0
DA:53,3
DA:54,0
DA:55,3
DA:56,3
DA:57,1
DA:58,1
DA:59,2
DA:62,0
DA:65,3
DA:67,3
DA:68,0
DA:71,3
DA:72,1
DA:73,1
DA:74,2
DA:75,2
DA:76,2
DA:77,2
DA:78,2
DA:79,2
LF:36
LH:32
BRDA:23,0,0,0
BRDA:23,0,1,2
BRDA:24,1,0,2
BRDA:24,1,1,2
BRDA:24,2,0,0
BRDA:24,2,1,2
BRDA:24,3,0,2
BRDA:24,3,1,2
BRDA:25,4,0,2
BRDA:25,4,1,0
BRDA:25,5,0,2
BRDA:25,5,1,2
BRDA:31,6,0,2
BRDA:31,6,1,2
BRDA:51,7,0,0
BRDA:51,7,1,3
BRDA:53,8,0,0
BRDA:53,8,1,3
BRDA:55,9,0,2
BRDA:55,9,1,1
BRDA:57,10,0,1
BRDA:57,10,1,0
BRDA:59,11,0,0
BRDA:59,11,1,2
BRDA:59,12,0,2
BRDA:59,12,1,2
BRDA:67,13,0,0
BRDA:67,13,1,3
BRDA:71,14,0,2
BRDA:71,14,1,1
BRDA:71,15,0,2
BRDA:71,15,1,1
BRDA:71,16,0,3
BRDA:71,16,1,3
BRDA:75,17,0,0
BRDA:75,17,1,2
BRDA:76,18,0,2
BRDA:76,18,1,0
BRDA:76,19,0,2
BRDA:76,19,1,2
BRDA:77,20,0,2
BRDA:77,20,1,0
BRDA:77,21,0,2
BRDA:77,21,1,2
BRDA:78,22,0,1
BRDA:78,22,1,1
BRDA:79,23,0,2
BRDA:79,23,1,1
BRDA:79,23,2,1
BRF:49
BRH:38
end_of_record
TN:
SF:src\lib\prestamo-periodo-filter.ts
FN:33,(anonymous_0)
FN:33,(anonymous_1)
FN:33,(anonymous_2)
FN:17,fechaDesdeIso
FN:35,fechaPrestamoParaFiltroPeriodo
FN:41,prestamoOcurreEnFiltroContable
FN:57,periodoLabelDePrestamo
FN:79,filtrarPrestamosPorFiltroContable
FN:87,(anonymous_8)
FN:95,mensajePrestamosVaciosContable
FNF:10
FNH:5
FNDA:0,(anonymous_0)
FNDA:0,(anonymous_1)
FNDA:0,(anonymous_2)
FNDA:0,fechaDesdeIso
FNDA:11,fechaPrestamoParaFiltroPeriodo
FNDA:1,prestamoOcurreEnFiltroContable
FNDA:0,periodoLabelDePrestamo
FNDA:5,filtrarPrestamosPorFiltroContable
FNDA:10,(anonymous_8)
FNDA:2,mensajePrestamosVaciosContable
DA:7,2
DA:18,0
DA:19,0
DA:20,0
DA:22,2
DA:33,2
DA:35,2
DA:38,11
DA:41,2
DA:48,1
DA:49,1
DA:50,0
DA:51,0
DA:52,0
DA:53,0
DA:57,2
DA:62,0
DA:63,0
DA:65,0
DA:66,0
DA:67,0
DA:69,0
DA:71,0
DA:72,0
DA:73,0
DA:74,0
DA:76,0
DA:79,2
DA:86,5
DA:87,10
DA:95,2
DA:102,2
DA:103,2
DA:104,2
DA:105,1
DA:106,0
DA:108,1
DA:109,1
DA:110,0
DA:112,1
DA:113,1
DA:114,1
DA:115,1
DA:117,0
DA:118,0
LF:45
LH:23
BRDA:18,0,0,0
BRDA:18,0,1,0
BRDA:20,1,0,0
BRDA:20,1,1,0
BRDA:45,2,0,1
BRDA:49,3,0,1
BRDA:49,3,1,0
BRDA:50,4,0,0
BRDA:50,4,1,0
BRDA:52,5,0,0
BRDA:52,5,1,0
BRDA:60,6,0,0
BRDA:63,7,0,0
BRDA:63,7,1,0
BRDA:67,8,0,0
BRDA:67,8,1,0
BRDA:69,9,0,0
BRDA:69,9,1,0
BRDA:69,10,0,0
BRDA:69,10,1,0
BRDA:70,11,0,0
BRDA:70,11,1,0
BRDA:71,12,0,0
BRDA:71,12,1,0
BRDA:72,13,0,0
BRDA:72,13,1,0
BRDA:74,14,0,0
BRDA:74,14,1,0
BRDA:83,15,0,3
BRDA:102,16,0,0
BRDA:102,16,1,2
BRDA:103,17,0,0
BRDA:103,17,1,2
BRDA:104,18,0,1
BRDA:104,18,1,1
BRDA:105,19,0,0
BRDA:105,19,1,1
BRDA:105,20,0,1
BRDA:105,20,1,0
BRDA:108,21,0,0
BRDA:108,21,1,1
BRDA:109,22,0,0
BRDA:109,22,1,1
BRDA:112,23,0,0
BRDA:112,23,1,1
BRDA:113,24,0,0
BRDA:113,24,1,1
BRDA:114,25,0,1
BRDA:114,25,1,0
BRDA:117,26,0,0
BRDA:117,26,1,0
BRF:51
BRH:14
end_of_record
TN:
SF:src\lib\ruta-dia-prioridad.ts
FN:9,calcularDiasVencidos
FN:17,calcularPrioridadCobro
FN:32,tieneAlertaAlta
FN:36,tieneAlertaNoPagoInformativa
FNF:4
FNH:4
FNDA:3,calcularDiasVencidos
FNDA:6,calcularPrioridadCobro
FNDA:2,tieneAlertaAlta
FNDA:2,tieneAlertaNoPagoInformativa
DA:7,1
DA:9,1
DA:10,3
DA:11,2
DA:12,2
DA:13,2
DA:14,2
DA:17,1
DA:21,6
DA:22,4
DA:23,2
DA:24,2
DA:25,2
DA:26,2
DA:27,2
DA:28,0
DA:29,0
DA:32,1
DA:33,2
DA:36,1
DA:37,2
LF:21
LH:19
BRDA:10,0,0,1
BRDA:10,0,1,2
BRDA:14,1,0,1
BRDA:14,1,1,1
BRDA:21,2,0,2
BRDA:21,2,1,4
BRDA:22,3,0,2
BRDA:22,3,1,2
BRDA:22,4,0,4
BRDA:22,4,1,2
BRDA:23,5,0,0
BRDA:23,5,1,2
BRDA:27,6,0,2
BRDA:27,6,1,0
BRDA:28,7,0,0
BRDA:28,7,1,0
BRDA:37,8,0,2
BRDA:37,8,1,2
BRF:18
BRH:14
end_of_record
TN:
SF:src\lib\ruta-financiera-admin.ts
FN:27,(anonymous_7)
FN:28,(anonymous_8)
FN:29,(anonymous_9)
FN:31,(anonymous_10)
FN:33,(anonymous_11)
FN:35,(anonymous_12)
FN:42,registrarPrestamoEnRuta
FN:104,descontarCajaRutaAdmin
FN:122,(anonymous_17)
FN:122,(anonymous_18)
FN:176,mapDesembolsoPrestamoDesdeCajaEmpleadoError
FN:196,applyDesembolsoPrestamoDesdeCajaEmpleadoEnTx
FN:252,registrarPrestamoDesdeCajaEmpleado
FN:274,(anonymous_23)
FN:274,(anonymous_24)
FNF:15
FNH:2
FNDA:43,(anonymous_7)
FNDA:7,(anonymous_8)
FNDA:0,(anonymous_9)
FNDA:0,(anonymous_10)
FNDA:0,(anonymous_11)
FNDA:0,(anonymous_12)
FNDA:0,registrarPrestamoEnRuta
FNDA:0,descontarCajaRutaAdmin
FNDA:0,(anonymous_17)
FNDA:0,(anonymous_18)
FNDA:0,mapDesembolsoPrestamoDesdeCajaEmpleadoError
FNDA:0,applyDesembolsoPrestamoDesdeCajaEmpleadoEnTx
FNDA:0,registrarPrestamoDesdeCajaEmpleado
FNDA:0,(anonymous_23)
FNDA:0,(anonymous_24)
DA:6,1
DA:13,1
DA:18,1
DA:19,1
DA:20,1
DA:26,1
DA:27,44
DA:28,8
DA:29,1
DA:31,1
DA:33,1
DA:35,1
DA:42,1
DA:48,0
DA:49,0
DA:51,0
DA:57,0
DA:58,0
DA:60,0
DA:61,0
DA:62,0
DA:63,0
DA:64,0
DA:65,0
DA:72,0
DA:74,0
DA:75,0
DA:77,0
DA:83,0
DA:84,0
DA:87,0
DA:94,0
DA:95,0
DA:96,0
DA:104,1
DA:111,0
DA:112,0
DA:113,0
DA:116,0
DA:122,0
DA:123,0
DA:124,0
DA:126,0
DA:127,0
DA:128,0
DA:131,0
DA:133,0
DA:134,0
DA:135,0
DA:136,0
DA:138,0
DA:139,0
DA:142,0
DA:143,0
DA:150,0
DA:157,0
DA:160,0
DA:161,0
DA:162,0
DA:165,0
DA:176,1
DA:177,0
DA:178,0
DA:179,0
DA:180,0
DA:181,0
DA:183,0
DA:184,0
DA:186,0
DA:187,0
DA:189,0
DA:196,1
DA:207,0
DA:209,0
DA:210,0
DA:212,0
DA:213,0
DA:215,0
DA:217,0
DA:218,0
DA:219,0
DA:220,0
DA:221,0
DA:223,0
DA:232,0
DA:237,0
DA:245,0
DA:252,1
DA:259,0
DA:260,0
DA:262,0
DA:267,0
DA:273,0
DA:274,0
DA:275,0
DA:276,0
DA:280,0
DA:290,0
DA:291,0
DA:294,0
DA:295,0
DA:296,0
LF:102
LH:17
BRDA:48,0,0,0
BRDA:48,0,1,0
BRDA:48,1,0,0
BRDA:48,1,1,0
BRDA:49,2,0,0
BRDA:49,2,1,0
BRDA:58,3,0,0
BRDA:58,3,1,0
BRDA:61,4,0,0
BRDA:61,4,1,0
BRDA:62,5,0,0
BRDA:62,5,1,0
BRDA:63,6,0,0
BRDA:63,6,1,0
BRDA:64,7,0,0
BRDA:64,7,1,0
BRDA:72,8,0,0
BRDA:72,8,1,0
BRDA:83,9,0,0
BRDA:83,9,1,0
BRDA:95,10,0,0
BRDA:95,10,1,0
BRDA:111,11,0,0
BRDA:111,11,1,0
BRDA:111,12,0,0
BRDA:111,12,1,0
BRDA:111,12,2,0
BRDA:112,13,0,0
BRDA:112,13,1,0
BRDA:112,14,0,0
BRDA:112,14,1,0
BRDA:124,15,0,0
BRDA:124,15,1,0
BRDA:127,16,0,0
BRDA:127,16,1,0
BRDA:131,17,0,0
BRDA:131,17,1,0
BRDA:133,18,0,0
BRDA:133,18,1,0
BRDA:134,19,0,0
BRDA:134,19,1,0
BRDA:135,20,0,0
BRDA:135,20,1,0
BRDA:136,21,0,0
BRDA:136,21,1,0
BRDA:138,22,0,0
BRDA:138,22,1,0
BRDA:161,23,0,0
BRDA:161,23,1,0
BRDA:177,24,0,0
BRDA:177,24,1,0
BRDA:178,25,0,0
BRDA:178,25,1,0
BRDA:179,26,0,0
BRDA:179,26,1,0
BRDA:180,27,0,0
BRDA:180,27,1,0
BRDA:183,28,0,0
BRDA:183,28,1,0
BRDA:186,29,0,0
BRDA:186,29,1,0
BRDA:209,30,0,0
BRDA:209,30,1,0
BRDA:210,31,0,0
BRDA:210,31,1,0
BRDA:215,32,0,0
BRDA:215,32,1,0
BRDA:217,33,0,0
BRDA:217,33,1,0
BRDA:218,34,0,0
BRDA:218,34,1,0
BRDA:219,35,0,0
BRDA:219,35,1,0
BRDA:220,36,0,0
BRDA:220,36,1,0
BRDA:221,37,0,0
BRDA:221,37,1,0
BRDA:259,38,0,0
BRDA:259,38,1,0
BRDA:259,39,0,0
BRDA:259,39,1,0
BRDA:259,39,2,0
BRDA:260,40,0,0
BRDA:260,40,1,0
BRDA:290,41,0,0
BRDA:290,41,1,0
BRDA:295,42,0,0
BRDA:295,42,1,0
BRF:88
BRH:0
end_of_record
TN:
SF:src\lib\ruta-financiera-compute.ts
FN:7,round2
FN:12,snapPesoCOP
FN:25,splitMontoPagoEnCapitalYGanancia
FN:71,computeRutaCamposTrasCobroPrestamo
FN:133,computeRutaCamposTrasCobroPrestamoCobroEnEmpleado
FN:195,computeRutaCamposTrasPerdidaPrestamo
FN:262,computeSaldosTrasDesembolsoPrestamoDesdeCajaEmpleado
FNF:7
FNH:7
FNDA:253,round2
FNDA:44,snapPesoCOP
FNDA:20,splitMontoPagoEnCapitalYGanancia
FNDA:6,computeRutaCamposTrasCobroPrestamo
FNDA:6,computeRutaCamposTrasCobroPrestamoCobroEnEmpleado
FNDA:8,computeRutaCamposTrasPerdidaPrestamo
FNDA:3,computeSaldosTrasDesembolsoPrestamoDesdeCajaEmpleado
DA:5,2
DA:7,2
DA:8,253
DA:12,2
DA:13,44
DA:14,44
DA:15,24
DA:25,2
DA:31,20
DA:32,18
DA:33,0
DA:36,18
DA:37,18
DA:38,3
DA:41,15
DA:42,3
DA:43,3
DA:44,3
DA:47,3
DA:50,3
DA:51,3
DA:52,3
DA:55,12
DA:56,12
DA:57,12
DA:58,12
DA:71,2
DA:78,6
DA:80,6
DA:81,6
DA:82,6
DA:83,6
DA:86,6
DA:93,6
DA:94,6
DA:95,6
DA:97,6
DA:98,6
DA:99,6
DA:100,6
DA:107,6
DA:108,0
DA:111,6
DA:133,2
DA:140,6
DA:142,6
DA:143,6
DA:144,6
DA:145,6
DA:148,6
DA:155,6
DA:156,6
DA:157,6
DA:159,6
DA:160,6
DA:161,6
DA:162,6
DA:169,6
DA:170,1
DA:173,5
DA:195,2
DA:202,8
DA:203,1
DA:205,7
DA:206,0
DA:208,7
DA:209,1
DA:212,6
DA:214,6
DA:215,6
DA:216,6
DA:217,6
DA:219,6
DA:220,6
DA:224,6
DA:225,3
DA:226,3
DA:227,3
DA:228,3
DA:229,3
DA:230,3
DA:232,3
DA:233,3
DA:234,3
DA:237,6
DA:243,6
DA:262,2
DA:270,3
DA:272,3
DA:273,2
DA:275,1
DA:282,1
DA:283,1
DA:284,1
DA:285,1
DA:292,1
DA:293,0
DA:296,1
LF:98
LH:94
BRDA:14,0,0,20
BRDA:14,0,1,24
BRDA:31,1,0,2
BRDA:31,1,1,18
BRDA:32,2,0,0
BRDA:32,2,1,18
BRDA:37,3,0,3
BRDA:37,3,1,15
BRDA:41,4,0,3
BRDA:41,4,1,12
BRDA:41,5,0,15
BRDA:41,5,1,3
BRDA:78,6,0,5
BRDA:78,6,1,1
BRDA:80,7,0,5
BRDA:80,7,1,1
BRDA:81,8,0,5
BRDA:81,8,1,1
BRDA:82,9,0,5
BRDA:82,9,1,1
BRDA:83,10,0,5
BRDA:83,10,1,1
BRDA:107,11,0,0
BRDA:107,11,1,6
BRDA:107,12,0,6
BRDA:107,12,1,6
BRDA:140,13,0,5
BRDA:140,13,1,1
BRDA:142,14,0,5
BRDA:142,14,1,1
BRDA:143,15,0,5
BRDA:143,15,1,1
BRDA:144,16,0,5
BRDA:144,16,1,1
BRDA:145,17,0,5
BRDA:145,17,1,1
BRDA:169,18,0,1
BRDA:169,18,1,5
BRDA:169,19,0,6
BRDA:169,19,1,5
BRDA:169,19,2,5
BRDA:202,20,0,1
BRDA:202,20,1,7
BRDA:205,21,0,0
BRDA:205,21,1,7
BRDA:205,22,0,7
BRDA:205,22,1,7
BRDA:208,23,0,1
BRDA:208,23,1,6
BRDA:208,24,0,7
BRDA:208,24,1,7
BRDA:212,25,0,6
BRDA:212,25,1,0
BRDA:214,26,0,6
BRDA:214,26,1,0
BRDA:215,27,0,6
BRDA:215,27,1,0
BRDA:216,28,0,6
BRDA:216,28,1,0
BRDA:217,29,0,6
BRDA:217,29,1,0
BRDA:224,30,0,3
BRDA:224,30,1,3
BRDA:234,31,0,1
BRDA:234,31,1,2
BRDA:270,32,0,3
BRDA:272,33,0,1
BRDA:272,33,1,2
BRDA:273,34,0,1
BRDA:273,34,1,1
BRDA:292,35,0,0
BRDA:292,35,1,1
BRF:72
BRH:63
end_of_record
TN:
SF:src\lib\tu-caja-del-dia.ts
FN:6,tuCajaDelDiaFormula
FN:24,tuCajaEfectivoFormula
FN:42,tuCajaDelDiaDesdeTotales
FNF:3
FNH:3
FNDA:7,tuCajaDelDiaFormula
FNDA:5,tuCajaEfectivoFormula
FNDA:3,tuCajaDelDiaDesdeTotales
DA:6,1
DA:12,7
DA:24,1
DA:30,5
DA:42,1
DA:51,3
LF:6
LH:6
BRDA:10,0,0,0
BRDA:28,1,0,0
BRDA:55,2,0,3
BRDA:55,2,1,0
BRF:4
BRH:1
end_of_record
